TN:
SF:src/App.tsx
FN:115,getFeedbackStatusBadgeClass
FN:122,formatValue
FN:142,getPathValue
FN:143,(anonymous_3)
FN:146,getEmptyCopy
FN:153,getMessageSender
FN:157,getMessageType
FN:161,getMessageContent
FN:163,(anonymous_8)
FN:169,normalizePatientOption
FN:189,apiGet
FN:200,apiPost
FN:214,apiPatch
FN:228,CardsSection
FN:239,(anonymous_14)
FN:250,ChartSection
FN:261,(anonymous_16)
FN:272,GovernanceForm
FN:310,(anonymous_18)
FN:319,loadPatients
FN:336,(anonymous_20)
FN:337,(anonymous_21)
FN:338,(anonymous_22)
FN:345,(anonymous_23)
FN:349,(anonymous_24)
FN:361,(anonymous_25)
FN:365,applyPatient
FN:373,validate
FN:382,handleSubmit
FN:463,(anonymous_29)
FN:464,(anonymous_30)
FN:477,(anonymous_31)
FN:484,(anonymous_32)
FN:504,(anonymous_33)
FN:543,(anonymous_34)
FN:563,(anonymous_35)
FN:584,(anonymous_36)
FN:604,(anonymous_37)
FN:610,(anonymous_38)
FN:616,(anonymous_39)
FN:633,(anonymous_40)
FN:640,(anonymous_41)
FN:646,(anonymous_42)
FN:665,(anonymous_43)
FN:666,(anonymous_44)
FN:673,(anonymous_45)
FN:678,(anonymous_46)
FN:689,getAuditTransitionValue
FN:695,buildAuditSummary
FN:715,isActionableMessage
FN:728,ConversationDetailPage
FN:743,(anonymous_51)
FN:744,(anonymous_52)
FN:746,(anonymous_53)
FN:748,(anonymous_54)
FN:802,processMessageBusinessRouting
FN:837,(anonymous_56)
FN:886,processConversationBusinessRouting
FN:908,(anonymous_58)
FN:957,processMessageWithSpecificHandler
FN:993,(anonymous_60)
FN:1041,loadDetail
FN:1080,loadPatientDetail
FN:1137,loadMessages
FN:1171,generateInsight
FN:1180,(anonymous_65)
FN:1202,loadInsight
FN:1237,loadAudits
FN:1256,loadBusinessFeedback
FN:1276,loadPendingActions
FN:1296,loadActionHistory
FN:1316,updateSelectedActionStatus
FN:1329,(anonymous_72)
FN:1342,submitSelectedActionFeedback
FN:1357,(anonymous_74)
FN:1362,(anonymous_75)
FN:1426,reloadAll
FN:1439,(anonymous_77)
FN:1449,(anonymous_78)
FN:1455,(anonymous_79)
FN:1457,(anonymous_80)
FN:1470,(anonymous_81)
FN:1472,(anonymous_82)
FN:1481,(anonymous_83)
FN:1484,(anonymous_84)
FN:1497,(anonymous_85)
FN:1538,(anonymous_86)
FN:1540,(anonymous_87)
FN:1547,(anonymous_88)
FN:1548,(anonymous_89)
FN:1550,(anonymous_90)
FN:1551,(anonymous_91)
FN:1556,(anonymous_92)
FN:1569,(anonymous_93)
FN:1570,(anonymous_94)
FN:1571,(anonymous_95)
FN:1574,(anonymous_96)
FN:1579,(anonymous_97)
FN:1581,(anonymous_98)
FN:1582,(anonymous_99)
FN:1583,(anonymous_100)
FN:1584,(anonymous_101)
FN:1585,(anonymous_102)
FN:1586,(anonymous_103)
FN:1588,(anonymous_104)
FN:1623,(anonymous_105)
FN:1634,(anonymous_106)
FN:1635,(anonymous_107)
FN:1662,(anonymous_108)
FN:1727,(anonymous_109)
FN:1731,(anonymous_110)
FN:1739,(anonymous_111)
FN:1974,(anonymous_112)
FN:1988,(anonymous_113)
FN:1992,(anonymous_114)
FN:2055,(anonymous_115)
FN:2059,(anonymous_116)
FN:2063,(anonymous_117)
FN:2067,(anonymous_118)
FN:2096,PatientListPage
FN:2105,(anonymous_120)
FN:2107,(anonymous_121)
FN:2108,(anonymous_122)
FN:2150,(anonymous_123)
FN:2158,(anonymous_124)
FN:2177,App
FN:2178,(anonymous_126)
FN:2190,loadSampleData
FN:2221,loadDashboard
FN:2246,(anonymous_129)
FN:2255,(anonymous_130)
FN:2259,(anonymous_131)
FN:2266,(anonymous_132)
FN:2287,(anonymous_133)
FN:2288,(anonymous_134)
FN:2300,(anonymous_135)
FN:2312,(anonymous_136)
FN:2345,(anonymous_137)
FN:2354,(anonymous_138)
FN:2355,(anonymous_139)
FN:2363,(anonymous_140)
FN:2364,(anonymous_141)
FN:2365,(anonymous_142)
FN:2373,(anonymous_143)
FN:2389,(anonymous_144)
FNF:145
FNH:0
FNDA:0,getFeedbackStatusBadgeClass
FNDA:0,formatValue
FNDA:0,getPathValue
FNDA:0,(anonymous_3)
FNDA:0,getEmptyCopy
FNDA:0,getMessageSender
FNDA:0,getMessageType
FNDA:0,getMessageContent
FNDA:0,(anonymous_8)
FNDA:0,normalizePatientOption
FNDA:0,apiGet
FNDA:0,apiPost
FNDA:0,apiPatch
FNDA:0,CardsSection
FNDA:0,(anonymous_14)
FNDA:0,ChartSection
FNDA:0,(anonymous_16)
FNDA:0,GovernanceForm
FNDA:0,(anonymous_18)
FNDA:0,loadPatients
FNDA:0,(anonymous_20)
FNDA:0,(anonymous_21)
FNDA:0,(anonymous_22)
FNDA:0,(anonymous_23)
FNDA:0,(anonymous_24)
FNDA:0,(anonymous_25)
FNDA:0,applyPatient
FNDA:0,validate
FNDA:0,handleSubmit
FNDA:0,(anonymous_29)
FNDA:0,(anonymous_30)
FNDA:0,(anonymous_31)
FNDA:0,(anonymous_32)
FNDA:0,(anonymous_33)
FNDA:0,(anonymous_34)
FNDA:0,(anonymous_35)
FNDA:0,(anonymous_36)
FNDA:0,(anonymous_37)
FNDA:0,(anonymous_38)
FNDA:0,(anonymous_39)
FNDA:0,(anonymous_40)
FNDA:0,(anonymous_41)
FNDA:0,(anonymous_42)
FNDA:0,(anonymous_43)
FNDA:0,(anonymous_44)
FNDA:0,(anonymous_45)
FNDA:0,(anonymous_46)
FNDA:0,getAuditTransitionValue
FNDA:0,buildAuditSummary
FNDA:0,isActionableMessage
FNDA:0,ConversationDetailPage
FNDA:0,(anonymous_51)
FNDA:0,(anonymous_52)
FNDA:0,(anonymous_53)
FNDA:0,(anonymous_54)
FNDA:0,processMessageBusinessRouting
FNDA:0,(anonymous_56)
FNDA:0,processConversationBusinessRouting
FNDA:0,(anonymous_58)
FNDA:0,processMessageWithSpecificHandler
FNDA:0,(anonymous_60)
FNDA:0,loadDetail
FNDA:0,loadPatientDetail
FNDA:0,loadMessages
FNDA:0,generateInsight
FNDA:0,(anonymous_65)
FNDA:0,loadInsight
FNDA:0,loadAudits
FNDA:0,loadBusinessFeedback
FNDA:0,loadPendingActions
FNDA:0,loadActionHistory
FNDA:0,updateSelectedActionStatus
FNDA:0,(anonymous_72)
FNDA:0,submitSelectedActionFeedback
FNDA:0,(anonymous_74)
FNDA:0,(anonymous_75)
FNDA:0,reloadAll
FNDA:0,(anonymous_77)
FNDA:0,(anonymous_78)
FNDA:0,(anonymous_79)
FNDA:0,(anonymous_80)
FNDA:0,(anonymous_81)
FNDA:0,(anonymous_82)
FNDA:0,(anonymous_83)
FNDA:0,(anonymous_84)
FNDA:0,(anonymous_85)
FNDA:0,(anonymous_86)
FNDA:0,(anonymous_87)
FNDA:0,(anonymous_88)
FNDA:0,(anonymous_89)
FNDA:0,(anonymous_90)
FNDA:0,(anonymous_91)
FNDA:0,(anonymous_92)
FNDA:0,(anonymous_93)
FNDA:0,(anonymous_94)
FNDA:0,(anonymous_95)
FNDA:0,(anonymous_96)
FNDA:0,(anonymous_97)
FNDA:0,(anonymous_98)
FNDA:0,(anonymous_99)
FNDA:0,(anonymous_100)
FNDA:0,(anonymous_101)
FNDA:0,(anonymous_102)
FNDA:0,(anonymous_103)
FNDA:0,(anonymous_104)
FNDA:0,(anonymous_105)
FNDA:0,(anonymous_106)
FNDA:0,(anonymous_107)
FNDA:0,(anonymous_108)
FNDA:0,(anonymous_109)
FNDA:0,(anonymous_110)
FNDA:0,(anonymous_111)
FNDA:0,(anonymous_112)
FNDA:0,(anonymous_113)
FNDA:0,(anonymous_114)
FNDA:0,(anonymous_115)
FNDA:0,(anonymous_116)
FNDA:0,(anonymous_117)
FNDA:0,(anonymous_118)
FNDA:0,PatientListPage
FNDA:0,(anonymous_120)
FNDA:0,(anonymous_121)
FNDA:0,(anonymous_122)
FNDA:0,(anonymous_123)
FNDA:0,(anonymous_124)
FNDA:0,App
FNDA:0,(anonymous_126)
FNDA:0,loadSampleData
FNDA:0,loadDashboard
FNDA:0,(anonymous_129)
FNDA:0,(anonymous_130)
FNDA:0,(anonymous_131)
FNDA:0,(anonymous_132)
FNDA:0,(anonymous_133)
FNDA:0,(anonymous_134)
FNDA:0,(anonymous_135)
FNDA:0,(anonymous_136)
FNDA:0,(anonymous_137)
FNDA:0,(anonymous_138)
FNDA:0,(anonymous_139)
FNDA:0,(anonymous_140)
FNDA:0,(anonymous_141)
FNDA:0,(anonymous_142)
FNDA:0,(anonymous_143)
FNDA:0,(anonymous_144)
DA:52,0
DA:60,0
DA:68,0
DA:77,0
DA:98,0
DA:116,0
DA:117,0
DA:118,0
DA:119,0
DA:123,0
DA:124,0
DA:125,0
DA:126,0
DA:127,0
DA:128,0
DA:130,0
DA:131,0
DA:133,0
DA:134,0
DA:135,0
DA:137,0
DA:138,0
DA:139,0
DA:143,0
DA:147,0
DA:148,0
DA:149,0
DA:150,0
DA:154,0
DA:158,0
DA:162,0
DA:163,0
DA:164,0
DA:165,0
DA:166,0
DA:170,0
DA:171,0
DA:172,0
DA:190,0
DA:195,0
DA:196,0
DA:197,0
DA:201,0
DA:209,0
DA:210,0
DA:211,0
DA:215,0
DA:223,0
DA:224,0
DA:225,0
DA:229,0
DA:230,0
DA:240,0
DA:251,0
DA:252,0
DA:262,0
DA:296,0
DA:297,0
DA:298,0
DA:299,0
DA:300,0
DA:301,0
DA:302,0
DA:303,0
DA:304,0
DA:305,0
DA:306,0
DA:307,0
DA:308,0
DA:310,0
DA:312,0
DA:320,0
DA:321,0
DA:322,0
DA:323,0
DA:326,0
DA:327,0
DA:328,0
DA:329,0
DA:330,0
DA:335,0
DA:336,0
DA:337,0
DA:339,0
DA:340,0
DA:341,0
DA:344,0
DA:345,0
DA:346,0
DA:347,0
DA:348,0
DA:349,0
DA:355,0
DA:357,0
DA:361,0
DA:362,0
DA:366,0
DA:367,0
DA:369,0
DA:374,0
DA:375,0
DA:376,0
DA:377,0
DA:378,0
DA:379,0
DA:383,0
DA:384,0
DA:385,0
DA:386,0
DA:389,0
DA:390,0
DA:391,0
DA:394,0
DA:395,0
DA:396,0
DA:397,0
DA:398,0
DA:403,0
DA:404,0
DA:409,0
DA:410,0
DA:417,0
DA:422,0
DA:424,0
DA:426,0
DA:430,0
DA:464,0
DA:477,0
DA:485,0
DA:486,0
DA:488,0
DA:496,0
DA:503,0
DA:505,0
DA:506,0
DA:512,0
DA:517,0
DA:544,0
DA:545,0
DA:547,0
DA:555,0
DA:562,0
DA:564,0
DA:565,0
DA:566,0
DA:580,0
DA:581,0
DA:582,0
DA:583,0
DA:584,0
DA:604,0
DA:610,0
DA:616,0
DA:633,0
DA:640,0
DA:647,0
DA:665,0
DA:666,0
DA:673,0
DA:678,0
DA:690,0
DA:691,0
DA:692,0
DA:696,0
DA:697,0
DA:698,0
DA:699,0
DA:700,0
DA:701,0
DA:703,0
DA:704,0
DA:706,0
DA:707,0
DA:709,0
DA:710,0
DA:712,0
DA:716,0
DA:717,0
DA:718,0
DA:719,0
DA:720,0
DA:721,0
DA:722,0
DA:723,0
DA:724,0
DA:725,0
DA:743,0
DA:744,0
DA:745,0
DA:746,0
DA:748,0
DA:752,0
DA:753,0
DA:754,0
DA:755,0
DA:756,0
DA:757,0
DA:758,0
DA:759,0
DA:760,0
DA:761,0
DA:762,0
DA:763,0
DA:764,0
DA:765,0
DA:766,0
DA:767,0
DA:768,0
DA:769,0
DA:770,0
DA:771,0
DA:772,0
DA:773,0
DA:774,0
DA:775,0
DA:776,0
DA:777,0
DA:778,0
DA:779,0
DA:780,0
DA:781,0
DA:782,0
DA:783,0
DA:784,0
DA:785,0
DA:786,0
DA:787,0
DA:788,0
DA:789,0
DA:790,0
DA:791,0
DA:792,0
DA:793,0
DA:795,0
DA:796,0
DA:797,0
DA:798,0
DA:799,0
DA:805,0
DA:806,0
DA:807,0
DA:808,0
DA:810,0
DA:812,0
DA:837,0
DA:838,0
DA:841,0
DA:849,0
DA:852,0
DA:860,0
DA:863,0
DA:872,0
DA:875,0
DA:876,0
DA:879,0
DA:881,0
DA:889,0
DA:890,0
DA:891,0
DA:892,0
DA:894,0
DA:896,0
DA:908,0
DA:909,0
DA:912,0
DA:920,0
DA:923,0
DA:931,0
DA:934,0
DA:943,0
DA:946,0
DA:947,0
DA:950,0
DA:952,0
DA:960,0
DA:961,0
DA:962,0
DA:963,0
DA:965,0
DA:967,0
DA:993,0
DA:994,0
DA:997,0
DA:1005,0
DA:1008,0
DA:1016,0
DA:1019,0
DA:1028,0
DA:1031,0
DA:1032,0
DA:1035,0
DA:1037,0
DA:1042,0
DA:1044,0
DA:1057,0
DA:1058,0
DA:1059,0
DA:1062,0
DA:1063,0
DA:1064,0
DA:1065,0
DA:1068,0
DA:1069,0
DA:1070,0
DA:1071,0
DA:1072,0
DA:1074,0
DA:1076,0
DA:1081,0
DA:1083,0
DA:1085,0
DA:1107,0
DA:1108,0
DA:1109,0
DA:1112,0
DA:1113,0
DA:1114,0
DA:1115,0
DA:1118,0
DA:1119,0
DA:1120,0
DA:1121,0
DA:1124,0
DA:1125,0
DA:1126,0
DA:1127,0
DA:1128,0
DA:1130,0
DA:1131,0
DA:1133,0
DA:1138,0
DA:1140,0
DA:1147,0
DA:1148,0
DA:1149,0
DA:1152,0
DA:1153,0
DA:1154,0
DA:1155,0
DA:1158,0
DA:1159,0
DA:1160,0
DA:1161,0
DA:1162,0
DA:1163,0
DA:1165,0
DA:1167,0
DA:1172,0
DA:1174,0
DA:1175,0
DA:1176,0
DA:1178,0
DA:1180,0
DA:1181,0
DA:1189,0
DA:1192,0
DA:1193,0
DA:1196,0
DA:1198,0
DA:1203,0
DA:1204,0
DA:1205,0
DA:1206,0
DA:1210,0
DA:1211,0
DA:1219,0
DA:1220,0
DA:1221,0
DA:1224,0
DA:1225,0
DA:1226,0
DA:1227,0
DA:1228,0
DA:1230,0
DA:1231,0
DA:1233,0
DA:1238,0
DA:1239,0
DA:1240,0
DA:1241,0
DA:1244,0
DA:1245,0
DA:1246,0
DA:1247,0
DA:1248,0
DA:1250,0
DA:1252,0
DA:1257,0
DA:1259,0
DA:1260,0
DA:1263,0
DA:1264,0
DA:1265,0
DA:1266,0
DA:1267,0
DA:1269,0
DA:1270,0
DA:1272,0
DA:1277,0
DA:1278,0
DA:1279,0
DA:1280,0
DA:1283,0
DA:1284,0
DA:1285,0
DA:1286,0
DA:1287,0
DA:1289,0
DA:1290,0
DA:1292,0
DA:1297,0
DA:1298,0
DA:1299,0
DA:1300,0
DA:1303,0
DA:1304,0
DA:1305,0
DA:1306,0
DA:1307,0
DA:1309,0
DA:1310,0
DA:1312,0
DA:1317,0
DA:1318,0
DA:1319,0
DA:1320,0
DA:1321,0
DA:1322,0
DA:1330,0
DA:1331,0
DA:1333,0
DA:1334,0
DA:1336,0
DA:1338,0
DA:1343,0
DA:1345,0
DA:1346,0
DA:1347,0
DA:1348,0
DA:1351,0
DA:1352,0
DA:1353,0
DA:1354,0
DA:1356,0
DA:1357,0
DA:1361,0
DA:1362,0
DA:1364,0
DA:1369,0
DA:1372,0
DA:1375,0
DA:1378,0
DA:1380,0
DA:1392,0
DA:1400,0
DA:1411,0
DA:1412,0
DA:1413,0
DA:1414,0
DA:1415,0
DA:1416,0
DA:1417,0
DA:1418,0
DA:1420,0
DA:1422,0
DA:1427,0
DA:1439,0
DA:1440,0
DA:1441,0
DA:1442,0
DA:1443,0
DA:1444,0
DA:1445,0
DA:1446,0
DA:1449,0
DA:1450,0
DA:1453,0
DA:1456,0
DA:1457,0
DA:1458,0
DA:1462,0
DA:1463,0
DA:1465,0
DA:1470,0
DA:1471,0
DA:1472,0
DA:1473,0
DA:1477,0
DA:1480,0
DA:1482,0
DA:1483,0
DA:1484,0
DA:1485,0
DA:1489,0
DA:1490,0
DA:1491,0
DA:1492,0
DA:1493,0
DA:1494,0
DA:1495,0
DA:1498,0
DA:1499,0
DA:1500,0
DA:1504,0
DA:1505,0
DA:1506,0
DA:1507,0
DA:1508,0
DA:1509,0
DA:1510,0
DA:1511,0
DA:1512,0
DA:1513,0
DA:1514,0
DA:1515,0
DA:1521,0
DA:1526,0
DA:1533,0
DA:1538,0
DA:1540,0
DA:1541,0
DA:1542,0
DA:1543,0
DA:1546,0
DA:1547,0
DA:1548,0
DA:1549,0
DA:1550,0
DA:1551,0
DA:1552,0
DA:1555,0
DA:1556,0
DA:1557,0
DA:1558,0
DA:1559,0
DA:1561,0
DA:1566,0
DA:1569,0
DA:1570,0
DA:1571,0
DA:1574,0
DA:1579,0
DA:1580,0
DA:1581,0
DA:1582,0
DA:1583,0
DA:1584,0
DA:1585,0
DA:1586,0
DA:1587,0
DA:1588,0
DA:1589,0
DA:1590,0
DA:1591,0
DA:1592,0
DA:1599,0
DA:1615,0
DA:1623,0
DA:1624,0
DA:1625,0
DA:1626,0
DA:1627,0
DA:1628,0
DA:1629,0
DA:1631,0
DA:1632,0
DA:1633,0
DA:1634,0
DA:1635,0
DA:1638,0
DA:1644,0
DA:1662,0
DA:1727,0
DA:1731,0
DA:1739,0
DA:1974,0
DA:1989,0
DA:1990,0
DA:1993,0
DA:1994,0
DA:2055,0
DA:2059,0
DA:2063,0
DA:2067,0
DA:2105,0
DA:2106,0
DA:2107,0
DA:2108,0
DA:2109,0
DA:2110,0
DA:2111,0
DA:2112,0
DA:2118,0
DA:2128,0
DA:2151,0
DA:2158,0
DA:2178,0
DA:2179,0
DA:2180,0
DA:2181,0
DA:2182,0
DA:2183,0
DA:2184,0
DA:2185,0
DA:2186,0
DA:2187,0
DA:2191,0
DA:2192,0
DA:2193,0
DA:2194,0
DA:2195,0
DA:2196,0
DA:2197,0
DA:2199,0
DA:2200,0
DA:2205,0
DA:2206,0
DA:2207,0
DA:2209,0
DA:2210,0
DA:2211,0
DA:2212,0
DA:2213,0
DA:2215,0
DA:2217,0
DA:2222,0
DA:2223,0
DA:2224,0
DA:2225,0
DA:2228,0
DA:2229,0
DA:2230,0
DA:2233,0
DA:2234,0
DA:2235,0
DA:2236,0
DA:2237,0
DA:2239,0
DA:2241,0
DA:2246,0
DA:2247,0
DA:2248,0
DA:2249,0
DA:2250,0
DA:2251,0
DA:2252,0
DA:2255,0
DA:2256,0
DA:2259,0
DA:2260,0
DA:2263,0
DA:2266,0
DA:2267,0
DA:2268,0
DA:2269,0
DA:2270,0
DA:2271,0
DA:2272,0
DA:2273,0
DA:2274,0
DA:2279,0
DA:2280,0
DA:2287,0
DA:2288,0
DA:2294,0
DA:2295,0
DA:2300,0
DA:2306,0
DA:2307,0
DA:2312,0
DA:2318,0
DA:2345,0
DA:2355,0
DA:2363,0
DA:2364,0
DA:2365,0
DA:2373,0
DA:2390,0
DA:2391,0
LF:679
LH:0
BRDA:116,0,0,0
BRDA:117,1,0,0
BRDA:118,2,0,0
BRDA:123,3,0,0
BRDA:124,4,0,0
BRDA:125,5,0,0
BRDA:126,6,0,0
BRDA:127,7,0,0
BRDA:127,8,0,0
BRDA:127,8,1,0
BRDA:127,8,2,0
BRDA:130,9,0,0
BRDA:130,10,0,0
BRDA:130,10,1,0
BRDA:130,10,2,0
BRDA:133,11,0,0
BRDA:133,12,0,0
BRDA:133,12,1,0
BRDA:135,13,0,0
BRDA:135,13,1,0
BRDA:137,14,0,0
BRDA:137,15,0,0
BRDA:137,15,1,0
BRDA:138,16,0,0
BRDA:143,17,0,0
BRDA:143,17,1,0
BRDA:147,18,0,0
BRDA:148,19,0,0
BRDA:149,20,0,0
BRDA:154,21,0,0
BRDA:154,21,1,0
BRDA:154,21,2,0
BRDA:154,21,3,0
BRDA:154,21,4,0
BRDA:158,22,0,0
BRDA:158,22,1,0
BRDA:158,22,2,0
BRDA:158,22,3,0
BRDA:163,23,0,0
BRDA:163,23,1,0
BRDA:164,24,0,0
BRDA:165,25,0,0
BRDA:165,26,0,0
BRDA:165,26,1,0
BRDA:170,27,0,0
BRDA:170,27,1,0
BRDA:171,28,0,0
BRDA:171,28,1,0
BRDA:171,29,0,0
BRDA:171,29,1,0
BRDA:173,30,0,0
BRDA:173,30,1,0
BRDA:173,30,2,0
BRDA:174,31,0,0
BRDA:174,31,1,0
BRDA:174,31,2,0
BRDA:174,31,3,0
BRDA:174,31,4,0
BRDA:175,32,0,0
BRDA:175,32,1,0
BRDA:175,33,0,0
BRDA:175,33,1,0
BRDA:176,34,0,0
BRDA:176,34,1,0
BRDA:177,35,0,0
BRDA:177,35,1,0
BRDA:178,36,0,0
BRDA:178,36,1,0
BRDA:179,37,0,0
BRDA:179,37,1,0
BRDA:180,38,0,0
BRDA:180,38,1,0
BRDA:181,39,0,0
BRDA:181,39,1,0
BRDA:183,40,0,0
BRDA:183,40,1,0
BRDA:184,41,0,0
BRDA:184,41,1,0
BRDA:185,42,0,0
BRDA:185,42,1,0
BRDA:196,43,0,0
BRDA:196,44,0,0
BRDA:196,44,1,0
BRDA:196,45,0,0
BRDA:196,45,1,0
BRDA:210,46,0,0
BRDA:210,47,0,0
BRDA:210,47,1,0
BRDA:210,48,0,0
BRDA:210,48,1,0
BRDA:224,49,0,0
BRDA:224,50,0,0
BRDA:224,50,1,0
BRDA:224,51,0,0
BRDA:224,51,1,0
BRDA:239,52,0,0
BRDA:239,52,1,0
BRDA:242,53,0,0
BRDA:242,53,1,0
BRDA:251,54,0,0
BRDA:251,54,1,0
BRDA:257,55,0,0
BRDA:257,55,1,0
BRDA:261,56,0,0
BRDA:261,56,1,0
BRDA:263,57,0,0
BRDA:263,57,1,0
BRDA:263,58,0,0
BRDA:263,58,1,0
BRDA:264,59,0,0
BRDA:264,59,1,0
BRDA:310,60,0,0
BRDA:310,60,1,0
BRDA:319,61,0,0
BRDA:320,62,0,0
BRDA:320,63,0,0
BRDA:320,63,1,0
BRDA:330,64,0,0
BRDA:330,64,1,0
BRDA:332,65,0,0
BRDA:332,65,1,0
BRDA:332,66,0,0
BRDA:332,66,1,0
BRDA:332,66,2,0
BRDA:339,67,0,0
BRDA:340,68,0,0
BRDA:340,68,1,0
BRDA:340,69,0,0
BRDA:340,69,1,0
BRDA:340,70,0,0
BRDA:340,70,1,0
BRDA:340,71,0,0
BRDA:340,71,1,0
BRDA:340,72,0,0
BRDA:340,72,1,0
BRDA:346,73,0,0
BRDA:355,74,0,0
BRDA:355,74,1,0
BRDA:366,75,0,0
BRDA:366,75,1,0
BRDA:374,76,0,0
BRDA:375,77,0,0
BRDA:376,78,0,0
BRDA:376,79,0,0
BRDA:376,79,1,0
BRDA:376,79,2,0
BRDA:377,80,0,0
BRDA:377,81,0,0
BRDA:377,81,1,0
BRDA:378,82,0,0
BRDA:384,83,0,0
BRDA:389,84,0,0
BRDA:397,85,0,0
BRDA:397,85,1,0
BRDA:403,86,0,0
BRDA:403,86,1,0
BRDA:409,87,0,0
BRDA:409,87,1,0
BRDA:424,88,0,0
BRDA:424,88,1,0
BRDA:447,89,0,0
BRDA:447,89,1,0
BRDA:447,90,0,0
BRDA:447,90,1,0
BRDA:464,91,0,0
BRDA:464,91,1,0
BRDA:473,92,0,0
BRDA:473,92,1,0
BRDA:473,92,2,0
BRDA:473,92,3,0
BRDA:479,93,0,0
BRDA:479,93,1,0
BRDA:480,94,0,0
BRDA:480,94,1,0
BRDA:481,95,0,0
BRDA:481,95,1,0
BRDA:485,96,0,0
BRDA:485,96,1,0
BRDA:486,97,0,0
BRDA:486,97,1,0
BRDA:488,98,0,0
BRDA:488,98,1,0
BRDA:488,99,0,0
BRDA:488,99,1,0
BRDA:489,100,0,0
BRDA:489,100,1,0
BRDA:489,101,0,0
BRDA:489,101,1,0
BRDA:490,102,0,0
BRDA:490,102,1,0
BRDA:491,103,0,0
BRDA:491,103,1,0
BRDA:492,104,0,0
BRDA:492,104,1,0
BRDA:493,105,0,0
BRDA:493,105,1,0
BRDA:496,106,0,0
BRDA:496,106,1,0
BRDA:496,107,0,0
BRDA:496,107,1,0
BRDA:497,108,0,0
BRDA:497,108,1,0
BRDA:497,109,0,0
BRDA:497,109,1,0
BRDA:498,110,0,0
BRDA:498,110,1,0
BRDA:499,111,0,0
BRDA:499,111,1,0
BRDA:500,112,0,0
BRDA:500,112,1,0
BRDA:501,113,0,0
BRDA:501,113,1,0
BRDA:505,114,0,0
BRDA:505,114,1,0
BRDA:506,115,0,0
BRDA:506,115,1,0
BRDA:507,116,0,0
BRDA:507,116,1,0
BRDA:507,117,0,0
BRDA:507,117,1,0
BRDA:508,118,0,0
BRDA:508,118,1,0
BRDA:508,119,0,0
BRDA:508,119,1,0
BRDA:509,120,0,0
BRDA:509,120,1,0
BRDA:510,121,0,0
BRDA:510,121,1,0
BRDA:512,122,0,0
BRDA:512,122,1,0
BRDA:512,123,0,0
BRDA:512,123,1,0
BRDA:514,124,0,0
BRDA:514,124,1,0
BRDA:514,125,0,0
BRDA:514,125,1,0
BRDA:518,126,0,0
BRDA:518,126,1,0
BRDA:520,127,0,0
BRDA:520,127,1,0
BRDA:544,128,0,0
BRDA:544,128,1,0
BRDA:545,129,0,0
BRDA:545,129,1,0
BRDA:547,130,0,0
BRDA:547,130,1,0
BRDA:547,131,0,0
BRDA:547,131,1,0
BRDA:548,132,0,0
BRDA:548,132,1,0
BRDA:548,133,0,0
BRDA:548,133,1,0
BRDA:549,134,0,0
BRDA:549,134,1,0
BRDA:550,135,0,0
BRDA:550,135,1,0
BRDA:551,136,0,0
BRDA:551,136,1,0
BRDA:552,137,0,0
BRDA:552,137,1,0
BRDA:555,138,0,0
BRDA:555,138,1,0
BRDA:555,139,0,0
BRDA:555,139,1,0
BRDA:556,140,0,0
BRDA:556,140,1,0
BRDA:556,141,0,0
BRDA:556,141,1,0
BRDA:557,142,0,0
BRDA:557,142,1,0
BRDA:558,143,0,0
BRDA:558,143,1,0
BRDA:559,144,0,0
BRDA:559,144,1,0
BRDA:560,145,0,0
BRDA:560,145,1,0
BRDA:564,146,0,0
BRDA:564,146,1,0
BRDA:565,147,0,0
BRDA:565,147,1,0
BRDA:568,148,0,0
BRDA:568,148,1,0
BRDA:568,149,0,0
BRDA:568,149,1,0
BRDA:569,150,0,0
BRDA:569,150,1,0
BRDA:569,151,0,0
BRDA:569,151,1,0
BRDA:572,152,0,0
BRDA:572,152,1,0
BRDA:573,153,0,0
BRDA:573,153,1,0
BRDA:576,154,0,0
BRDA:576,154,1,0
BRDA:577,155,0,0
BRDA:577,155,1,0
BRDA:582,156,0,0
BRDA:582,156,1,0
BRDA:582,156,2,0
BRDA:582,156,3,0
BRDA:584,157,0,0
BRDA:584,157,1,0
BRDA:584,158,0,0
BRDA:584,158,1,0
BRDA:584,159,0,0
BRDA:584,159,1,0
BRDA:587,160,0,0
BRDA:587,160,1,0
BRDA:588,161,0,0
BRDA:588,161,1,0
BRDA:589,162,0,0
BRDA:589,162,1,0
BRDA:589,162,2,0
BRDA:591,163,0,0
BRDA:591,163,1,0
BRDA:592,164,0,0
BRDA:592,164,1,0
BRDA:592,164,2,0
BRDA:592,165,0,0
BRDA:592,165,1,0
BRDA:592,166,0,0
BRDA:592,166,1,0
BRDA:593,167,0,0
BRDA:593,167,1,0
BRDA:593,167,2,0
BRDA:593,168,0,0
BRDA:593,168,1,0
BRDA:593,169,0,0
BRDA:593,169,1,0
BRDA:594,170,0,0
BRDA:594,170,1,0
BRDA:595,171,0,0
BRDA:595,171,1,0
BRDA:595,172,0,0
BRDA:595,172,1,0
BRDA:596,173,0,0
BRDA:596,173,1,0
BRDA:597,174,0,0
BRDA:597,174,1,0
BRDA:598,175,0,0
BRDA:598,175,1,0
BRDA:601,176,0,0
BRDA:601,176,1,0
BRDA:607,177,0,0
BRDA:607,177,1,0
BRDA:613,178,0,0
BRDA:613,178,1,0
BRDA:630,179,0,0
BRDA:630,179,1,0
BRDA:630,179,2,0
BRDA:637,180,0,0
BRDA:637,180,1,0
BRDA:644,181,0,0
BRDA:644,181,1,0
BRDA:649,182,0,0
BRDA:649,182,1,0
BRDA:650,183,0,0
BRDA:650,183,1,0
BRDA:650,183,2,0
BRDA:652,184,0,0
BRDA:652,184,1,0
BRDA:653,185,0,0
BRDA:653,185,1,0
BRDA:661,186,0,0
BRDA:661,186,1,0
BRDA:665,187,0,0
BRDA:665,187,1,0
BRDA:666,188,0,0
BRDA:666,188,1,0
BRDA:681,189,0,0
BRDA:681,189,1,0
BRDA:683,190,0,0
BRDA:683,190,1,0
BRDA:690,191,0,0
BRDA:691,192,0,0
BRDA:691,192,1,0
BRDA:691,193,0,0
BRDA:691,193,1,0
BRDA:692,194,0,0
BRDA:692,194,1,0
BRDA:692,194,2,0
BRDA:692,194,3,0
BRDA:692,195,0,0
BRDA:692,195,1,0
BRDA:692,196,0,0
BRDA:692,196,1,0
BRDA:696,197,0,0
BRDA:697,198,0,0
BRDA:697,198,1,0
BRDA:700,199,0,0
BRDA:703,200,0,0
BRDA:706,201,0,0
BRDA:706,202,0,0
BRDA:706,202,1,0
BRDA:709,203,0,0
BRDA:709,204,0,0
BRDA:709,204,1,0
BRDA:719,205,0,0
BRDA:719,206,0,0
BRDA:719,206,1,0
BRDA:719,206,2,0
BRDA:719,206,3,0
BRDA:720,207,0,0
BRDA:721,208,0,0
BRDA:722,209,0,0
BRDA:723,210,0,0
BRDA:724,211,0,0
BRDA:724,212,0,0
BRDA:724,212,1,0
BRDA:744,213,0,0
BRDA:744,213,1,0
BRDA:745,214,0,0
BRDA:745,214,1,0
BRDA:746,215,0,0
BRDA:746,215,1,0
BRDA:748,216,0,0
BRDA:748,216,1,0
BRDA:750,217,0,0
BRDA:750,217,1,0
BRDA:810,218,0,0
BRDA:810,218,1,0
BRDA:879,219,0,0
BRDA:879,219,1,0
BRDA:894,220,0,0
BRDA:894,220,1,0
BRDA:950,221,0,0
BRDA:950,221,1,0
BRDA:965,222,0,0
BRDA:965,222,1,0
BRDA:971,223,0,0
BRDA:971,223,1,0
BRDA:972,224,0,0
BRDA:972,224,1,0
BRDA:975,225,0,0
BRDA:975,225,1,0
BRDA:977,226,0,0
BRDA:977,226,1,0
BRDA:978,227,0,0
BRDA:978,227,1,0
BRDA:979,228,0,0
BRDA:979,228,1,0
BRDA:983,229,0,0
BRDA:983,229,1,0
BRDA:984,230,0,0
BRDA:984,230,1,0
BRDA:985,231,0,0
BRDA:985,231,1,0
BRDA:986,232,0,0
BRDA:986,232,1,0
BRDA:987,233,0,0
BRDA:987,233,1,0
BRDA:998,234,0,0
BRDA:998,234,1,0
BRDA:998,235,0,0
BRDA:998,235,1,0
BRDA:999,236,0,0
BRDA:999,236,1,0
BRDA:1000,237,0,0
BRDA:1000,237,1,0
BRDA:1001,238,0,0
BRDA:1001,238,1,0
BRDA:1009,239,0,0
BRDA:1009,239,1,0
BRDA:1010,240,0,0
BRDA:1010,240,1,0
BRDA:1011,241,0,0
BRDA:1011,241,1,0
BRDA:1012,242,0,0
BRDA:1012,242,1,0
BRDA:1013,243,0,0
BRDA:1013,243,1,0
BRDA:1021,244,0,0
BRDA:1021,244,1,0
BRDA:1021,245,0,0
BRDA:1021,245,1,0
BRDA:1022,246,0,0
BRDA:1022,246,1,0
BRDA:1023,247,0,0
BRDA:1023,247,1,0
BRDA:1024,248,0,0
BRDA:1024,248,1,0
BRDA:1024,249,0,0
BRDA:1024,249,1,0
BRDA:1025,250,0,0
BRDA:1025,250,1,0
BRDA:1035,251,0,0
BRDA:1035,251,1,0
BRDA:1042,252,0,0
BRDA:1046,253,0,0
BRDA:1046,253,1,0
BRDA:1047,254,0,0
BRDA:1047,254,1,0
BRDA:1048,255,0,0
BRDA:1048,255,1,0
BRDA:1050,256,0,0
BRDA:1050,256,1,0
BRDA:1051,257,0,0
BRDA:1051,257,1,0
BRDA:1062,258,0,0
BRDA:1074,259,0,0
BRDA:1074,259,1,0
BRDA:1081,260,0,0
BRDA:1081,260,1,0
BRDA:1081,260,2,0
BRDA:1081,260,3,0
BRDA:1083,261,0,0
BRDA:1086,262,0,0
BRDA:1086,262,1,0
BRDA:1087,263,0,0
BRDA:1087,263,1,0
BRDA:1088,264,0,0
BRDA:1088,264,1,0
BRDA:1089,265,0,0
BRDA:1089,265,1,0
BRDA:1090,266,0,0
BRDA:1090,266,1,0
BRDA:1091,267,0,0
BRDA:1091,267,1,0
BRDA:1093,268,0,0
BRDA:1093,268,1,0
BRDA:1095,269,0,0
BRDA:1095,269,1,0
BRDA:1102,270,0,0
BRDA:1102,270,1,0
BRDA:1103,271,0,0
BRDA:1103,271,1,0
BRDA:1112,272,0,0
BRDA:1112,273,0,0
BRDA:1112,273,1,0
BRDA:1118,274,0,0
BRDA:1128,275,0,0
BRDA:1128,275,1,0
BRDA:1131,276,0,0
BRDA:1131,276,1,0
BRDA:1138,277,0,0
BRDA:1152,278,0,0
BRDA:1162,279,0,0
BRDA:1162,279,1,0
BRDA:1165,280,0,0
BRDA:1165,280,1,0
BRDA:1172,281,0,0
BRDA:1178,282,0,0
BRDA:1178,282,1,0
BRDA:1196,283,0,0
BRDA:1196,283,1,0
BRDA:1203,284,0,0
BRDA:1210,285,0,0
BRDA:1228,286,0,0
BRDA:1228,286,1,0
BRDA:1231,287,0,0
BRDA:1231,287,1,0
BRDA:1238,288,0,0
BRDA:1238,289,0,0
BRDA:1238,289,1,0
BRDA:1248,290,0,0
BRDA:1248,290,1,0
BRDA:1250,291,0,0
BRDA:1250,291,1,0
BRDA:1257,292,0,0
BRDA:1257,293,0,0
BRDA:1257,293,1,0
BRDA:1267,294,0,0
BRDA:1267,294,1,0
BRDA:1270,295,0,0
BRDA:1270,295,1,0
BRDA:1277,296,0,0
BRDA:1277,297,0,0
BRDA:1277,297,1,0
BRDA:1287,298,0,0
BRDA:1287,298,1,0
BRDA:1290,299,0,0
BRDA:1290,299,1,0
BRDA:1297,300,0,0
BRDA:1297,301,0,0
BRDA:1297,301,1,0
BRDA:1307,302,0,0
BRDA:1307,302,1,0
BRDA:1310,303,0,0
BRDA:1310,303,1,0
BRDA:1317,304,0,0
BRDA:1317,305,0,0
BRDA:1317,305,1,0
BRDA:1317,305,2,0
BRDA:1331,306,0,0
BRDA:1331,307,0,0
BRDA:1331,307,1,0
BRDA:1331,308,0,0
BRDA:1331,308,1,0
BRDA:1336,309,0,0
BRDA:1336,309,1,0
BRDA:1343,310,0,0
BRDA:1345,311,0,0
BRDA:1345,311,1,0
BRDA:1345,311,2,0
BRDA:1345,311,3,0
BRDA:1345,311,4,0
BRDA:1345,311,5,0
BRDA:1346,312,0,0
BRDA:1357,313,0,0
BRDA:1357,313,1,0
BRDA:1361,314,0,0
BRDA:1361,314,1,0
BRDA:1362,315,0,0
BRDA:1362,315,1,0
BRDA:1362,315,2,0
BRDA:1362,316,0,0
BRDA:1362,316,1,0
BRDA:1365,317,0,0
BRDA:1365,317,1,0
BRDA:1365,317,2,0
BRDA:1365,317,3,0
BRDA:1365,317,4,0
BRDA:1367,318,0,0
BRDA:1367,318,1,0
BRDA:1367,318,2,0
BRDA:1369,319,0,0
BRDA:1369,319,1,0
BRDA:1372,320,0,0
BRDA:1372,320,1,0
BRDA:1373,321,0,0
BRDA:1373,321,1,0
BRDA:1375,322,0,0
BRDA:1375,322,1,0
BRDA:1378,323,0,0
BRDA:1378,323,1,0
BRDA:1378,323,2,0
BRDA:1382,324,0,0
BRDA:1382,324,1,0
BRDA:1383,325,0,0
BRDA:1383,325,1,0
BRDA:1385,326,0,0
BRDA:1385,326,1,0
BRDA:1389,327,0,0
BRDA:1389,327,1,0
BRDA:1392,328,0,0
BRDA:1392,328,1,0
BRDA:1396,329,0,0
BRDA:1396,329,1,0
BRDA:1406,330,0,0
BRDA:1406,330,1,0
BRDA:1420,331,0,0
BRDA:1420,331,1,0
BRDA:1458,332,0,0
BRDA:1458,332,1,0
BRDA:1458,332,2,0
BRDA:1459,333,0,0
BRDA:1459,333,1,0
BRDA:1459,334,0,0
BRDA:1459,334,1,0
BRDA:1462,335,0,0
BRDA:1463,336,0,0
BRDA:1463,336,1,0
BRDA:1463,336,2,0
BRDA:1473,337,0,0
BRDA:1473,337,1,0
BRDA:1473,337,2,0
BRDA:1474,338,0,0
BRDA:1474,338,1,0
BRDA:1474,339,0,0
BRDA:1474,339,1,0
BRDA:1482,340,0,0
BRDA:1482,341,0,0
BRDA:1482,341,1,0
BRDA:1485,342,0,0
BRDA:1485,342,1,0
BRDA:1485,342,2,0
BRDA:1486,343,0,0
BRDA:1486,343,1,0
BRDA:1486,344,0,0
BRDA:1486,344,1,0
BRDA:1489,345,0,0
BRDA:1490,346,0,0
BRDA:1492,347,0,0
BRDA:1493,348,0,0
BRDA:1494,349,0,0
BRDA:1498,350,0,0
BRDA:1498,350,1,0
BRDA:1498,351,0,0
BRDA:1498,351,1,0
BRDA:1499,352,0,0
BRDA:1499,352,1,0
BRDA:1499,353,0,0
BRDA:1499,353,1,0
BRDA:1500,354,0,0
BRDA:1500,354,1,0
BRDA:1504,355,0,0
BRDA:1504,355,1,0
BRDA:1505,356,0,0
BRDA:1505,356,1,0
BRDA:1506,357,0,0
BRDA:1506,357,1,0
BRDA:1507,358,0,0
BRDA:1507,358,1,0
BRDA:1507,358,2,0
BRDA:1508,359,0,0
BRDA:1508,359,1,0
BRDA:1509,360,0,0
BRDA:1509,360,1,0
BRDA:1510,361,0,0
BRDA:1510,361,1,0
BRDA:1511,362,0,0
BRDA:1511,362,1,0
BRDA:1512,363,0,0
BRDA:1512,363,1,0
BRDA:1513,364,0,0
BRDA:1513,364,1,0
BRDA:1514,365,0,0
BRDA:1514,365,1,0
BRDA:1516,366,0,0
BRDA:1516,366,1,0
BRDA:1516,366,2,0
BRDA:1516,366,3,0
BRDA:1521,367,0,0
BRDA:1521,367,1,0
BRDA:1523,368,0,0
BRDA:1523,368,1,0
BRDA:1526,369,0,0
BRDA:1526,369,1,0
BRDA:1529,370,0,0
BRDA:1529,370,1,0
BRDA:1530,371,0,0
BRDA:1530,371,1,0
BRDA:1531,372,0,0
BRDA:1531,372,1,0
BRDA:1533,373,0,0
BRDA:1533,373,1,0
BRDA:1535,374,0,0
BRDA:1535,374,1,0
BRDA:1537,375,0,0
BRDA:1537,375,1,0
BRDA:1538,376,0,0
BRDA:1538,376,1,0
BRDA:1538,376,2,0
BRDA:1540,377,0,0
BRDA:1540,377,1,0
BRDA:1540,378,0,0
BRDA:1540,378,1,0
BRDA:1541,379,0,0
BRDA:1541,379,1,0
BRDA:1542,380,0,0
BRDA:1542,380,1,0
BRDA:1542,380,2,0
BRDA:1542,381,0,0
BRDA:1542,381,1,0
BRDA:1542,382,0,0
BRDA:1542,382,1,0
BRDA:1543,383,0,0
BRDA:1543,383,1,0
BRDA:1544,384,0,0
BRDA:1544,384,1,0
BRDA:1544,385,0,0
BRDA:1544,385,1,0
BRDA:1546,386,0,0
BRDA:1546,386,1,0
BRDA:1549,387,0,0
BRDA:1549,387,1,0
BRDA:1552,388,0,0
BRDA:1552,388,1,0
BRDA:1553,389,0,0
BRDA:1553,389,1,0
BRDA:1555,390,0,0
BRDA:1555,390,1,0
BRDA:1555,390,2,0
BRDA:1556,391,0,0
BRDA:1556,391,1,0
BRDA:1556,391,2,0
BRDA:1557,392,0,0
BRDA:1557,392,1,0
BRDA:1557,392,2,0
BRDA:1558,393,0,0
BRDA:1558,394,0,0
BRDA:1558,394,1,0
BRDA:1559,395,0,0
BRDA:1559,395,1,0
BRDA:1559,395,2,0
BRDA:1559,396,0,0
BRDA:1559,396,1,0
BRDA:1561,397,0,0
BRDA:1561,397,1,0
BRDA:1561,398,0,0
BRDA:1561,398,1,0
BRDA:1563,399,0,0
BRDA:1563,399,1,0
BRDA:1568,400,0,0
BRDA:1568,400,1,0
BRDA:1569,401,0,0
BRDA:1569,401,1,0
BRDA:1570,402,0,0
BRDA:1570,402,1,0
BRDA:1571,403,0,0
BRDA:1571,403,1,0
BRDA:1573,404,0,0
BRDA:1573,404,1,0
BRDA:1574,405,0,0
BRDA:1574,405,1,0
BRDA:1575,406,0,0
BRDA:1575,406,1,0
BRDA:1586,407,0,0
BRDA:1586,407,1,0
BRDA:1588,408,0,0
BRDA:1588,408,1,0
BRDA:1589,409,0,0
BRDA:1589,409,1,0
BRDA:1592,410,0,0
BRDA:1592,410,1,0
BRDA:1594,411,0,0
BRDA:1594,411,1,0
BRDA:1596,412,0,0
BRDA:1596,412,1,0
BRDA:1608,413,0,0
BRDA:1608,413,1,0
BRDA:1616,414,0,0
BRDA:1616,414,1,0
BRDA:1616,414,2,0
BRDA:1616,414,3,0
BRDA:1617,415,0,0
BRDA:1617,415,1,0
BRDA:1617,415,2,0
BRDA:1617,415,3,0
BRDA:1617,415,4,0
BRDA:1618,416,0,0
BRDA:1618,416,1,0
BRDA:1618,416,2,0
BRDA:1618,416,3,0
BRDA:1619,417,0,0
BRDA:1619,417,1,0
BRDA:1620,418,0,0
BRDA:1620,418,1,0
BRDA:1620,418,2,0
BRDA:1620,418,3,0
BRDA:1631,419,0,0
BRDA:1631,419,1,0
BRDA:1631,419,2,0
BRDA:1631,419,3,0
BRDA:1631,419,4,0
BRDA:1633,420,0,0
BRDA:1633,420,1,0
BRDA:1634,421,0,0
BRDA:1634,421,1,0
BRDA:1635,422,0,0
BRDA:1635,422,1,0
BRDA:1636,423,0,0
BRDA:1636,423,1,0
BRDA:1636,424,0,0
BRDA:1636,424,1,0
BRDA:1636,424,2,0
BRDA:1638,425,0,0
BRDA:1638,425,1,0
BRDA:1639,426,0,0
BRDA:1639,426,1,0
BRDA:1640,427,0,0
BRDA:1640,427,1,0
BRDA:1641,428,0,0
BRDA:1641,428,1,0
BRDA:1662,429,0,0
BRDA:1662,429,1,0
BRDA:1663,430,0,0
BRDA:1663,430,1,0
BRDA:1666,431,0,0
BRDA:1666,431,1,0
BRDA:1667,432,0,0
BRDA:1667,432,1,0
BRDA:1668,433,0,0
BRDA:1668,433,1,0
BRDA:1672,434,0,0
BRDA:1672,434,1,0
BRDA:1672,435,0,0
BRDA:1672,435,1,0
BRDA:1672,435,2,0
BRDA:1672,435,3,0
BRDA:1672,435,4,0
BRDA:1672,436,0,0
BRDA:1672,436,1,0
BRDA:1672,436,2,0
BRDA:1672,436,3,0
BRDA:1672,436,4,0
BRDA:1672,437,0,0
BRDA:1672,437,1,0
BRDA:1672,438,0,0
BRDA:1672,438,1,0
BRDA:1672,439,0,0
BRDA:1672,439,1,0
BRDA:1672,440,0,0
BRDA:1672,440,1,0
BRDA:1672,440,2,0
BRDA:1676,441,0,0
BRDA:1676,441,1,0
BRDA:1676,441,2,0
BRDA:1676,441,3,0
BRDA:1677,442,0,0
BRDA:1677,442,1,0
BRDA:1677,443,0,0
BRDA:1677,443,1,0
BRDA:1677,443,2,0
BRDA:1678,444,0,0
BRDA:1678,444,1,0
BRDA:1678,445,0,0
BRDA:1678,445,1,0
BRDA:1683,446,0,0
BRDA:1683,446,1,0
BRDA:1683,447,0,0
BRDA:1683,447,1,0
BRDA:1683,448,0,0
BRDA:1683,448,1,0
BRDA:1684,449,0,0
BRDA:1684,449,1,0
BRDA:1684,450,0,0
BRDA:1684,450,1,0
BRDA:1685,451,0,0
BRDA:1685,451,1,0
BRDA:1685,452,0,0
BRDA:1685,452,1,0
BRDA:1690,453,0,0
BRDA:1690,453,1,0
BRDA:1690,454,0,0
BRDA:1690,454,1,0
BRDA:1690,455,0,0
BRDA:1690,455,1,0
BRDA:1691,456,0,0
BRDA:1691,456,1,0
BRDA:1695,457,0,0
BRDA:1695,457,1,0
BRDA:1695,458,0,0
BRDA:1695,458,1,0
BRDA:1696,459,0,0
BRDA:1696,459,1,0
BRDA:1696,460,0,0
BRDA:1696,460,1,0
BRDA:1697,461,0,0
BRDA:1697,461,1,0
BRDA:1697,462,0,0
BRDA:1697,462,1,0
BRDA:1704,463,0,0
BRDA:1704,463,1,0
BRDA:1705,464,0,0
BRDA:1705,464,1,0
BRDA:1705,465,0,0
BRDA:1705,465,1,0
BRDA:1718,466,0,0
BRDA:1718,466,1,0
BRDA:1719,467,0,0
BRDA:1719,467,1,0
BRDA:1723,468,0,0
BRDA:1723,468,1,0
BRDA:1723,469,0,0
BRDA:1723,469,1,0
BRDA:1723,469,2,0
BRDA:1723,469,3,0
BRDA:1723,470,0,0
BRDA:1723,470,1,0
BRDA:1723,470,2,0
BRDA:1723,470,3,0
BRDA:1727,471,0,0
BRDA:1727,471,1,0
BRDA:1731,472,0,0
BRDA:1731,472,1,0
BRDA:1735,473,0,0
BRDA:1735,473,1,0
BRDA:1735,474,0,0
BRDA:1735,474,1,0
BRDA:1739,475,0,0
BRDA:1739,475,1,0
BRDA:1752,476,0,0
BRDA:1752,476,1,0
BRDA:1753,477,0,0
BRDA:1753,477,1,0
BRDA:1754,478,0,0
BRDA:1754,478,1,0
BRDA:1764,479,0,0
BRDA:1764,479,1,0
BRDA:1771,480,0,0
BRDA:1771,480,1,0
BRDA:1777,481,0,0
BRDA:1777,481,1,0
BRDA:1781,482,0,0
BRDA:1781,482,1,0
BRDA:1784,483,0,0
BRDA:1784,483,1,0
BRDA:1784,483,2,0
BRDA:1786,484,0,0
BRDA:1786,484,1,0
BRDA:1793,485,0,0
BRDA:1793,485,1,0
BRDA:1804,486,0,0
BRDA:1804,486,1,0
BRDA:1815,487,0,0
BRDA:1815,487,1,0
BRDA:1824,488,0,0
BRDA:1824,488,1,0
BRDA:1825,489,0,0
BRDA:1825,489,1,0
BRDA:1830,490,0,0
BRDA:1830,490,1,0
BRDA:1843,491,0,0
BRDA:1843,491,1,0
BRDA:1856,492,0,0
BRDA:1856,492,1,0
BRDA:1874,493,0,0
BRDA:1874,493,1,0
BRDA:1877,494,0,0
BRDA:1877,494,1,0
BRDA:1881,495,0,0
BRDA:1881,495,1,0
BRDA:1887,496,0,0
BRDA:1887,496,1,0
BRDA:1891,497,0,0
BRDA:1891,497,1,0
BRDA:1897,498,0,0
BRDA:1897,498,1,0
BRDA:1918,499,0,0
BRDA:1918,499,1,0
BRDA:1919,500,0,0
BRDA:1919,500,1,0
BRDA:1973,501,0,0
BRDA:1973,501,1,0
BRDA:2010,502,0,0
BRDA:2010,502,1,0
BRDA:2016,503,0,0
BRDA:2016,503,1,0
BRDA:2016,503,2,0
BRDA:2045,504,0,0
BRDA:2045,504,1,0
BRDA:2045,504,2,0
BRDA:2046,505,0,0
BRDA:2046,505,1,0
BRDA:2046,505,2,0
BRDA:2046,506,0,0
BRDA:2046,506,1,0
BRDA:2067,507,0,0
BRDA:2067,507,1,0
BRDA:2067,507,2,0
BRDA:2067,508,0,0
BRDA:2067,508,1,0
BRDA:2067,508,2,0
BRDA:2067,508,3,0
BRDA:2067,508,4,0
BRDA:2072,509,0,0
BRDA:2072,509,1,0
BRDA:2073,510,0,0
BRDA:2073,510,1,0
BRDA:2074,511,0,0
BRDA:2074,511,1,0
BRDA:2078,512,0,0
BRDA:2078,512,1,0
BRDA:2078,513,0,0
BRDA:2078,513,1,0
BRDA:2081,514,0,0
BRDA:2081,514,1,0
BRDA:2105,515,0,0
BRDA:2105,515,1,0
BRDA:2106,516,0,0
BRDA:2106,516,1,0
BRDA:2106,516,2,0
BRDA:2109,517,0,0
BRDA:2109,517,1,0
BRDA:2109,518,0,0
BRDA:2109,518,1,0
BRDA:2110,519,0,0
BRDA:2110,519,1,0
BRDA:2110,519,2,0
BRDA:2110,519,3,0
BRDA:2111,520,0,0
BRDA:2111,520,1,0
BRDA:2111,520,2,0
BRDA:2111,520,3,0
BRDA:2113,521,0,0
BRDA:2113,521,1,0
BRDA:2113,521,2,0
BRDA:2113,521,3,0
BRDA:2115,522,0,0
BRDA:2115,522,1,0
BRDA:2115,523,0,0
BRDA:2115,523,1,0
BRDA:2123,524,0,0
BRDA:2123,524,1,0
BRDA:2123,524,2,0
BRDA:2123,524,3,0
BRDA:2136,525,0,0
BRDA:2136,525,1,0
BRDA:2151,526,0,0
BRDA:2151,526,1,0
BRDA:2180,527,0,0
BRDA:2180,527,1,0
BRDA:2181,528,0,0
BRDA:2181,528,1,0
BRDA:2186,529,0,0
BRDA:2186,529,1,0
BRDA:2187,530,0,0
BRDA:2187,530,1,0
BRDA:2196,531,0,0
BRDA:2196,532,0,0
BRDA:2196,532,1,0
BRDA:2197,533,0,0
BRDA:2197,533,1,0
BRDA:2199,534,0,0
BRDA:2199,534,1,0
BRDA:2206,535,0,0
BRDA:2206,536,0,0
BRDA:2206,536,1,0
BRDA:2206,536,2,0
BRDA:2207,537,0,0
BRDA:2207,537,1,0
BRDA:2215,538,0,0
BRDA:2215,538,1,0
BRDA:2221,539,0,0
BRDA:2221,540,0,0
BRDA:2221,541,0,0
BRDA:2222,542,0,0
BRDA:2228,543,0,0
BRDA:2239,544,0,0
BRDA:2239,544,1,0
BRDA:2251,545,0,0
BRDA:2267,546,0,0
BRDA:2269,547,0,0
BRDA:2269,547,1,0
BRDA:2270,548,0,0
BRDA:2270,549,0,0
BRDA:2270,549,1,0
BRDA:2272,550,0,0
BRDA:2272,550,1,0
BRDA:2272,550,2,0
BRDA:2273,551,0,0
BRDA:2273,552,0,0
BRDA:2273,552,1,0
BRDA:2279,553,0,0
BRDA:2294,554,0,0
BRDA:2306,555,0,0
BRDA:2327,556,0,0
BRDA:2327,556,1,0
BRDA:2346,557,0,0
BRDA:2346,557,1,0
BRDA:2355,558,0,0
BRDA:2355,558,1,0
BRDA:2363,559,0,0
BRDA:2363,559,1,0
BRDA:2364,560,0,0
BRDA:2364,560,1,0
BRDA:2365,561,0,0
BRDA:2365,561,1,0
BRDA:2381,562,0,0
BRDA:2381,562,1,0
BRDA:2382,563,0,0
BRDA:2382,563,1,0
BRF:1143
BRH:0
end_of_record
TN:
SF:src/ArchiveManagement.tsx
FN:54,ArchiveManagement
FN:65,(anonymous_1)
FN:104,(anonymous_2)
FN:180,(anonymous_3)
FN:308,(anonymous_4)
FN:456,(anonymous_5)
FN:470,(anonymous_6)
FN:470,(anonymous_7)
FN:474,(anonymous_8)
FN:474,(anonymous_9)
FN:534,(anonymous_10)
FN:544,(anonymous_11)
FN:554,(anonymous_12)
FN:559,(anonymous_13)
FN:560,(anonymous_14)
FN:564,(anonymous_15)
FN:569,(anonymous_16)
FN:573,(anonymous_17)
FN:573,(anonymous_18)
FN:588,(anonymous_19)
FN:602,(anonymous_20)
FN:607,(anonymous_21)
FN:616,(anonymous_22)
FN:621,(anonymous_23)
FN:636,(anonymous_24)
FN:683,(anonymous_25)
FN:689,(anonymous_26)
FN:700,(anonymous_27)
FN:702,(anonymous_28)
FN:713,(anonymous_29)
FN:741,(anonymous_30)
FN:745,(anonymous_31)
FN:757,(anonymous_32)
FN:761,(anonymous_33)
FN:841,(anonymous_34)
FNF:35
FNH:12
FNDA:23,ArchiveManagement
FNDA:2,(anonymous_1)
FNDA:15,(anonymous_2)
FNDA:1,(anonymous_3)
FNDA:0,(anonymous_4)
FNDA:0,(anonymous_5)
FNDA:0,(anonymous_6)
FNDA:0,(anonymous_7)
FNDA:0,(anonymous_8)
FNDA:0,(anonymous_9)
FNDA:8,(anonymous_10)
FNDA:7,(anonymous_11)
FNDA:0,(anonymous_12)
FNDA:0,(anonymous_13)
FNDA:0,(anonymous_14)
FNDA:0,(anonymous_15)
FNDA:0,(anonymous_16)
FNDA:0,(anonymous_17)
FNDA:0,(anonymous_18)
FNDA:0,(anonymous_19)
FNDA:0,(anonymous_20)
FNDA:0,(anonymous_21)
FNDA:0,(anonymous_22)
FNDA:0,(anonymous_23)
FNDA:0,(anonymous_24)
FNDA:0,(anonymous_25)
FNDA:1,(anonymous_26)
FNDA:2,(anonymous_27)
FNDA:2,(anonymous_28)
FNDA:1,(anonymous_29)
FNDA:13,(anonymous_30)
FNDA:0,(anonymous_31)
FNDA:3,(anonymous_32)
FNDA:0,(anonymous_33)
FNDA:0,(anonymous_34)
DA:1,1
DA:54,1
DA:55,23
DA:56,23
DA:57,23
DA:58,23
DA:59,23
DA:60,23
DA:61,23
DA:62,23
DA:65,23
DA:66,2
DA:68,2
DA:71,2
DA:72,2
DA:73,2
DA:74,2
DA:75,2
DA:77,0
DA:79,0
DA:81,0
DA:83,2
DA:85,0
DA:91,0
DA:92,0
DA:95,0
DA:96,0
DA:100,0
DA:104,23
DA:105,15
DA:106,15
DA:108,8
DA:109,8
DA:143,8
DA:147,7
DA:148,0
DA:149,0
DA:150,0
DA:153,7
DA:154,7
DA:155,7
DA:156,7
DA:162,7
DA:163,2
DA:166,5
DA:167,5
DA:168,5
DA:170,0
DA:173,2
DA:175,7
DA:180,23
DA:181,1
DA:182,1
DA:184,1
DA:185,1
DA:229,1
DA:233,0
DA:234,0
DA:235,0
DA:236,0
DA:239,0
DA:240,0
DA:241,0
DA:243,0
DA:249,0
DA:250,0
DA:253,0
DA:254,0
DA:255,0
DA:258,0
DA:259,0
DA:260,0
DA:262,0
DA:268,0
DA:269,0
DA:270,0
DA:272,0
DA:273,0
DA:275,0
DA:292,0
DA:296,0
DA:298,0
DA:301,0
DA:303,0
DA:308,23
DA:309,0
DA:311,0
DA:312,0
DA:314,0
DA:315,0
DA:332,0
DA:349,0
DA:362,0
DA:365,0
DA:366,0
DA:367,0
DA:369,0
DA:370,0
DA:372,0
DA:378,0
DA:379,0
DA:380,0
DA:383,0
DA:384,0
DA:385,0
DA:386,0
DA:388,0
DA:389,0
DA:390,0
DA:392,0
DA:393,0
DA:395,0
DA:400,0
DA:406,0
DA:407,0
DA:410,0
DA:411,0
DA:412,0
DA:415,0
DA:421,0
DA:422,0
DA:423,0
DA:424,0
DA:425,0
DA:429,0
DA:443,0
DA:445,0
DA:449,0
DA:451,0
DA:456,23
DA:457,0
DA:458,0
DA:459,0
DA:463,0
DA:465,0
DA:466,0
DA:469,0
DA:470,0
DA:471,0
DA:474,0
DA:475,0
DA:479,0
DA:480,0
DA:483,0
DA:484,0
DA:485,0
DA:488,0
DA:490,0
DA:500,0
DA:510,0
DA:511,0
DA:514,0
DA:515,0
DA:516,0
DA:518,0
DA:519,0
DA:521,0
DA:524,0
DA:527,0
DA:529,0
DA:534,23
DA:535,8
DA:536,8
DA:537,7
DA:539,1
DA:544,23
DA:545,7
DA:546,7
DA:547,7
DA:548,0
DA:549,0
DA:554,23
DA:555,0
DA:557,0
DA:559,0
DA:560,0
DA:564,23
DA:565,0
DA:566,0
DA:569,0
DA:570,0
DA:571,0
DA:573,0
DA:574,0
DA:575,0
DA:576,0
DA:577,0
DA:578,0
DA:579,0
DA:580,0
DA:582,0
DA:585,0
DA:588,0
DA:589,0
DA:590,0
DA:592,0
DA:595,0
DA:602,0
DA:608,0
DA:609,0
DA:617,0
DA:618,0
DA:619,0
DA:622,0
DA:627,0
DA:636,0
DA:648,23
DA:657,23
DA:683,0
DA:689,1
DA:700,2
DA:703,2
DA:704,0
DA:705,0
DA:707,0
DA:714,1
DA:715,1
DA:717,0
DA:742,13
DA:745,0
DA:758,3
DA:761,0
DA:842,0
LF:223
LH:65
BRDA:66,0,0,0
BRDA:71,1,0,2
BRDA:73,2,0,2
BRDA:75,3,0,0
BRDA:75,3,1,0
BRDA:75,3,2,0
BRDA:75,3,3,2
BRDA:75,3,4,0
BRDA:91,4,0,0
BRDA:91,5,0,0
BRDA:91,5,1,0
BRDA:95,6,0,0
BRDA:106,7,0,8
BRDA:147,8,0,0
BRDA:162,9,0,2
BRDA:167,10,0,5
BRDA:167,10,1,0
BRDA:168,11,0,5
BRDA:168,11,1,0
BRDA:170,12,0,0
BRDA:170,12,1,0
BRDA:182,13,0,1
BRDA:233,14,0,0
BRDA:249,15,0,0
BRDA:254,16,0,0
BRDA:254,16,1,0
BRDA:255,17,0,0
BRDA:255,17,1,0
BRDA:268,18,0,0
BRDA:270,19,0,0
BRDA:272,20,0,0
BRDA:272,20,1,0
BRDA:277,21,0,0
BRDA:277,21,1,0
BRDA:278,22,0,0
BRDA:278,22,1,0
BRDA:279,23,0,0
BRDA:279,23,1,0
BRDA:280,24,0,0
BRDA:280,24,1,0
BRDA:281,25,0,0
BRDA:281,25,1,0
BRDA:282,26,0,0
BRDA:282,26,1,0
BRDA:283,27,0,0
BRDA:283,27,1,0
BRDA:284,28,0,0
BRDA:284,28,1,0
BRDA:285,29,0,0
BRDA:285,29,1,0
BRDA:286,30,0,0
BRDA:286,30,1,0
BRDA:287,31,0,0
BRDA:287,31,1,0
BRDA:298,32,0,0
BRDA:298,32,1,0
BRDA:309,33,0,0
BRDA:309,33,1,0
BRDA:311,34,0,0
BRDA:311,35,0,0
BRDA:311,35,1,0
BRDA:314,36,0,0
BRDA:314,36,1,0
BRDA:369,37,0,0
BRDA:369,37,1,0
BRDA:379,38,0,0
BRDA:385,39,0,0
BRDA:385,39,1,0
BRDA:388,40,0,0
BRDA:388,40,1,0
BRDA:389,41,0,0
BRDA:393,42,0,0
BRDA:393,42,1,0
BRDA:395,43,0,0
BRDA:395,43,1,0
BRDA:406,44,0,0
BRDA:411,45,0,0
BRDA:411,45,1,0
BRDA:422,46,0,0
BRDA:424,47,0,0
BRDA:425,48,0,0
BRDA:425,48,1,0
BRDA:431,49,0,0
BRDA:431,49,1,0
BRDA:432,50,0,0
BRDA:432,50,1,0
BRDA:433,51,0,0
BRDA:433,51,1,0
BRDA:434,52,0,0
BRDA:434,52,1,0
BRDA:435,53,0,0
BRDA:435,53,1,0
BRDA:436,54,0,0
BRDA:436,54,1,0
BRDA:437,55,0,0
BRDA:437,55,1,0
BRDA:438,56,0,0
BRDA:438,56,1,0
BRDA:439,57,0,0
BRDA:439,57,1,0
BRDA:440,58,0,0
BRDA:440,58,1,0
BRDA:441,59,0,0
BRDA:441,59,1,0
BRDA:445,60,0,0
BRDA:445,60,1,0
BRDA:457,61,0,0
BRDA:463,62,0,0
BRDA:463,63,0,0
BRDA:463,63,1,0
BRDA:469,64,0,0
BRDA:469,64,1,0
BRDA:471,65,0,0
BRDA:471,65,1,0
BRDA:475,66,0,0
BRDA:475,66,1,0
BRDA:488,67,0,0
BRDA:488,67,1,0
BRDA:510,68,0,0
BRDA:515,69,0,0
BRDA:515,69,1,0
BRDA:518,70,0,0
BRDA:518,70,1,0
BRDA:524,71,0,0
BRDA:524,71,1,0
BRDA:536,72,0,7
BRDA:536,72,1,1
BRDA:546,73,0,7
BRDA:546,73,1,0
BRDA:546,74,0,7
BRDA:546,74,1,7
BRDA:548,75,0,0
BRDA:548,76,0,0
BRDA:548,76,1,0
BRDA:555,77,0,0
BRDA:555,78,0,0
BRDA:555,78,1,0
BRDA:566,79,0,0
BRDA:566,79,1,0
BRDA:570,80,0,0
BRDA:575,81,0,0
BRDA:575,81,1,0
BRDA:578,82,0,0
BRDA:578,82,1,0
BRDA:589,83,0,0
BRDA:589,84,0,0
BRDA:589,84,1,0
BRDA:598,85,0,0
BRDA:598,85,1,0
BRDA:609,86,0,0
BRDA:609,86,1,0
BRDA:615,87,0,0
BRDA:615,87,1,0
BRDA:618,88,0,0
BRDA:618,88,1,0
BRDA:633,89,0,0
BRDA:633,89,1,0
BRDA:650,90,0,0
BRDA:650,90,1,23
BRDA:650,91,0,0
BRDA:650,91,1,0
BRDA:665,92,0,23
BRDA:665,92,1,10
BRDA:682,93,0,21
BRDA:682,93,1,2
BRDA:688,94,0,2
BRDA:688,94,1,21
BRDA:703,95,0,0
BRDA:704,96,0,0
BRDA:704,96,1,0
BRDA:714,97,0,1
BRDA:714,97,1,0
BRDA:728,98,0,23
BRDA:728,98,1,4
BRDA:729,99,0,23
BRDA:729,99,1,1
BRDA:735,100,0,21
BRDA:735,100,1,2
BRDA:737,101,0,21
BRDA:737,101,1,2
BRDA:738,102,0,12
BRDA:738,102,1,9
BRDA:744,103,0,0
BRDA:744,103,1,13
BRDA:744,104,0,13
BRDA:744,104,1,0
BRDA:744,104,2,0
BRDA:748,105,0,13
BRDA:748,105,1,0
BRDA:754,106,0,1
BRDA:754,106,1,1
BRDA:760,107,0,0
BRDA:760,107,1,3
BRDA:760,108,0,3
BRDA:760,108,1,0
BRDA:760,108,2,0
BRDA:764,109,0,3
BRDA:764,109,1,0
BRDA:775,110,0,0
BRDA:775,110,1,23
BRDA:779,111,0,0
BRDA:779,111,1,0
BRDA:837,112,0,0
BRDA:837,112,1,0
BRDA:848,113,0,0
BRDA:848,113,1,0
BRDA:849,114,0,0
BRDA:849,114,1,0
BRDA:850,115,0,0
BRDA:850,115,1,0
BRDA:851,116,0,0
BRDA:851,116,1,0
BRDA:863,117,0,23
BRDA:863,117,1,0
BRDA:863,118,0,0
BRDA:863,118,1,23
BRF:216
BRH:42
end_of_record
TN:
SF:src/DoctorWorkbench.tsx
FN:33,DoctorWorkbench
FN:43,(anonymous_1)
FN:56,(anonymous_2)
FN:101,(anonymous_3)
FN:137,(anonymous_4)
FN:149,(anonymous_5)
FN:194,(anonymous_6)
FN:230,(anonymous_7)
FN:237,(anonymous_8)
FN:253,(anonymous_9)
FN:283,(anonymous_10)
FN:289,(anonymous_11)
FN:296,(anonymous_12)
FN:303,(anonymous_13)
FN:329,(anonymous_14)
FN:334,(anonymous_15)
FN:339,(anonymous_16)
FN:391,(anonymous_17)
FN:407,(anonymous_18)
FN:414,(anonymous_19)
FN:432,(anonymous_20)
FNF:21
FNH:0
FNDA:0,DoctorWorkbench
FNDA:0,(anonymous_1)
FNDA:0,(anonymous_2)
FNDA:0,(anonymous_3)
FNDA:0,(anonymous_4)
FNDA:0,(anonymous_5)
FNDA:0,(anonymous_6)
FNDA:0,(anonymous_7)
FNDA:0,(anonymous_8)
FNDA:0,(anonymous_9)
FNDA:0,(anonymous_10)
FNDA:0,(anonymous_11)
FNDA:0,(anonymous_12)
FNDA:0,(anonymous_13)
FNDA:0,(anonymous_14)
FNDA:0,(anonymous_15)
FNDA:0,(anonymous_16)
FNDA:0,(anonymous_17)
FNDA:0,(anonymous_18)
FNDA:0,(anonymous_19)
FNDA:0,(anonymous_20)
DA:34,0
DA:35,0
DA:36,0
DA:37,0
DA:38,0
DA:39,0
DA:40,0
DA:43,0
DA:44,0
DA:47,0
DA:48,0
DA:49,0
DA:53,0
DA:56,0
DA:59,0
DA:80,0
DA:81,0
DA:83,0
DA:84,0
DA:85,0
DA:87,0
DA:89,0
DA:93,0
DA:94,0
DA:95,0
DA:101,0
DA:102,0
DA:103,0
DA:105,0
DA:137,0
DA:138,0
DA:141,0
DA:142,0
DA:143,0
DA:146,0
DA:149,0
DA:152,0
DA:173,0
DA:174,0
DA:176,0
DA:177,0
DA:178,0
DA:180,0
DA:182,0
DA:186,0
DA:187,0
DA:188,0
DA:194,0
DA:195,0
DA:196,0
DA:198,0
DA:230,0
DA:231,0
DA:232,0
DA:233,0
DA:237,0
DA:238,0
DA:239,0
DA:240,0
DA:243,0
DA:253,0
DA:256,0
DA:283,0
DA:289,0
DA:296,0
DA:303,0
DA:329,0
DA:334,0
DA:339,0
DA:392,0
DA:408,0
DA:409,0
DA:410,0
DA:415,0
DA:416,0
DA:417,0
DA:418,0
DA:433,0
LF:78
LH:0
BRDA:44,0,0,0
BRDA:44,0,1,0
BRDA:47,1,0,0
BRDA:47,1,1,0
BRDA:47,2,0,0
BRDA:47,2,1,0
BRDA:94,3,0,0
BRDA:94,4,0,0
BRDA:94,4,1,0
BRDA:138,5,0,0
BRDA:138,5,1,0
BRDA:141,6,0,0
BRDA:141,6,1,0
BRDA:141,7,0,0
BRDA:141,7,1,0
BRDA:187,8,0,0
BRDA:187,9,0,0
BRDA:187,9,1,0
BRDA:238,10,0,0
BRDA:264,11,0,0
BRDA:264,11,1,0
BRDA:282,12,0,0
BRDA:282,12,1,0
BRDA:288,13,0,0
BRDA:288,13,1,0
BRDA:295,14,0,0
BRDA:295,14,1,0
BRDA:302,15,0,0
BRDA:302,15,1,0
BRDA:311,16,0,0
BRDA:311,16,1,0
BRDA:315,17,0,0
BRDA:315,17,1,0
BRDA:316,18,0,0
BRDA:316,18,1,0
BRDA:321,19,0,0
BRDA:321,19,1,0
BRDA:321,20,0,0
BRDA:321,20,1,0
BRDA:349,21,0,0
BRDA:349,21,1,0
BRDA:375,22,0,0
BRDA:375,22,1,0
BRDA:386,23,0,0
BRDA:386,23,1,0
BRDA:386,23,2,0
BRDA:392,24,0,0
BRDA:392,24,1,0
BRDA:408,25,0,0
BRDA:408,26,0,0
BRDA:408,26,1,0
BRDA:416,27,0,0
BRDA:428,28,0,0
BRDA:428,28,1,0
BRDA:428,28,2,0
BRDA:455,29,0,0
BRDA:455,29,1,0
BRF:57
BRH:0
end_of_record
TN:
SF:src/api/client.ts
FN:37,(anonymous_0)
FN:47,(anonymous_1)
FN:60,(anonymous_2)
FN:68,(anonymous_3)
FN:91,(anonymous_4)
FN:158,(anonymous_5)
FN:168,(anonymous_6)
FN:179,(anonymous_7)
FN:190,(anonymous_8)
FN:201,(anonymous_9)
FN:211,(anonymous_10)
FN:228,(anonymous_11)
FN:258,(anonymous_12)
FN:259,(anonymous_13)
FNF:14
FNH:0
FNDA:0,(anonymous_0)
FNDA:0,(anonymous_1)
FNDA:0,(anonymous_2)
FNDA:0,(anonymous_3)
FNDA:0,(anonymous_4)
FNDA:0,(anonymous_5)
FNDA:0,(anonymous_6)
FNDA:0,(anonymous_7)
FNDA:0,(anonymous_8)
FNDA:0,(anonymous_9)
FNDA:0,(anonymous_10)
FNDA:0,(anonymous_11)
FNDA:0,(anonymous_12)
FNDA:0,(anonymous_13)
DA:33,0
DA:34,0
DA:35,0
DA:38,0
DA:39,0
DA:48,0
DA:49,0
DA:50,0
DA:52,0
DA:54,0
DA:61,0
DA:62,0
DA:75,0
DA:77,0
DA:80,0
DA:85,0
DA:87,0
DA:88,0
DA:90,0
DA:91,0
DA:93,0
DA:99,0
DA:103,0
DA:104,0
DA:107,0
DA:108,0
DA:116,0
DA:117,0
DA:124,0
DA:125,0
DA:128,0
DA:131,0
DA:134,0
DA:137,0
DA:138,0
DA:139,0
DA:142,0
DA:143,0
DA:147,0
DA:152,0
DA:159,0
DA:169,0
DA:180,0
DA:191,0
DA:202,0
DA:217,0
DA:218,0
DA:219,0
DA:220,0
DA:221,0
DA:222,0
DA:229,0
DA:230,0
DA:233,0
DA:234,0
DA:241,0
DA:242,0
DA:249,0
DA:259,0
DA:264,0
LF:60
LH:0
BRDA:37,0,0,0
BRDA:49,1,0,0
BRDA:49,1,1,0
BRDA:68,2,0,0
BRDA:70,3,0,0
BRDA:71,4,0,0
BRDA:72,5,0,0
BRDA:73,6,0,0
BRDA:77,7,0,0
BRDA:77,7,1,0
BRDA:116,8,0,0
BRDA:116,9,0,0
BRDA:116,9,1,0
BRDA:118,10,0,0
BRDA:118,10,1,0
BRDA:118,10,2,0
BRDA:120,11,0,0
BRDA:120,11,1,0
BRDA:124,12,0,0
BRDA:137,13,0,0
BRDA:142,14,0,0
BRDA:152,15,0,0
BRDA:152,15,1,0
BRDA:158,16,0,0
BRDA:168,17,0,0
BRDA:172,18,0,0
BRDA:172,18,1,0
BRDA:179,19,0,0
BRDA:183,20,0,0
BRDA:183,20,1,0
BRDA:190,21,0,0
BRDA:194,22,0,0
BRDA:194,22,1,0
BRDA:201,23,0,0
BRDA:229,24,0,0
BRDA:229,25,0,0
BRDA:229,25,1,0
BRDA:229,25,2,0
BRDA:233,26,0,0
BRDA:241,27,0,0
BRDA:241,28,0,0
BRDA:241,28,1,0
BRDA:250,29,0,0
BRDA:250,29,1,0
BRF:44
BRH:0
end_of_record
TN:
SF:src/components/EmptyState.tsx
FN:13,(anonymous_1)
FNF:1
FNH:1
FNDA:7,(anonymous_1)
DA:1,1
DA:13,1
DA:19,7
DA:38,1
LF:4
LH:4
BRDA:16,0,0,6
BRDA:23,1,0,7
BRDA:23,1,1,1
BRDA:26,2,0,7
BRDA:26,2,1,2
BRF:5
BRH:5
end_of_record
TN:
SF:src/components/ErrorDisplay.tsx
FN:11,(anonymous_1)
FNF:1
FNH:1
FNDA:10,(anonymous_1)
DA:1,1
DA:11,1
DA:18,10
DA:19,10
DA:21,10
DA:28,10
DA:35,10
DA:68,1
LF:8
LH:8
BRDA:13,0,0,9
BRDA:15,1,0,9
BRDA:16,2,0,7
BRDA:18,3,0,2
BRDA:18,3,1,8
BRDA:19,4,0,2
BRDA:19,4,1,8
BRDA:43,5,0,10
BRDA:43,5,1,1
BRDA:43,5,2,1
BRDA:54,6,0,10
BRDA:54,6,1,1
BRF:12
BRH:12
end_of_record
TN:
SF:src/components/FeedbackWidget.tsx
FN:20,(anonymous_9)
FN:41,(anonymous_10)
FN:66,(anonymous_11)
FN:78,(anonymous_12)
FN:92,(anonymous_13)
FN:99,(anonymous_14)
FN:104,(anonymous_15)
FN:113,(anonymous_16)
FN:142,(anonymous_17)
FN:146,(anonymous_18)
FN:163,(anonymous_19)
FN:181,(anonymous_20)
FN:197,(anonymous_21)
FNF:13
FNH:11
FNDA:88,(anonymous_9)
FNDA:3,(anonymous_10)
FNDA:0,(anonymous_11)
FNDA:2,(anonymous_12)
FNDA:1,(anonymous_13)
FNDA:1,(anonymous_14)
FNDA:2,(anonymous_15)
FNDA:10,(anonymous_16)
FNDA:375,(anonymous_17)
FNDA:2,(anonymous_18)
FNDA:41,(anonymous_19)
FNDA:16,(anonymous_20)
FNDA:0,(anonymous_21)
DA:1,1
DA:20,1
DA:27,88
DA:28,88
DA:29,88
DA:30,88
DA:31,88
DA:32,88
DA:34,88
DA:41,88
DA:42,3
DA:43,3
DA:45,3
DA:46,3
DA:48,3
DA:49,3
DA:58,3
DA:59,1
DA:62,2
DA:65,2
DA:66,2
DA:67,0
DA:68,0
DA:71,1
DA:72,1
DA:74,3
DA:78,88
DA:79,2
DA:87,1
DA:88,0
DA:92,88
DA:93,1
DA:94,1
DA:95,1
DA:96,1
DA:99,88
DA:100,1
DA:101,1
DA:104,88
DA:105,2
DA:108,88
DA:113,10
DA:143,375
DA:146,2
DA:163,41
DA:181,16
DA:197,0
DA:247,1
LF:48
LH:44
BRDA:21,0,0,88
BRDA:22,1,0,87
BRDA:24,2,0,68
BRDA:25,3,0,88
BRDA:43,4,0,0
BRDA:52,5,0,0
BRDA:52,5,1,3
BRDA:52,6,0,3
BRDA:52,6,1,3
BRDA:58,7,0,1
BRDA:58,7,1,2
BRDA:87,8,0,0
BRDA:111,9,0,88
BRDA:111,9,1,13
BRDA:122,10,0,88
BRDA:122,10,1,75
BRDA:147,11,0,53
BRDA:147,11,1,322
BRDA:172,12,0,75
BRDA:172,12,1,74
BRDA:189,13,0,75
BRDA:189,13,1,0
BRDA:205,14,0,75
BRDA:205,14,1,2
BRDA:211,15,0,75
BRDA:211,15,1,1
BRDA:230,16,0,75
BRDA:230,16,1,72
BRDA:232,17,0,3
BRDA:232,17,1,72
BRF:30
BRH:26
end_of_record
TN:
SF:src/components/Loading.tsx
FN:9,(anonymous_1)
FNF:1
FNH:1
FNDA:7,(anonymous_1)
DA:1,1
DA:9,1
DA:14,7
DA:21,7
DA:35,7
DA:36,1
DA:43,6
DA:50,1
LF:8
LH:8
BRDA:10,0,0,5
BRDA:11,1,0,5
BRDA:12,2,0,6
BRDA:29,3,0,7
BRDA:29,3,1,6
BRDA:35,4,0,1
BRF:6
BRH:6
end_of_record
TN:
SF:src/mocks/handlers.ts
FN:73,(anonymous_0)
FN:81,(anonymous_1)
FN:89,(anonymous_2)
FN:108,(anonymous_3)
FN:109,(anonymous_4)
FN:144,(anonymous_5)
FN:145,(anonymous_6)
FN:162,(anonymous_7)
FN:173,(anonymous_8)
FN:187,(anonymous_9)
FN:209,(anonymous_10)
FN:214,(anonymous_11)
FNF:12
FNH:0
FNDA:0,(anonymous_0)
FNDA:0,(anonymous_1)
FNDA:0,(anonymous_2)
FNDA:0,(anonymous_3)
FNDA:0,(anonymous_4)
FNDA:0,(anonymous_5)
FNDA:0,(anonymous_6)
FNDA:0,(anonymous_7)
FNDA:0,(anonymous_8)
FNDA:0,(anonymous_9)
FNDA:0,(anonymous_10)
FNDA:0,(anonymous_11)
DA:11,0
DA:34,0
DA:46,0
DA:71,0
DA:74,0
DA:82,0
DA:90,0
DA:91,0
DA:92,0
DA:94,0
DA:101,0
DA:109,0
DA:111,0
DA:112,0
DA:119,0
DA:145,0
DA:147,0
DA:148,0
DA:155,0
DA:163,0
DA:174,0
DA:188,0
DA:190,0
DA:210,0
DA:215,0
DA:216,0
LF:26
LH:0
BRDA:91,0,0,0
BRDA:91,0,1,0
BRDA:92,1,0,0
BRDA:92,1,1,0
BRDA:111,2,0,0
BRDA:147,3,0,0
BRF:6
BRH:0
end_of_record
TN:
SF:src/mocks/testHandlers.ts
FN:9,(anonymous_0)
FN:27,(anonymous_1)
FN:46,(anonymous_2)
FN:64,(anonymous_3)
FN:73,(anonymous_4)
FN:77,(anonymous_5)
FN:81,(anonymous_6)
FNF:7
FNH:3
FNDA:0,(anonymous_0)
FNDA:0,(anonymous_1)
FNDA:0,(anonymous_2)
FNDA:0,(anonymous_3)
FNDA:6,(anonymous_4)
FNDA:42,(anonymous_5)
FNDA:6,(anonymous_6)
DA:5,6
DA:9,0
DA:27,0
DA:46,0
DA:64,0
DA:72,6
DA:74,6
DA:78,42
DA:82,6
DA:88,6
LF:10
LH:6
BRF:0
BRH:0
end_of_record
TN:
SF:src/types/index.ts
FNF:0
FNH:0
DA:78,0
DA:86,0
DA:94,0
DA:103,0
DA:109,0
LF:5
LH:0
BRF:0
BRH:0
end_of_record
