TN:
SF:src/routes.ts
FN:61,asyncHandler
FN:62,(anonymous_1)
FN:67,getParam
FN:79,(anonymous_3)
FN:80,(anonymous_4)
FN:81,(anonymous_5)
FN:82,(anonymous_6)
FN:86,(anonymous_7)
FN:90,(anonymous_8)
FN:94,(anonymous_9)
FN:101,(anonymous_10)
FN:102,(anonymous_11)
FN:103,(anonymous_12)
FN:104,(anonymous_13)
FN:105,(anonymous_14)
FN:106,(anonymous_15)
FN:108,(anonymous_16)
FN:109,(anonymous_17)
FN:110,(anonymous_18)
FN:111,(anonymous_19)
FN:112,(anonymous_20)
FN:113,(anonymous_21)
FN:114,(anonymous_22)
FN:115,(anonymous_23)
FN:116,(anonymous_24)
FN:117,(anonymous_25)
FN:118,(anonymous_26)
FN:119,(anonymous_27)
FN:120,(anonymous_28)
FN:121,(anonymous_29)
FN:122,(anonymous_30)
FN:123,(anonymous_31)
FN:124,(anonymous_32)
FN:125,(anonymous_33)
FN:126,(anonymous_34)
FN:127,(anonymous_35)
FN:128,(anonymous_36)
FN:129,(anonymous_37)
FN:133,(anonymous_38)
FN:134,(anonymous_39)
FN:135,(anonymous_40)
FN:136,(anonymous_41)
FN:137,(anonymous_42)
FN:138,(anonymous_43)
FN:139,(anonymous_44)
FN:140,(anonymous_45)
FN:141,(anonymous_46)
FN:142,(anonymous_47)
FN:143,(anonymous_48)
FN:144,(anonymous_49)
FN:145,(anonymous_50)
FN:146,(anonymous_51)
FN:147,(anonymous_52)
FN:148,(anonymous_53)
FN:149,(anonymous_54)
FN:150,(anonymous_55)
FN:152,(anonymous_56)
FN:153,(anonymous_57)
FN:154,(anonymous_58)
FN:156,(anonymous_59)
FN:157,(anonymous_60)
FN:158,(anonymous_61)
FN:159,(anonymous_62)
FN:160,(anonymous_63)
FN:161,(anonymous_64)
FN:164,(anonymous_65)
FN:165,(anonymous_66)
FN:166,(anonymous_67)
FN:167,(anonymous_68)
FN:168,(anonymous_69)
FN:169,(anonymous_70)
FN:170,(anonymous_71)
FN:177,(anonymous_72)
FN:178,(anonymous_73)
FN:179,(anonymous_74)
FN:180,(anonymous_75)
FNF:76
FNH:7
FNDA:77,asyncHandler
FNDA:8,(anonymous_1)
FNDA:1,getParam
FNDA:0,(anonymous_3)
FNDA:0,(anonymous_4)
FNDA:0,(anonymous_5)
FNDA:0,(anonymous_6)
FNDA:0,(anonymous_7)
FNDA:0,(anonymous_8)
FNDA:0,(anonymous_9)
FNDA:0,(anonymous_10)
FNDA:0,(anonymous_11)
FNDA:0,(anonymous_12)
FNDA:0,(anonymous_13)
FNDA:0,(anonymous_14)
FNDA:0,(anonymous_15)
FNDA:0,(anonymous_16)
FNDA:0,(anonymous_17)
FNDA:0,(anonymous_18)
FNDA:0,(anonymous_19)
FNDA:0,(anonymous_20)
FNDA:0,(anonymous_21)
FNDA:0,(anonymous_22)
FNDA:0,(anonymous_23)
FNDA:0,(anonymous_24)
FNDA:0,(anonymous_25)
FNDA:0,(anonymous_26)
FNDA:0,(anonymous_27)
FNDA:0,(anonymous_28)
FNDA:0,(anonymous_29)
FNDA:0,(anonymous_30)
FNDA:0,(anonymous_31)
FNDA:0,(anonymous_32)
FNDA:0,(anonymous_33)
FNDA:0,(anonymous_34)
FNDA:0,(anonymous_35)
FNDA:0,(anonymous_36)
FNDA:0,(anonymous_37)
FNDA:0,(anonymous_38)
FNDA:0,(anonymous_39)
FNDA:0,(anonymous_40)
FNDA:0,(anonymous_41)
FNDA:0,(anonymous_42)
FNDA:0,(anonymous_43)
FNDA:0,(anonymous_44)
FNDA:0,(anonymous_45)
FNDA:0,(anonymous_46)
FNDA:0,(anonymous_47)
FNDA:0,(anonymous_48)
FNDA:0,(anonymous_49)
FNDA:0,(anonymous_50)
FNDA:0,(anonymous_51)
FNDA:0,(anonymous_52)
FNDA:0,(anonymous_53)
FNDA:0,(anonymous_54)
FNDA:0,(anonymous_55)
FNDA:0,(anonymous_56)
FNDA:0,(anonymous_57)
FNDA:0,(anonymous_58)
FNDA:0,(anonymous_59)
FNDA:0,(anonymous_60)
FNDA:0,(anonymous_61)
FNDA:0,(anonymous_62)
FNDA:0,(anonymous_63)
FNDA:0,(anonymous_64)
FNDA:0,(anonymous_65)
FNDA:0,(anonymous_66)
FNDA:0,(anonymous_67)
FNDA:0,(anonymous_68)
FNDA:0,(anonymous_69)
FNDA:0,(anonymous_70)
FNDA:0,(anonymous_71)
FNDA:3,(anonymous_72)
FNDA:2,(anonymous_73)
FNDA:2,(anonymous_74)
FNDA:1,(anonymous_75)
DA:1,1
DA:3,1
DA:4,1
DA:5,1
DA:6,1
DA:7,1
DA:8,1
DA:9,1
DA:10,1
DA:11,1
DA:12,1
DA:13,1
DA:14,1
DA:15,1
DA:16,1
DA:17,1
DA:18,1
DA:30,1
DA:31,1
DA:32,1
DA:33,1
DA:34,1
DA:40,1
DA:41,1
DA:42,1
DA:43,1
DA:44,1
DA:45,1
DA:54,1
DA:55,1
DA:57,1
DA:62,77
DA:63,8
DA:68,1
DA:69,1
DA:73,1
DA:75,1
DA:76,1
DA:77,1
DA:78,1
DA:79,1
DA:80,1
DA:81,1
DA:82,1
DA:83,0
DA:84,0
DA:86,1
DA:87,0
DA:88,0
DA:90,1
DA:91,0
DA:92,0
DA:94,1
DA:95,0
DA:96,0
DA:99,1
DA:101,1
DA:102,1
DA:103,1
DA:104,1
DA:105,1
DA:106,1
DA:108,1
DA:109,1
DA:110,1
DA:111,1
DA:112,1
DA:113,1
DA:114,1
DA:115,1
DA:116,1
DA:117,1
DA:118,1
DA:119,1
DA:120,1
DA:121,1
DA:122,1
DA:123,1
DA:124,1
DA:125,1
DA:126,1
DA:127,1
DA:128,1
DA:129,1
DA:133,1
DA:134,1
DA:135,1
DA:136,1
DA:137,1
DA:138,1
DA:139,1
DA:140,1
DA:141,1
DA:142,1
DA:143,1
DA:144,1
DA:145,1
DA:146,1
DA:147,1
DA:148,1
DA:149,1
DA:150,1
DA:152,1
DA:153,1
DA:154,1
DA:156,1
DA:157,1
DA:158,1
DA:159,1
DA:160,1
DA:161,1
DA:164,1
DA:165,1
DA:166,1
DA:167,1
DA:168,1
DA:169,1
DA:170,1
DA:177,3
DA:178,2
DA:179,2
DA:180,1
LF:122
LH:114
BRDA:69,0,0,0
BRDA:69,0,1,1
BRDA:131,1,0,0
BRDA:131,1,1,0
BRDA:134,2,0,0
BRDA:134,2,1,0
BRDA:168,3,0,0
BRDA:168,3,1,0
BRDA:171,4,0,0
BRDA:171,4,1,0
BRDA:172,5,0,0
BRDA:172,5,1,0
BRF:12
BRH:1
end_of_record
TN:
SF:src/infra/config/env.ts
FNF:0
FNH:0
DA:1,3
DA:3,3
LF:2
LH:2
BRDA:4,0,0,3
BRDA:4,0,1,0
BRDA:5,1,0,3
BRDA:5,1,1,0
BRDA:6,2,0,3
BRDA:6,2,1,0
BRDA:7,3,0,3
BRDA:7,3,1,0
BRDA:9,4,0,3
BRDA:9,4,1,0
BRDA:10,5,0,3
BRDA:10,5,1,0
BRDA:11,6,0,3
BRDA:11,6,1,0
BRDA:12,7,0,3
BRDA:12,7,1,0
BRDA:13,8,0,3
BRDA:13,8,1,0
BRDA:16,9,0,3
BRDA:16,9,1,0
BRDA:17,10,0,3
BRDA:17,10,1,0
BRDA:20,11,0,3
BRDA:20,11,1,0
BRDA:21,12,0,3
BRDA:21,12,1,0
BRDA:24,13,0,3
BRDA:24,13,1,0
BRDA:25,14,0,3
BRDA:25,14,1,0
BRDA:26,15,0,3
BRDA:26,15,1,0
BRDA:27,16,0,3
BRDA:27,16,1,0
BRDA:28,17,0,3
BRDA:28,17,1,0
BRF:36
BRH:18
end_of_record
TN:
SF:src/infra/db/pg.ts
FNF:0
FNH:0
DA:1,2
DA:2,2
DA:4,2
DA:6,2
LF:4
LH:4
BRF:0
BRH:0
end_of_record
TN:
SF:src/infra/monitoring/health-check.controller.ts
FN:8,healthCheck
FN:39,livenessProbe
FN:61,readinessProbe
FN:93,metrics
FN:130,getStatusMessage
FNF:5
FNH:0
FNDA:0,healthCheck
FNDA:0,livenessProbe
FNDA:0,readinessProbe
FNDA:0,metrics
FNDA:0,getStatusMessage
DA:2,1
DA:8,1
DA:9,0
DA:10,0
DA:13,0
DA:14,0
DA:15,0
DA:16,0
DA:17,0
DA:20,0
DA:25,0
DA:26,0
DA:39,1
DA:40,0
DA:41,0
DA:43,0
DA:44,0
DA:46,0
DA:49,0
DA:61,1
DA:62,0
DA:65,0
DA:67,0
DA:68,0
DA:74,0
DA:81,0
DA:93,1
DA:94,0
DA:95,0
DA:118,0
DA:120,0
DA:131,0
DA:133,0
DA:135,0
DA:137,0
DA:139,0
LF:36
LH:5
BRDA:14,0,0,0
BRDA:14,0,1,0
BRDA:16,1,0,0
BRDA:16,1,1,0
BRDA:30,2,0,0
BRDA:30,2,1,0
BRDA:30,3,0,0
BRDA:30,3,1,0
BRDA:43,4,0,0
BRDA:43,4,1,0
BRDA:67,5,0,0
BRDA:67,5,1,0
BRDA:131,6,0,0
BRDA:131,6,1,0
BRDA:131,6,2,0
BRDA:131,6,3,0
BRF:16
BRH:0
end_of_record
TN:
SF:src/infra/monitoring/health-check.service.ts
FN:6,getRedisClient
FN:11,(anonymous_10)
FN:51,performHealthCheck
FN:66,(anonymous_12)
FN:94,checkApiHealth
FN:114,checkDatabaseHealth
FN:145,checkRedisHealth
FN:187,simpleHealthCheck
FNF:8
FNH:0
FNDA:0,getRedisClient
FNDA:0,(anonymous_10)
FNDA:0,performHealthCheck
FNDA:0,(anonymous_12)
FNDA:0,checkApiHealth
FNDA:0,checkDatabaseHealth
FNDA:0,checkRedisHealth
FNDA:0,simpleHealthCheck
DA:1,1
DA:4,1
DA:7,0
DA:8,0
DA:11,0
DA:12,0
DA:15,0
DA:18,0
DA:51,1
DA:52,0
DA:53,0
DA:59,0
DA:61,0
DA:62,0
DA:63,0
DA:66,0
DA:67,0
DA:68,0
DA:69,0
DA:70,0
DA:71,0
DA:74,0
DA:95,0
DA:96,0
DA:98,0
DA:99,0
DA:104,0
DA:115,0
DA:116,0
DA:118,0
DA:119,0
DA:121,0
DA:122,0
DA:127,0
DA:134,0
DA:146,0
DA:147,0
DA:148,0
DA:151,0
DA:153,0
DA:154,0
DA:156,0
DA:157,0
DA:162,0
DA:170,0
DA:176,0
DA:187,1
DA:188,0
DA:190,0
DA:192,0
DA:193,0
DA:198,0
DA:204,0
LF:53
LH:4
BRDA:7,0,0,0
BRDA:7,0,1,0
BRDA:61,1,0,0
BRDA:61,1,1,0
BRDA:62,2,0,0
BRDA:62,2,1,0
BRDA:63,3,0,0
BRDA:63,3,1,0
BRDA:68,4,0,0
BRDA:68,4,1,0
BRDA:70,5,0,0
BRDA:70,5,1,0
BRDA:85,6,0,0
BRDA:85,6,1,0
BRDA:87,7,0,0
BRDA:87,7,1,0
BRDA:121,8,0,0
BRDA:121,8,1,0
BRDA:137,9,0,0
BRDA:137,9,1,0
BRDA:151,10,0,0
BRDA:151,10,1,0
BRDA:156,11,0,0
BRDA:156,11,1,0
BRDA:179,12,0,0
BRDA:179,12,1,0
BRDA:192,13,0,0
BRDA:192,13,1,0
BRF:28
BRH:0
end_of_record
TN:
SF:src/infra/wecom/wecom.client.ts
FN:6,(anonymous_0)
FNF:1
FNH:0
FNDA:0,(anonymous_0)
DA:3,0
DA:7,0
LF:2
LH:0
BRF:0
BRH:0
end_of_record
TN:
SF:src/modules/archive/controller/archive.controller.ts
FN:16,getMemberArchive
FN:37,upsertMemberArchive
FN:66,searchMemberArchives
FN:80,getConversationMemberArchives
FN:85,(anonymous_4)
FN:103,getPatientArchiveChangeLog
FN:112,batchUpdateMemberArchives
FN:158,(anonymous_7)
FN:159,(anonymous_8)
FN:165,analyzeMessageAndUpdateArchiveController
FN:180,analyzeArchiveForImprovementsController
FN:197,analyzeConversationAndUpdateArchivesController
FN:204,getArchiveAnalysisHistoryController
FNF:13
FNH:0
FNDA:0,getMemberArchive
FNDA:0,upsertMemberArchive
FNDA:0,searchMemberArchives
FNDA:0,getConversationMemberArchives
FNDA:0,(anonymous_4)
FNDA:0,getPatientArchiveChangeLog
FNDA:0,batchUpdateMemberArchives
FNDA:0,(anonymous_7)
FNDA:0,(anonymous_8)
FNDA:0,analyzeMessageAndUpdateArchiveController
FNDA:0,analyzeArchiveForImprovementsController
FNDA:0,analyzeConversationAndUpdateArchivesController
FNDA:0,getArchiveAnalysisHistoryController
DA:1,1
DA:16,1
DA:17,0
DA:18,0
DA:19,0
DA:26,0
DA:28,0
DA:37,1
DA:42,0
DA:55,0
DA:56,0
DA:58,0
DA:66,1
DA:67,0
DA:73,0
DA:74,0
DA:76,0
DA:80,1
DA:81,0
DA:84,0
DA:86,0
DA:87,0
DA:95,0
DA:103,1
DA:104,0
DA:108,1
DA:109,1
DA:112,1
DA:125,0
DA:127,0
DA:128,0
DA:129,0
DA:132,0
DA:133,0
DA:142,0
DA:148,0
DA:156,0
DA:158,0
DA:159,0
DA:165,1
DA:166,0
DA:176,0
DA:180,1
DA:185,0
DA:189,0
DA:197,1
DA:198,0
DA:200,0
DA:204,1
DA:209,0
DA:211,0
LF:51
LH:13
BRDA:18,0,0,0
BRDA:18,0,1,0
BRDA:40,1,0,0
BRDA:43,2,0,0
BRDA:43,2,1,0
BRDA:44,3,0,0
BRDA:44,3,1,0
BRDA:45,4,0,0
BRDA:45,4,1,0
BRDA:46,5,0,0
BRDA:46,5,1,0
BRDA:47,6,0,0
BRDA:47,6,1,0
BRDA:48,7,0,0
BRDA:48,7,1,0
BRDA:49,8,0,0
BRDA:49,8,1,0
BRDA:50,9,0,0
BRDA:50,9,1,0
BRDA:51,10,0,0
BRDA:51,10,1,0
BRDA:52,11,0,0
BRDA:52,11,1,0
BRDA:61,12,0,0
BRDA:61,12,1,0
BRDA:68,13,0,0
BRDA:68,13,1,0
BRDA:69,14,0,0
BRDA:69,14,1,0
BRDA:70,15,0,0
BRDA:70,15,1,0
BRDA:73,16,0,0
BRDA:73,16,1,0
BRDA:74,17,0,0
BRDA:74,17,1,0
BRDA:90,18,0,0
BRDA:90,18,1,0
BRDA:103,19,0,0
BRDA:118,20,0,0
BRDA:132,21,0,0
BRDA:132,21,1,0
BRDA:151,22,0,0
BRDA:151,22,1,0
BRDA:167,23,0,0
BRDA:167,23,1,0
BRDA:168,24,0,0
BRDA:168,24,1,0
BRDA:169,25,0,0
BRDA:169,25,1,0
BRDA:170,26,0,0
BRDA:170,26,1,0
BRDA:171,27,0,0
BRDA:171,27,1,0
BRDA:172,28,0,0
BRDA:172,28,1,0
BRDA:173,29,0,0
BRDA:173,29,1,0
BRDA:185,30,0,0
BRDA:185,30,1,0
BRDA:198,31,0,0
BRDA:198,31,1,0
BRDA:209,32,0,0
BRDA:209,32,1,0
BRF:63
BRH:0
end_of_record
TN:
SF:src/modules/archive/service/archive.service.ts
FN:38,getMemberArchiveService
FN:56,upsertMemberArchiveService
FN:133,getArchiveChangeLogService
FN:154,searchMemberArchivesService
FN:208,getConversationMemberArchivesService
FN:236,analyzeMessageAndUpdateArchive
FN:283,analyzeArchiveForImprovements
FN:328,analyzeConversationAndUpdateArchives
FN:350,getArchiveAnalysisHistory
FN:382,upsertPatientProfileService
FN:454,getPatientProfileService
FNF:11
FNH:2
FNDA:0,getMemberArchiveService
FNDA:2,upsertMemberArchiveService
FNDA:0,getArchiveChangeLogService
FNDA:0,searchMemberArchivesService
FNDA:0,getConversationMemberArchivesService
FNDA:4,analyzeMessageAndUpdateArchive
FNDA:0,analyzeArchiveForImprovements
FNDA:0,analyzeConversationAndUpdateArchives
FNDA:0,getArchiveAnalysisHistory
FNDA:0,upsertPatientProfileService
FNDA:0,getPatientProfileService
DA:1,5
DA:2,5
DA:38,5
DA:39,0
DA:52,0
DA:56,5
DA:72,2
DA:74,2
DA:116,2
DA:119,2
DA:120,2
DA:129,2
DA:133,5
DA:138,0
DA:150,0
DA:154,5
DA:159,0
DA:160,0
DA:161,0
DA:163,0
DA:164,0
DA:165,0
DA:167,0
DA:168,0
DA:175,0
DA:176,0
DA:179,0
DA:184,0
DA:186,0
DA:187,0
DA:201,0
DA:208,5
DA:209,0
DA:224,0
DA:228,5
DA:236,5
DA:244,4
DA:246,4
DA:250,4
DA:251,3
DA:252,3
DA:253,2
DA:255,2
DA:257,2
DA:258,1
DA:260,2
DA:261,2
DA:266,2
DA:271,2
DA:273,0
DA:274,0
DA:279,4
DA:283,5
DA:296,0
DA:298,0
DA:299,0
DA:300,0
DA:301,0
DA:317,0
DA:324,0
DA:328,5
DA:339,0
DA:341,0
DA:350,5
DA:363,0
DA:382,5
DA:397,0
DA:437,0
DA:440,0
DA:441,0
DA:450,0
DA:454,5
DA:455,0
DA:468,0
LF:74
LH:34
BRDA:52,0,0,0
BRDA:52,0,1,0
BRDA:70,1,0,0
BRDA:103,2,0,2
BRDA:103,2,1,2
BRDA:104,3,0,2
BRDA:104,3,1,1
BRDA:105,4,0,2
BRDA:105,4,1,2
BRDA:106,5,0,2
BRDA:106,5,1,0
BRDA:107,6,0,2
BRDA:107,6,1,2
BRDA:108,7,0,2
BRDA:108,7,1,2
BRDA:109,8,0,2
BRDA:109,8,1,2
BRDA:110,9,0,2
BRDA:110,9,1,2
BRDA:111,10,0,2
BRDA:111,10,1,2
BRDA:112,11,0,2
BRDA:112,11,1,2
BRDA:119,12,0,2
BRDA:119,12,1,0
BRDA:136,13,0,0
BRDA:159,14,0,0
BRDA:159,14,1,0
BRDA:160,15,0,0
BRDA:160,15,1,0
BRDA:167,16,0,0
BRDA:167,16,1,0
BRDA:184,17,0,0
BRDA:184,17,1,0
BRDA:250,18,0,3
BRDA:250,18,1,1
BRDA:250,19,0,4
BRDA:250,19,1,3
BRDA:252,20,0,2
BRDA:252,20,1,1
BRDA:257,21,0,1
BRDA:257,21,1,1
BRDA:260,22,0,2
BRDA:260,22,1,0
BRDA:298,23,0,0
BRDA:298,23,1,0
BRDA:300,24,0,0
BRDA:300,24,1,0
BRDA:321,25,0,0
BRDA:321,25,1,0
BRDA:330,26,0,0
BRDA:353,27,0,0
BRDA:395,28,0,0
BRDA:425,29,0,0
BRDA:425,29,1,0
BRDA:426,30,0,0
BRDA:426,30,1,0
BRDA:427,31,0,0
BRDA:427,31,1,0
BRDA:428,32,0,0
BRDA:428,32,1,0
BRDA:429,33,0,0
BRDA:429,33,1,0
BRDA:430,34,0,0
BRDA:430,34,1,0
BRDA:431,35,0,0
BRDA:431,35,1,0
BRDA:432,36,0,0
BRDA:432,36,1,0
BRDA:433,37,0,0
BRDA:433,37,1,0
BRDA:440,38,0,0
BRDA:440,38,1,0
BRDA:468,39,0,0
BRDA:468,39,1,0
BRF:75
BRH:29
end_of_record
TN:
SF:src/modules/auth/auth.module.ts
FNF:0
FNH:0
DA:1,0
LF:1
LH:0
BRF:0
BRH:0
end_of_record
TN:
SF:src/modules/auth/controller/auth.controller.ts
FN:3,login
FNF:1
FNH:0
FNDA:0,login
DA:1,1
DA:3,1
DA:4,0
LF:3
LH:2
BRF:0
BRH:0
end_of_record
TN:
SF:src/modules/auth/service/auth.service.ts
FN:8,loginService
FNF:1
FNH:0
FNDA:0,loginService
DA:1,1
DA:2,1
DA:3,1
DA:4,1
DA:5,1
DA:6,1
DA:8,1
DA:9,0
DA:10,0
DA:12,0
DA:17,0
DA:18,0
DA:19,0
DA:22,0
DA:23,0
DA:26,0
DA:30,0
DA:36,0
LF:18
LH:7
BRDA:17,0,0,0
BRDA:17,0,1,0
BRDA:18,1,0,0
BRDA:18,1,1,0
BRDA:22,2,0,0
BRDA:22,2,1,0
BRF:6
BRH:0
end_of_record
TN:
SF:src/modules/dashboard/dashboard.module.ts
FNF:0
FNH:0
DA:1,0
LF:1
LH:0
BRF:0
BRH:0
end_of_record
TN:
SF:src/modules/dashboard/controller/dashboard-metrics.controller.ts
FN:3,getWecomDashboardMetrics
FNF:1
FNH:0
FNDA:0,getWecomDashboardMetrics
DA:1,1
DA:3,1
DA:4,0
LF:3
LH:2
BRF:0
BRH:0
end_of_record
TN:
SF:src/modules/dashboard/controller/dashboard.controller.ts
FN:3,getDashboardOverview
FNF:1
FNH:0
FNDA:0,getDashboardOverview
DA:1,1
DA:3,1
DA:4,0
LF:3
LH:2
BRF:0
BRH:0
end_of_record
TN:
SF:src/modules/dashboard/controller/doctor-review.controller.ts
FN:3,createDoctorReviewTask
FN:7,listDoctorReviewTask
FN:11,updateDoctorReviewTaskStatus
FNF:3
FNH:0
FNDA:0,createDoctorReviewTask
FNDA:0,listDoctorReviewTask
FNDA:0,updateDoctorReviewTaskStatus
DA:1,1
DA:3,1
DA:4,0
DA:7,1
DA:8,0
DA:11,1
DA:12,0
LF:7
LH:4
BRF:0
BRH:0
end_of_record
TN:
SF:src/modules/dashboard/service/dashboard.service.ts
FN:3,getDashboardOverviewService
FNF:1
FNH:0
FNDA:0,getDashboardOverviewService
DA:1,1
DA:3,1
DA:22,0
DA:43,0
DA:47,0
LF:5
LH:2
BRDA:43,0,0,0
BRDA:43,0,1,0
BRDA:44,1,0,0
BRDA:44,1,1,0
BRDA:45,2,0,0
BRDA:45,2,1,0
BRDA:48,3,0,0
BRDA:48,3,1,0
BRDA:49,4,0,0
BRDA:49,4,1,0
BRDA:50,5,0,0
BRDA:50,5,1,0
BRDA:52,6,0,0
BRDA:52,6,1,0
BRDA:53,7,0,0
BRDA:53,7,1,0
BRDA:54,8,0,0
BRDA:54,8,1,0
BRDA:55,9,0,0
BRDA:55,9,1,0
BRDA:56,10,0,0
BRDA:56,10,1,0
BRDA:57,11,0,0
BRDA:57,11,1,0
BRDA:58,12,0,0
BRDA:58,12,1,0
BRDA:59,13,0,0
BRDA:59,13,1,0
BRDA:60,14,0,0
BRDA:60,14,1,0
BRDA:61,15,0,0
BRDA:61,15,1,0
BRDA:62,16,0,0
BRDA:62,16,1,0
BRF:34
BRH:0
end_of_record
TN:
SF:src/modules/dashboard/service/doctor-review.service.ts
FN:8,findPendingDoctorReviewTaskBySummary
FN:24,closePendingDoctorReviewTasks
FN:42,closePendingDoctorReviewTasksForLifecycleService
FN:59,ensureDoctorReviewTaskForAlert
FN:86,ensurePriorityDoctorReviewTaskForAlert
FN:108,createDoctorReviewTaskService
FN:121,listDoctorReviewTaskService
FN:134,updateDoctorReviewTaskStatusService
FNF:8
FNH:0
FNDA:0,findPendingDoctorReviewTaskBySummary
FNDA:0,closePendingDoctorReviewTasks
FNDA:0,closePendingDoctorReviewTasksForLifecycleService
FNDA:0,ensureDoctorReviewTaskForAlert
FNDA:0,ensurePriorityDoctorReviewTaskForAlert
FNDA:0,createDoctorReviewTaskService
FNDA:0,listDoctorReviewTaskService
FNDA:0,updateDoctorReviewTaskStatusService
DA:1,1
DA:2,1
DA:3,1
DA:4,1
DA:5,1
DA:6,1
DA:9,0
DA:21,0
DA:25,0
DA:36,0
DA:42,1
DA:43,0
DA:53,0
DA:59,1
DA:60,0
DA:61,0
DA:62,0
DA:70,0
DA:71,0
DA:78,0
DA:86,1
DA:87,0
DA:88,0
DA:89,0
DA:90,0
DA:97,0
DA:105,0
DA:108,1
DA:109,0
DA:110,0
DA:111,0
DA:112,0
DA:118,0
DA:121,1
DA:122,0
DA:128,0
DA:134,1
DA:135,0
DA:136,0
DA:144,0
DA:145,0
DA:146,0
DA:149,0
DA:150,0
DA:153,0
LF:45
LH:12
BRDA:21,0,0,0
BRDA:21,0,1,0
BRDA:38,1,0,0
BRDA:38,1,1,0
BRDA:55,2,0,0
BRDA:55,2,1,0
BRDA:61,3,0,0
BRDA:61,3,1,0
BRDA:87,4,0,0
BRDA:87,4,1,0
BRDA:130,5,0,0
BRDA:130,5,1,0
BRDA:144,6,0,0
BRDA:144,6,1,0
BRDA:145,7,0,0
BRDA:145,7,1,0
BRDA:149,8,0,0
BRDA:149,8,1,0
BRF:18
BRH:0
end_of_record
TN:
SF:src/modules/enrollment/enrollment.module.ts
FNF:0
FNH:0
DA:1,0
LF:1
LH:0
BRF:0
BRH:0
end_of_record
TN:
SF:src/modules/enrollment/controller/outreach-action-query.controller.ts
FN:3,listConversationPendingOutreachActions
FN:7,listConversationActionHistory
FNF:2
FNH:0
FNDA:0,listConversationPendingOutreachActions
FNDA:0,listConversationActionHistory
DA:1,1
DA:3,1
DA:4,0
DA:7,1
DA:8,0
LF:5
LH:3
BRF:0
BRH:0
end_of_record
TN:
SF:src/modules/enrollment/controller/outreach-action.controller.ts
FN:8,createPatientOutreachAction
FN:12,listPatientOutreachAction
FN:16,getPatientOutreachAction
FN:20,updatePatientOutreachActionStatus
FNF:4
FNH:0
FNDA:0,createPatientOutreachAction
FNDA:0,listPatientOutreachAction
FNDA:0,getPatientOutreachAction
FNDA:0,updatePatientOutreachActionStatus
DA:1,1
DA:8,1
DA:9,0
DA:12,1
DA:13,0
DA:16,1
DA:17,0
DA:20,1
DA:21,0
LF:9
LH:5
BRF:0
BRH:0
end_of_record
TN:
SF:src/modules/enrollment/controller/outreach-delivery-log.controller.ts
FN:3,listOutreachDeliveryLogs
FN:8,getOutreachDeliveryLogDetail
FNF:2
FNH:0
FNDA:0,listOutreachDeliveryLogs
FNDA:0,getOutreachDeliveryLogDetail
DA:1,1
DA:3,1
DA:4,0
DA:5,0
DA:8,1
DA:9,0
LF:6
LH:3
BRDA:4,0,0,0
BRDA:4,0,1,0
BRF:2
BRH:0
end_of_record
TN:
SF:src/modules/enrollment/controller/wecom-binding.controller.ts
FN:3,bindWecom
FN:7,getWecomBinding
FNF:2
FNH:0
FNDA:0,bindWecom
FNDA:0,getWecomBinding
DA:1,1
DA:3,1
DA:4,0
DA:7,1
DA:8,0
LF:5
LH:3
BRF:0
BRH:0
end_of_record
TN:
SF:src/modules/enrollment/controller/wecom-outreach.controller.ts
FN:3,previewWecomOutreachAction
FN:7,sendWecomOutreachAction
FNF:2
FNH:0
FNDA:0,previewWecomOutreachAction
FNDA:0,sendWecomOutreachAction
DA:1,1
DA:3,1
DA:4,0
DA:7,1
DA:8,0
LF:5
LH:3
BRF:0
BRH:0
end_of_record
TN:
SF:src/modules/enrollment/service/outreach-action-query.service.ts
FN:3,listConversationPendingOutreachActionsService
FN:19,listConversationActionHistoryService
FNF:2
FNH:0
FNDA:0,listConversationPendingOutreachActionsService
FNDA:0,listConversationActionHistoryService
DA:1,1
DA:3,1
DA:4,0
DA:16,0
DA:19,1
DA:20,0
DA:32,0
LF:7
LH:3
BRF:0
BRH:0
end_of_record
TN:
SF:src/modules/enrollment/service/outreach-action.service.ts
FN:19,ensurePatientExists
FN:30,findOutreachActionByIdService
FN:47,findPendingOutreachAction
FN:70,closePendingOutreachActionsByTypes
FN:90,ensurePatientOutreachActionService
FN:124,ensurePriorityPatientOutreachActionService
FN:163,createPatientOutreachActionService
FN:168,completePendingManualFollowupOutreachActionsService
FN:186,closePendingOutreachActionsForLifecycleService
FN:194,listPatientOutreachActionService
FN:208,updatePatientOutreachActionStatusService
FNF:11
FNH:0
FNDA:0,ensurePatientExists
FNDA:0,findOutreachActionByIdService
FNDA:0,findPendingOutreachAction
FNDA:0,closePendingOutreachActionsByTypes
FNDA:0,ensurePatientOutreachActionService
FNDA:0,ensurePriorityPatientOutreachActionService
FNDA:0,createPatientOutreachActionService
FNDA:0,completePendingManualFollowupOutreachActionsService
FNDA:0,closePendingOutreachActionsForLifecycleService
FNDA:0,listPatientOutreachActionService
FNDA:0,updatePatientOutreachActionStatusService
DA:1,1
DA:2,1
DA:3,1
DA:4,1
DA:5,1
DA:20,0
DA:25,0
DA:26,0
DA:30,1
DA:31,0
DA:39,0
DA:40,0
DA:41,0
DA:44,0
DA:48,0
DA:49,0
DA:50,0
DA:51,0
DA:54,0
DA:67,0
DA:71,0
DA:73,0
DA:84,0
DA:90,1
DA:91,0
DA:92,0
DA:93,0
DA:94,0
DA:96,0
DA:98,0
DA:99,0
DA:100,0
DA:108,0
DA:109,0
DA:116,0
DA:124,1
DA:125,0
DA:126,0
DA:127,0
DA:128,0
DA:130,0
DA:132,0
DA:133,0
DA:134,0
DA:142,0
DA:143,0
DA:144,0
DA:145,0
DA:152,0
DA:160,0
DA:163,1
DA:164,0
DA:165,0
DA:168,1
DA:169,0
DA:180,0
DA:186,1
DA:187,0
DA:194,1
DA:195,0
DA:202,0
DA:208,1
DA:209,0
DA:211,0
DA:212,0
DA:214,0
DA:215,0
DA:221,0
DA:231,0
LF:69
LH:13
BRDA:25,0,0,0
BRDA:25,0,1,0
BRDA:39,1,0,0
BRDA:39,1,1,0
BRDA:40,2,0,0
BRDA:40,2,1,0
BRDA:49,3,0,0
BRDA:49,3,1,0
BRDA:50,4,0,0
BRDA:50,4,1,0
BRDA:67,5,0,0
BRDA:67,5,1,0
BRDA:70,6,0,0
BRDA:71,7,0,0
BRDA:71,7,1,0
BRDA:86,8,0,0
BRDA:86,8,1,0
BRDA:99,9,0,0
BRDA:99,9,1,0
BRDA:133,10,0,0
BRDA:133,10,1,0
BRDA:142,11,0,0
BRDA:142,11,1,0
BRDA:182,12,0,0
BRDA:182,12,1,0
BRDA:190,13,0,0
BRDA:190,13,1,0
BRDA:204,14,0,0
BRDA:204,14,1,0
BRDA:212,15,0,0
BRDA:212,15,1,0
BRDA:212,16,0,0
BRDA:212,16,1,0
BRDA:214,17,0,0
BRDA:214,17,1,0
BRDA:215,18,0,0
BRDA:215,18,1,0
BRDA:216,19,0,0
BRDA:216,19,1,0
BRDA:217,20,0,0
BRDA:217,20,1,0
BRDA:218,21,0,0
BRDA:218,21,1,0
BRF:43
BRH:0
end_of_record
TN:
SF:src/modules/enrollment/service/outreach-delivery-log.service.ts
FN:5,listOutreachDeliveryLogsService
FN:29,getOutreachDeliveryLogDetailService
FN:46,createOutreachDeliveryLogService
FNF:3
FNH:0
FNDA:0,listOutreachDeliveryLogsService
FNDA:0,getOutreachDeliveryLogDetailService
FNDA:0,createOutreachDeliveryLogService
DA:1,1
DA:2,1
DA:3,1
DA:5,1
DA:6,0
DA:7,0
DA:9,0
DA:10,0
DA:11,0
DA:14,0
DA:23,0
DA:29,1
DA:30,0
DA:38,0
DA:39,0
DA:40,0
DA:43,0
DA:46,1
DA:55,0
DA:62,0
LF:20
LH:6
BRDA:9,0,0,0
BRDA:9,0,1,0
BRDA:25,1,0,0
BRDA:25,1,1,0
BRDA:38,2,0,0
BRDA:38,2,1,0
BRDA:39,3,0,0
BRDA:39,3,1,0
BRDA:59,4,0,0
BRDA:59,4,1,0
BRDA:59,5,0,0
BRDA:59,5,1,0
BRF:12
BRH:0
end_of_record
TN:
SF:src/modules/enrollment/service/wecom-api-client.service.ts
FN:26,ensureWecomCoreConfig
FN:32,parseWecomJson
FN:41,getWecomAccessTokenService
FN:68,callWecomSendMessageApi
FN:84,sendWecomAppMessageService
FNF:5
FNH:0
FNDA:0,ensureWecomCoreConfig
FNDA:0,parseWecomJson
FNDA:0,getWecomAccessTokenService
FNDA:0,callWecomSendMessageApi
FNDA:0,sendWecomAppMessageService
DA:1,1
DA:2,1
DA:3,1
DA:24,1
DA:27,0
DA:28,0
DA:33,0
DA:34,0
DA:35,0
DA:37,0
DA:41,1
DA:42,0
DA:44,0
DA:45,0
DA:46,0
DA:49,0
DA:50,0
DA:51,0
DA:53,0
DA:54,0
DA:56,0
DA:57,0
DA:60,0
DA:65,0
DA:69,0
DA:70,0
DA:72,0
DA:80,0
DA:81,0
DA:84,1
DA:85,0
DA:87,0
DA:98,0
DA:99,0
DA:102,0
DA:103,0
DA:106,0
DA:107,0
DA:109,0
DA:110,0
DA:111,0
DA:114,0
DA:115,0
DA:123,0
LF:44
LH:6
BRDA:27,0,0,0
BRDA:27,0,1,0
BRDA:27,1,0,0
BRDA:27,1,1,0
BRDA:27,1,2,0
BRDA:41,2,0,0
BRDA:45,3,0,0
BRDA:45,3,1,0
BRDA:45,4,0,0
BRDA:45,4,1,0
BRDA:45,4,2,0
BRDA:56,5,0,0
BRDA:56,5,1,0
BRDA:56,6,0,0
BRDA:56,6,1,0
BRDA:56,6,2,0
BRDA:62,7,0,0
BRDA:62,7,1,0
BRDA:98,8,0,0
BRDA:98,8,1,0
BRDA:102,9,0,0
BRDA:102,9,1,0
BRDA:109,10,0,0
BRDA:109,10,1,0
BRDA:109,11,0,0
BRDA:109,11,1,0
BRDA:114,12,0,0
BRDA:114,12,1,0
BRDA:114,13,0,0
BRDA:114,13,1,0
BRF:30
BRH:0
end_of_record
TN:
SF:src/modules/enrollment/service/wecom-binding.service.ts
FN:13,ensurePatientExists
FN:24,findLatestBinding
FN:37,normalizeBindingPayload
FN:59,bindWecomService
FN:87,getWecomBindingService
FNF:5
FNH:0
FNDA:0,ensurePatientExists
FNDA:0,findLatestBinding
FNDA:0,normalizeBindingPayload
FNDA:0,bindWecomService
FNDA:0,getWecomBindingService
DA:1,1
DA:2,1
DA:3,1
DA:4,1
DA:5,1
DA:14,0
DA:19,0
DA:20,0
DA:25,0
DA:34,0
DA:38,0
DA:39,0
DA:40,0
DA:41,0
DA:43,0
DA:49,0
DA:50,0
DA:51,0
DA:53,0
DA:59,1
DA:60,0
DA:62,0
DA:63,0
DA:64,0
DA:66,0
DA:73,0
DA:76,0
DA:77,0
DA:84,0
DA:87,1
DA:88,0
DA:97,0
LF:32
LH:7
BRDA:19,0,0,0
BRDA:19,0,1,0
BRDA:34,1,0,0
BRDA:34,1,1,0
BRDA:38,2,0,0
BRDA:38,2,1,0
BRDA:40,3,0,0
BRDA:40,3,1,0
BRDA:50,4,0,0
BRDA:50,4,1,0
BRDA:66,5,0,0
BRDA:66,5,1,0
BRDA:67,6,0,0
BRDA:67,6,1,0
BRDA:67,6,2,0
BRDA:67,6,3,0
BRDA:67,6,4,0
BRDA:97,7,0,0
BRDA:97,7,1,0
BRF:19
BRH:0
end_of_record
TN:
SF:src/modules/enrollment/service/wecom-message-sender.service.ts
FN:31,hasCoreWecomConfig
FN:35,sendWecomTextMessageService
FNF:2
FNH:0
FNDA:0,hasCoreWecomConfig
FNDA:0,sendWecomTextMessageService
DA:1,1
DA:2,1
DA:32,0
DA:35,1
DA:36,0
DA:45,0
DA:46,0
DA:55,0
DA:61,0
DA:62,0
DA:76,0
LF:11
LH:3
BRDA:32,0,0,0
BRDA:32,0,1,0
BRDA:32,0,2,0
BRDA:45,1,0,0
BRDA:45,1,1,0
BRDA:56,2,0,0
BRDA:56,2,1,0
BRDA:61,3,0,0
BRDA:61,3,1,0
BRDA:65,4,0,0
BRDA:65,4,1,0
BRF:11
BRH:0
end_of_record
TN:
SF:src/modules/enrollment/service/wecom-outreach.service.ts
FN:28,findOutreachActionById
FN:40,findActiveWecomBinding
FN:54,hasWecomConfig
FN:58,resolveWecomReceiver
FN:94,markOutreachActionFailedService
FN:106,markOutreachActionSentService
FN:118,previewWecomOutreachActionService
FN:137,sendWecomOutreachActionService
FNF:8
FNH:0
FNDA:0,findOutreachActionById
FNDA:0,findActiveWecomBinding
FNDA:0,hasWecomConfig
FNDA:0,resolveWecomReceiver
FNDA:0,markOutreachActionFailedService
FNDA:0,markOutreachActionSentService
FNDA:0,previewWecomOutreachActionService
FNDA:0,sendWecomOutreachActionService
DA:1,1
DA:2,1
DA:3,1
DA:4,1
DA:5,1
DA:6,1
DA:29,0
DA:37,0
DA:41,0
DA:51,0
DA:55,0
DA:59,0
DA:60,0
DA:68,0
DA:69,0
DA:77,0
DA:78,0
DA:86,0
DA:94,1
DA:95,0
DA:103,0
DA:106,1
DA:107,0
DA:115,0
DA:118,1
DA:119,0
DA:120,0
DA:121,0
DA:124,0
DA:125,0
DA:127,0
DA:137,1
DA:138,0
DA:139,0
DA:141,0
DA:142,0
DA:145,0
DA:146,0
DA:147,0
DA:155,0
DA:165,0
DA:166,0
DA:167,0
DA:175,0
DA:185,0
DA:191,0
DA:192,0
DA:193,0
DA:201,0
DA:212,0
DA:213,0
DA:221,0
LF:52
LH:10
BRDA:37,0,0,0
BRDA:37,0,1,0
BRDA:51,1,0,0
BRDA:51,1,1,0
BRDA:55,2,0,0
BRDA:55,2,1,0
BRDA:55,2,2,0
BRDA:59,3,0,0
BRDA:59,3,1,0
BRDA:68,4,0,0
BRDA:68,4,1,0
BRDA:68,5,0,0
BRDA:68,5,1,0
BRDA:77,6,0,0
BRDA:77,6,1,0
BRDA:77,7,0,0
BRDA:77,7,1,0
BRDA:103,8,0,0
BRDA:103,8,1,0
BRDA:115,9,0,0
BRDA:115,9,1,0
BRDA:120,10,0,0
BRDA:120,10,1,0
BRDA:133,11,0,0
BRDA:133,11,1,0
BRDA:133,11,2,0
BRDA:141,12,0,0
BRDA:141,12,1,0
BRDA:145,13,0,0
BRDA:145,13,1,0
BRDA:146,14,0,0
BRDA:146,14,1,0
BRDA:153,15,0,0
BRDA:153,15,1,0
BRDA:165,16,0,0
BRDA:165,16,1,0
BRDA:191,17,0,0
BRDA:191,17,1,0
BRDA:192,18,0,0
BRDA:192,18,1,0
BRDA:199,19,0,0
BRDA:199,19,1,0
BRDA:219,20,0,0
BRDA:219,20,1,0
BRF:44
BRH:0
end_of_record
TN:
SF:src/modules/health-record/health-record.module.ts
FNF:0
FNH:0
DA:1,0
LF:1
LH:0
BRF:0
BRH:0
end_of_record
TN:
SF:src/modules/health-record/controller/health-record.controller.ts
FN:3,createGlucoseRecord
FN:7,createBloodPressureRecord
FN:11,createWeightRecord
FNF:3
FNH:0
FNDA:0,createGlucoseRecord
FNDA:0,createBloodPressureRecord
FNDA:0,createWeightRecord
DA:1,1
DA:3,1
DA:4,0
DA:7,1
DA:8,0
DA:11,1
DA:12,0
LF:7
LH:4
BRF:0
BRH:0
end_of_record
TN:
SF:src/modules/health-record/service/health-record.service.ts
FN:13,ensureRange
FN:20,createGlucoseRecordService
FN:48,createBloodPressureRecordService
FN:80,createWeightRecordService
FN:93,getPatientHealthRecordsService
FNF:5
FNH:0
FNDA:0,ensureRange
FNDA:0,createGlucoseRecordService
FNDA:0,createBloodPressureRecordService
FNDA:0,createWeightRecordService
FNDA:0,getPatientHealthRecordsService
DA:1,1
DA:2,1
DA:3,1
DA:4,1
DA:5,1
DA:6,1
DA:7,1
DA:9,1
DA:10,1
DA:11,1
DA:14,0
DA:15,0
DA:17,0
DA:20,1
DA:21,0
DA:22,0
DA:23,0
DA:30,0
DA:31,0
DA:32,0
DA:37,0
DA:45,0
DA:48,1
DA:49,0
DA:50,0
DA:51,0
DA:52,0
DA:59,0
DA:60,0
DA:64,0
DA:69,0
DA:77,0
DA:80,1
DA:81,0
DA:82,0
DA:83,0
DA:89,0
DA:93,1
DA:95,0
DA:105,0
DA:115,0
DA:125,0
DA:127,0
DA:134,0
DA:141,0
DA:148,0
LF:46
LH:14
BRDA:14,0,0,0
BRDA:14,0,1,0
BRDA:14,1,0,0
BRDA:14,1,1,0
BRDA:27,2,0,0
BRDA:27,2,1,0
BRDA:27,3,0,0
BRDA:27,3,1,0
BRDA:27,4,0,0
BRDA:27,4,1,0
BRDA:31,5,0,0
BRDA:31,5,1,0
BRDA:56,6,0,0
BRDA:56,6,1,0
BRDA:56,7,0,0
BRDA:56,7,1,0
BRDA:60,8,0,0
BRDA:60,8,1,0
BRDA:61,9,0,0
BRDA:61,9,1,0
BRDA:87,10,0,0
BRDA:87,10,1,0
BRDA:87,11,0,0
BRDA:87,11,1,0
BRDA:93,12,0,0
BRDA:154,13,0,0
BRDA:154,13,1,0
BRDA:155,14,0,0
BRDA:155,14,1,0
BRDA:158,15,0,0
BRDA:158,15,1,0
BRDA:159,16,0,0
BRDA:159,16,1,0
BRDA:160,17,0,0
BRDA:160,17,1,0
BRDA:163,18,0,0
BRDA:163,18,1,0
BRDA:164,19,0,0
BRDA:164,19,1,0
BRF:39
BRH:0
end_of_record
TN:
SF:src/modules/patient/patient.module.ts
FNF:0
FNH:0
DA:1,0
LF:1
LH:0
BRF:0
BRH:0
end_of_record
TN:
SF:src/modules/patient/controller/patient-tag.controller.ts
FN:3,createPatientTag
FN:7,bindPatientTag
FNF:2
FNH:0
FNDA:0,createPatientTag
FNDA:0,bindPatientTag
DA:1,1
DA:3,1
DA:4,0
DA:7,1
DA:8,0
LF:5
LH:3
BRF:0
BRH:0
end_of_record
TN:
SF:src/modules/patient/controller/patient.controller.new.ts
FN:7,listPatients
FN:11,createPatient
FN:15,getPatientDetail
FN:19,updatePatientProfile
FN:24,getPatientHealthRecords
FNF:5
FNH:0
FNDA:0,listPatients
FNDA:0,createPatient
FNDA:0,getPatientDetail
FNDA:0,updatePatientProfile
FNDA:0,getPatientHealthRecords
DA:5,0
DA:8,0
DA:12,0
DA:16,0
DA:20,0
DA:26,0
LF:6
LH:0
BRF:0
BRH:0
end_of_record
TN:
SF:src/modules/patient/controller/patient.controller.ts
FN:4,listPatients
FN:8,createPatient
FN:12,getPatientDetail
FN:16,updatePatientProfile
FN:20,getPatientHealthRecords
FNF:5
FNH:0
FNDA:0,listPatients
FNDA:0,createPatient
FNDA:0,getPatientDetail
FNDA:0,updatePatientProfile
FNDA:0,getPatientHealthRecords
DA:1,1
DA:2,1
DA:4,1
DA:5,0
DA:8,1
DA:9,0
DA:12,1
DA:13,0
DA:16,1
DA:17,0
DA:20,1
DA:21,0
LF:12
LH:7
BRF:0
BRH:0
end_of_record
TN:
SF:src/modules/patient/di/register.ts
FNF:0
FNH:0
DA:6,0
LF:1
LH:0
BRF:0
BRH:0
end_of_record
TN:
SF:src/modules/patient/repository/patient.repository.ts
FN:53,(anonymous_1)
FN:64,(anonymous_2)
FN:74,(anonymous_3)
FN:95,(anonymous_4)
FN:128,(anonymous_5)
FN:138,(anonymous_6)
FNF:6
FNH:0
FNDA:0,(anonymous_1)
FNDA:0,(anonymous_2)
FNDA:0,(anonymous_3)
FNDA:0,(anonymous_4)
FNDA:0,(anonymous_5)
FNDA:0,(anonymous_6)
DA:52,0
DA:54,0
DA:61,0
DA:65,0
DA:75,0
DA:76,0
DA:92,0
DA:96,0
DA:125,0
DA:129,0
DA:139,0
DA:147,0
LF:12
LH:0
BRDA:53,0,0,0
BRDA:82,1,0,0
BRDA:82,1,1,0
BRDA:85,2,0,0
BRDA:85,2,1,0
BRDA:86,3,0,0
BRDA:86,3,1,0
BRDA:87,4,0,0
BRDA:87,4,1,0
BRDA:88,5,0,0
BRDA:88,5,1,0
BRDA:89,6,0,0
BRDA:89,6,1,0
BRDA:114,7,0,0
BRDA:114,7,1,0
BRDA:115,8,0,0
BRDA:115,8,1,0
BRDA:116,9,0,0
BRDA:116,9,1,0
BRDA:117,10,0,0
BRDA:117,10,1,0
BRDA:118,11,0,0
BRDA:118,11,1,0
BRDA:119,12,0,0
BRDA:119,12,1,0
BRDA:120,13,0,0
BRDA:120,13,1,0
BRDA:121,14,0,0
BRDA:121,14,1,0
BRDA:122,15,0,0
BRDA:122,15,1,0
BRF:31
BRH:0
end_of_record
TN:
SF:src/modules/patient/service/patient-tag.service.ts
FN:5,createPatientTagService
FN:17,bindPatientTagService
FNF:2
FNH:0
FNDA:0,createPatientTagService
FNDA:0,bindPatientTagService
DA:1,1
DA:2,1
DA:3,1
DA:5,1
DA:6,0
DA:7,0
DA:8,0
DA:14,0
DA:17,1
DA:18,0
DA:19,0
DA:20,0
DA:26,0
LF:13
LH:5
BRDA:12,0,0,0
BRDA:12,0,1,0
BRDA:12,1,0,0
BRDA:12,1,1,0
BRF:4
BRH:0
end_of_record
TN:
SF:src/modules/patient/service/patient.service.new.ts
FN:76,(anonymous_4)
FN:80,(anonymous_5)
FN:88,(anonymous_6)
FN:107,(anonymous_7)
FN:148,(anonymous_8)
FN:171,(anonymous_9)
FN:183,(anonymous_10)
FN:195,(anonymous_11)
FNF:8
FNH:0
FNDA:0,(anonymous_4)
FNDA:0,(anonymous_5)
FNDA:0,(anonymous_6)
FNDA:0,(anonymous_7)
FNDA:0,(anonymous_8)
FNDA:0,(anonymous_9)
FNDA:0,(anonymous_10)
FNDA:0,(anonymous_11)
DA:75,0
DA:77,0
DA:81,0
DA:82,0
DA:89,0
DA:90,0
DA:91,0
DA:93,0
DA:104,0
DA:108,0
DA:109,0
DA:110,0
DA:119,0
DA:127,0
DA:150,0
DA:151,0
DA:152,0
DA:155,0
DA:167,0
DA:168,0
DA:172,0
DA:180,0
DA:184,0
DA:192,0
DA:196,0
DA:205,0
LF:26
LH:0
BRDA:90,0,0,0
BRDA:90,0,1,0
BRDA:91,1,0,0
BRDA:91,1,1,0
BRDA:94,2,0,0
BRDA:94,2,1,0
BRDA:97,3,0,0
BRDA:97,3,1,0
BRDA:98,4,0,0
BRDA:98,4,1,0
BRDA:99,5,0,0
BRDA:99,5,1,0
BRDA:101,6,0,0
BRDA:101,6,1,0
BRDA:109,7,0,0
BRDA:109,7,1,0
BRDA:129,8,0,0
BRDA:129,8,1,0
BRDA:151,9,0,0
BRDA:151,9,1,0
BRDA:156,10,0,0
BRDA:156,10,1,0
BRDA:157,11,0,0
BRDA:157,11,1,0
BRDA:158,12,0,0
BRDA:158,12,1,0
BRDA:159,13,0,0
BRDA:159,13,1,0
BRDA:160,14,0,0
BRDA:160,14,1,0
BRDA:161,15,0,0
BRDA:161,15,1,0
BRDA:162,16,0,0
BRDA:162,16,1,0
BRDA:163,17,0,0
BRDA:163,17,1,0
BRDA:164,18,0,0
BRDA:164,18,1,0
BRDA:192,19,0,0
BRDA:192,19,1,0
BRF:40
BRH:0
end_of_record
TN:
SF:src/modules/patient/service/patient.service.ts
FN:18,listPatientsService
FN:32,createPatientService
FN:47,getPatientDetailService
FN:114,updatePatientProfileService
FNF:4
FNH:0
FNDA:0,listPatientsService
FNDA:0,createPatientService
FNDA:0,getPatientDetailService
FNDA:0,updatePatientProfileService
DA:1,1
DA:2,1
DA:3,1
DA:4,1
DA:5,1
DA:18,1
DA:19,0
DA:26,0
DA:32,1
DA:33,0
DA:34,0
DA:35,0
DA:36,0
DA:37,0
DA:44,0
DA:47,1
DA:48,0
DA:56,0
DA:57,0
DA:58,0
DA:61,0
DA:104,0
DA:114,1
DA:115,0
DA:116,0
DA:117,0
DA:120,0
DA:121,0
DA:122,0
DA:123,0
DA:124,0
DA:125,0
DA:126,0
DA:127,0
DA:128,0
DA:130,0
DA:149,0
LF:37
LH:9
BRDA:28,0,0,0
BRDA:28,0,1,0
BRDA:34,1,0,0
BRDA:34,1,1,0
BRDA:35,2,0,0
BRDA:35,2,1,0
BRDA:41,3,0,0
BRDA:41,3,1,0
BRDA:41,4,0,0
BRDA:41,4,1,0
BRDA:41,5,0,0
BRDA:41,5,1,0
BRDA:41,6,0,0
BRDA:41,6,1,0
BRDA:41,7,0,0
BRDA:41,7,1,0
BRDA:56,8,0,0
BRDA:56,8,1,0
BRDA:57,9,0,0
BRDA:57,9,1,0
BRDA:106,10,0,0
BRDA:106,10,1,0
BRDA:109,11,0,0
BRDA:109,11,1,0
BRDA:116,12,0,0
BRDA:116,12,1,0
BRDA:120,13,0,0
BRDA:120,13,1,0
BRDA:121,14,0,0
BRDA:121,14,1,0
BRDA:122,15,0,0
BRDA:122,15,1,0
BRDA:123,16,0,0
BRDA:123,16,1,0
BRDA:124,17,0,0
BRDA:124,17,1,0
BRDA:125,18,0,0
BRDA:125,18,1,0
BRDA:126,19,0,0
BRDA:126,19,1,0
BRDA:127,20,0,0
BRDA:127,20,1,0
BRDA:128,21,0,0
BRDA:128,21,1,0
BRF:44
BRH:0
end_of_record
TN:
SF:src/modules/wecom-intelligence/wecom-intelligence.module.ts
FNF:0
FNH:0
DA:1,0
LF:1
LH:0
BRF:0
BRH:0
end_of_record
TN:
SF:src/modules/wecom-intelligence/controller/action-feedback.controller.ts
FN:11,requireFeedbackStatus
FN:21,requireFeedbackType
FN:31,normalizeNotes
FN:37,submitOutreachActionFeedback
FN:49,submitDoctorReviewTaskFeedback
FNF:5
FNH:0
FNDA:0,requireFeedbackStatus
FNDA:0,requireFeedbackType
FNDA:0,normalizeNotes
FNDA:0,submitOutreachActionFeedback
FNDA:0,submitDoctorReviewTaskFeedback
DA:1,1
DA:2,1
DA:12,0
DA:13,0
DA:15,0
DA:16,0
DA:18,0
DA:22,0
DA:23,0
DA:25,0
DA:26,0
DA:28,0
DA:32,0
DA:33,0
DA:34,0
DA:37,1
DA:38,0
DA:39,0
DA:42,0
DA:49,1
DA:50,0
DA:51,0
DA:54,0
LF:23
LH:4
BRDA:12,0,0,0
BRDA:12,0,1,0
BRDA:15,1,0,0
BRDA:15,1,1,0
BRDA:22,2,0,0
BRDA:22,2,1,0
BRDA:25,3,0,0
BRDA:25,3,1,0
BRDA:32,4,0,0
BRDA:32,4,1,0
BRDA:34,5,0,0
BRDA:34,5,1,0
BRDA:38,6,0,0
BRDA:38,6,1,0
BRDA:50,7,0,0
BRDA:50,7,1,0
BRF:16
BRH:0
end_of_record
TN:
SF:src/modules/wecom-intelligence/controller/automation-query.controller.ts
FN:8,listWecomEventState
FN:12,listWecomAutomationAudit
FN:16,getWecomConversationOpsView
FNF:3
FNH:0
FNDA:0,listWecomEventState
FNDA:0,listWecomAutomationAudit
FNDA:0,getWecomConversationOpsView
DA:1,1
DA:2,1
DA:8,1
DA:9,0
DA:12,1
DA:13,0
DA:16,1
DA:17,0
DA:18,0
DA:20,0
LF:10
LH:5
BRDA:17,0,0,0
BRDA:17,0,1,0
BRF:2
BRH:0
end_of_record
TN:
SF:src/modules/wecom-intelligence/controller/business-action.controller.ts
FN:4,createBusinessActionsFromConversation
FNF:1
FNH:0
FNDA:0,createBusinessActionsFromConversation
DA:1,1
DA:2,1
DA:4,1
DA:5,0
DA:6,0
DA:9,0
DA:10,0
DA:13,0
DA:14,0
LF:9
LH:3
BRDA:5,0,0,0
BRDA:5,0,1,0
BRDA:9,1,0,0
BRDA:9,1,1,0
BRDA:13,2,0,0
BRDA:13,2,1,0
BRF:6
BRH:0
end_of_record
TN:
SF:src/modules/wecom-intelligence/controller/business-feedback.controller.ts
FN:4,generateConversationBusinessFeedback
FN:13,getCustomerFeedback
FNF:2
FNH:0
FNDA:0,generateConversationBusinessFeedback
FNDA:0,getCustomerFeedback
DA:1,1
DA:2,1
DA:4,1
DA:5,0
DA:6,0
DA:9,0
DA:10,0
DA:13,1
DA:14,0
DA:15,0
DA:18,0
LF:11
LH:4
BRDA:5,0,0,0
BRDA:5,0,1,0
BRDA:9,1,0,0
BRDA:9,1,1,0
BRDA:14,2,0,0
BRDA:14,2,1,0
BRF:6
BRH:0
end_of_record
TN:
SF:src/modules/wecom-intelligence/controller/business-routing.controller.ts
FN:19,updateMetrics
FN:41,getMetrics
FN:46,getConversationMessages
FN:64,processMessageWithBusinessRouting
FN:97,processConversationWithBusinessRouting
FN:147,(anonymous_5)
FN:147,(anonymous_6)
FN:255,processMessageWithSpecificHandler
FN:290,(anonymous_8)
FN:336,getMessageBusinessProcessingResult
FNF:10
FNH:7
FNDA:11,updateMetrics
FNDA:0,getMetrics
FNDA:5,getConversationMessages
FNDA:6,processMessageWithBusinessRouting
FNDA:5,processConversationWithBusinessRouting
FNDA:0,(anonymous_5)
FNDA:0,(anonymous_6)
FNDA:4,processMessageWithSpecificHandler
FNDA:2,(anonymous_8)
FNDA:2,getMessageBusinessProcessingResult
DA:1,2
DA:2,2
DA:3,2
DA:6,2
DA:20,11
DA:21,11
DA:22,8
DA:23,8
DA:25,3
DA:26,3
DA:28,11
DA:29,4
DA:30,4
DA:32,11
DA:33,11
DA:36,11
DA:37,0
DA:42,0
DA:47,5
DA:57,5
DA:64,2
DA:67,6
DA:68,6
DA:70,6
DA:71,2
DA:72,2
DA:75,4
DA:76,4
DA:77,2
DA:78,2
DA:79,2
DA:80,2
DA:82,2
DA:83,2
DA:85,2
DA:86,2
DA:88,2
DA:89,2
DA:97,2
DA:101,5
DA:102,5
DA:104,5
DA:105,0
DA:106,0
DA:109,5
DA:111,5
DA:113,5
DA:114,5
DA:115,5
DA:117,5
DA:118,2
DA:119,2
DA:120,2
DA:121,2
DA:135,3
DA:136,3
DA:137,3
DA:138,3
DA:139,3
DA:140,3
DA:143,3
DA:144,3
DA:147,3
DA:150,3
DA:151,3
DA:152,3
DA:153,3
DA:155,3
DA:158,3
DA:159,4
DA:161,4
DA:163,4
DA:165,3
DA:166,3
DA:174,3
DA:175,2
DA:178,1
DA:179,1
DA:187,1
DA:188,1
DA:192,3
DA:193,1
DA:194,0
DA:195,1
DA:196,1
DA:200,3
DA:202,1
DA:203,1
DA:204,1
DA:212,3
DA:213,0
DA:214,0
DA:218,3
DA:219,3
DA:220,3
DA:222,3
DA:228,3
DA:230,3
DA:243,0
DA:244,0
DA:246,0
DA:247,0
DA:255,2
DA:259,4
DA:260,4
DA:262,4
DA:263,0
DA:264,0
DA:267,4
DA:269,4
DA:270,4
DA:271,2
DA:272,2
DA:276,2
DA:283,2
DA:290,2
DA:298,2
DA:299,2
DA:300,2
DA:302,0
DA:303,0
DA:306,2
DA:307,2
DA:308,2
DA:310,2
DA:312,2
DA:327,2
DA:328,2
DA:329,2
DA:336,2
DA:339,2
DA:340,2
DA:342,2
DA:343,0
DA:344,0
DA:347,2
DA:350,2
DA:352,2
DA:353,2
DA:355,2
DA:365,0
DA:366,0
DA:367,0
LF:143
LH:123
BRDA:21,0,0,8
BRDA:21,0,1,3
BRDA:28,1,0,4
BRDA:28,1,1,7
BRDA:36,2,0,0
BRDA:36,2,1,11
BRDA:70,3,0,2
BRDA:70,3,1,4
BRDA:79,4,0,2
BRDA:79,4,1,1
BRDA:104,5,0,0
BRDA:104,5,1,5
BRDA:109,6,0,5
BRDA:109,6,1,3
BRDA:117,7,0,2
BRDA:117,7,1,3
BRDA:163,8,0,3
BRDA:163,8,1,1
BRDA:171,9,0,3
BRDA:171,9,1,0
BRDA:184,10,0,1
BRDA:184,10,1,0
BRDA:192,11,0,1
BRDA:192,11,1,2
BRDA:193,12,0,0
BRDA:193,12,1,1
BRDA:195,13,0,1
BRDA:195,13,1,0
BRDA:202,14,0,1
BRDA:202,14,1,0
BRDA:212,15,0,0
BRDA:212,15,1,3
BRDA:220,16,0,3
BRDA:220,16,1,3
BRDA:239,17,0,1
BRDA:239,17,1,2
BRDA:262,18,0,0
BRDA:262,18,1,4
BRDA:262,19,0,4
BRDA:262,19,1,4
BRDA:270,20,0,2
BRDA:270,20,1,2
BRDA:288,21,0,2
BRDA:288,21,1,0
BRDA:292,22,0,2
BRDA:292,22,1,0
BRDA:298,23,0,2
BRDA:298,23,1,0
BRDA:307,24,0,2
BRDA:307,24,1,0
BRDA:308,25,0,2
BRDA:308,25,1,0
BRDA:342,26,0,0
BRDA:342,26,1,2
BRF:54
BRH:39
end_of_record
TN:
SF:src/modules/wecom-intelligence/controller/conversation-list.controller.ts
FN:3,listWecomConversations
FNF:1
FNH:0
FNDA:0,listWecomConversations
DA:1,1
DA:3,1
DA:4,0
LF:3
LH:2
BRF:0
BRH:0
end_of_record
TN:
SF:src/modules/wecom-intelligence/controller/conversation.controller.ts
FN:5,getWecomConversationDetail
FN:9,listWecomConversationMessages
FN:18,getWecomConversationLatestInsight
FNF:3
FNH:0
FNDA:0,getWecomConversationDetail
FNDA:0,listWecomConversationMessages
FNDA:0,getWecomConversationLatestInsight
DA:1,1
DA:2,1
DA:3,1
DA:5,1
DA:6,0
DA:9,1
DA:10,0
DA:18,1
DA:19,0
LF:9
LH:6
BRDA:12,0,0,0
BRDA:12,0,1,0
BRDA:13,1,0,0
BRDA:13,1,1,0
BRDA:14,2,0,0
BRDA:14,2,1,0
BRF:6
BRH:0
end_of_record
TN:
SF:src/modules/wecom-intelligence/controller/insight.controller.ts
FN:4,createWecomConversationInsight
FN:12,listConversationInsights
FN:16,getConversationInsightDetail
FNF:3
FNH:0
FNDA:0,createWecomConversationInsight
FNDA:0,listConversationInsights
FNDA:0,getConversationInsightDetail
DA:1,1
DA:2,1
DA:4,1
DA:5,0
DA:6,0
DA:9,0
DA:12,1
DA:13,0
DA:16,1
DA:17,0
DA:18,0
DA:21,0
LF:12
LH:5
BRDA:5,0,0,0
BRDA:5,0,1,0
BRDA:17,1,0,0
BRDA:17,1,1,0
BRF:4
BRH:0
end_of_record
TN:
SF:src/modules/wecom-intelligence/controller/mapping-management.controller.ts
FN:15,listUnmappedWecomCustomers
FN:19,listConflictWecomCustomers
FN:23,listWecomMappingAudit
FN:27,getWecomMappingAuditSummary
FN:31,getWecomMappingGovernanceDashboard
FN:35,confirmConversationPatientMapping
FN:43,confirmConversationPatientMappingByPath
FN:51,unconfirmConversationPatientMappingByPath
FN:58,reassignConversationPatientMappingByPath
FN:67,promoteConversationMappingToBindingByPath
FNF:10
FNH:0
FNDA:0,listUnmappedWecomCustomers
FNDA:0,listConflictWecomCustomers
FNDA:0,listWecomMappingAudit
FNDA:0,getWecomMappingAuditSummary
FNDA:0,getWecomMappingGovernanceDashboard
FNDA:0,confirmConversationPatientMapping
FNDA:0,confirmConversationPatientMappingByPath
FNDA:0,unconfirmConversationPatientMappingByPath
FNDA:0,reassignConversationPatientMappingByPath
FNDA:0,promoteConversationMappingToBindingByPath
DA:1,1
DA:2,1
DA:3,1
DA:11,1
DA:12,1
DA:13,1
DA:15,1
DA:16,0
DA:19,1
DA:20,0
DA:23,1
DA:24,0
DA:27,1
DA:28,0
DA:31,1
DA:32,0
DA:35,1
DA:36,0
DA:37,0
DA:38,0
DA:40,0
DA:43,1
DA:44,0
DA:45,0
DA:46,0
DA:47,0
DA:48,0
DA:51,1
DA:52,0
DA:53,0
DA:54,0
DA:55,0
DA:58,1
DA:59,0
DA:60,0
DA:61,0
DA:62,0
DA:63,0
DA:64,0
DA:67,1
DA:68,0
DA:69,0
DA:70,0
DA:71,0
DA:72,0
DA:73,0
LF:46
LH:16
BRDA:38,0,0,0
BRDA:38,0,1,0
BRDA:44,1,0,0
BRDA:44,1,1,0
BRDA:46,2,0,0
BRDA:46,2,1,0
BRDA:47,3,0,0
BRDA:47,3,1,0
BRDA:52,4,0,0
BRDA:52,4,1,0
BRDA:53,5,0,0
BRDA:53,5,1,0
BRDA:54,6,0,0
BRDA:54,6,1,0
BRDA:59,7,0,0
BRDA:59,7,1,0
BRDA:61,8,0,0
BRDA:61,8,1,0
BRDA:62,9,0,0
BRDA:62,9,1,0
BRDA:63,10,0,0
BRDA:63,10,1,0
BRDA:68,11,0,0
BRDA:68,11,1,0
BRDA:71,12,0,0
BRDA:71,12,1,0
BRDA:72,13,0,0
BRDA:72,13,1,0
BRF:28
BRH:0
end_of_record
TN:
SF:src/modules/wecom-intelligence/controller/message-intake.controller.ts
FN:4,createWecomMessageIntake
FN:12,createRealWecomMessageIntake
FNF:2
FNH:0
FNDA:0,createWecomMessageIntake
FNDA:0,createRealWecomMessageIntake
DA:1,1
DA:2,1
DA:4,1
DA:5,0
DA:6,0
DA:9,0
DA:12,1
DA:13,0
DA:14,0
DA:17,0
DA:18,0
DA:19,0
DA:21,0
LF:13
LH:4
BRDA:5,0,0,0
BRDA:5,0,1,0
BRDA:5,1,0,0
BRDA:5,1,1,0
BRDA:5,1,2,0
BRDA:5,1,3,0
BRDA:13,2,0,0
BRDA:13,2,1,0
BRDA:13,3,0,0
BRDA:13,3,1,0
BRDA:13,3,2,0
BRDA:13,3,3,0
BRDA:17,4,0,0
BRDA:17,4,1,0
BRDA:18,5,0,0
BRDA:18,5,1,0
BRDA:19,6,0,0
BRDA:19,6,1,0
BRDA:25,7,0,0
BRDA:25,7,1,0
BRDA:27,8,0,0
BRDA:27,8,1,0
BRDA:28,9,0,0
BRDA:28,9,1,0
BRDA:29,10,0,0
BRDA:29,10,1,0
BRDA:36,11,0,0
BRDA:36,11,1,0
BRDA:37,12,0,0
BRDA:37,12,1,0
BRDA:38,13,0,0
BRDA:38,13,1,0
BRDA:39,14,0,0
BRDA:39,14,1,0
BRDA:40,15,0,0
BRDA:40,15,1,0
BRDA:41,16,0,0
BRDA:41,16,1,0
BRDA:41,17,0,0
BRDA:41,17,1,0
BRF:40
BRH:0
end_of_record
TN:
SF:src/modules/wecom-intelligence/controller/ops-dashboard.controller.ts
FN:3,getWecomOpsSummary
FNF:1
FNH:0
FNDA:0,getWecomOpsSummary
DA:1,1
DA:3,1
DA:4,0
LF:3
LH:2
BRF:0
BRH:0
end_of_record
TN:
SF:src/modules/wecom-intelligence/controller/patient-mapping.controller.ts
FN:4,getCustomerPatientMapping
FNF:1
FNH:0
FNDA:0,getCustomerPatientMapping
DA:1,1
DA:2,1
DA:4,1
DA:5,0
DA:6,0
DA:9,0
LF:6
LH:3
BRDA:5,0,0,0
BRDA:5,0,1,0
BRDA:5,1,0,0
BRDA:5,1,1,0
BRF:4
BRH:0
end_of_record
TN:
SF:src/modules/wecom-intelligence/controller/wecom-webhook.controller.ts
FN:11,verifyWecomWebhook
FN:42,receiveWecomWebhook
FNF:2
FNH:0
FNDA:0,verifyWecomWebhook
FNDA:0,receiveWecomWebhook
DA:1,1
DA:2,1
DA:3,1
DA:4,1
DA:5,1
DA:6,1
DA:7,1
DA:8,1
DA:9,1
DA:11,1
DA:12,0
DA:13,0
DA:15,0
DA:16,0
DA:23,0
DA:29,0
DA:34,0
DA:38,0
DA:42,1
DA:43,0
DA:51,0
DA:53,0
DA:54,0
DA:61,0
DA:67,0
DA:68,0
DA:71,0
DA:72,0
DA:80,0
DA:104,0
DA:119,0
DA:124,0
DA:144,0
DA:155,0
DA:168,0
DA:172,0
LF:36
LH:11
BRDA:17,0,0,0
BRDA:17,0,1,0
BRDA:18,1,0,0
BRDA:18,1,1,0
BRDA:19,2,0,0
BRDA:19,2,1,0
BRDA:20,3,0,0
BRDA:20,3,1,0
BRDA:36,4,0,0
BRDA:36,4,1,0
BRDA:43,5,0,0
BRDA:43,5,1,0
BRDA:45,6,0,0
BRDA:45,6,1,0
BRDA:47,7,0,0
BRDA:47,7,1,0
BRDA:47,8,0,0
BRDA:47,8,1,0
BRDA:56,9,0,0
BRDA:56,9,1,0
BRDA:57,10,0,0
BRDA:57,10,1,0
BRDA:58,11,0,0
BRDA:58,11,1,0
BRDA:67,12,0,0
BRDA:67,12,1,0
BRDA:67,13,0,0
BRDA:67,13,1,0
BRDA:67,13,2,0
BRDA:76,14,0,0
BRDA:76,14,1,0
BRDA:77,15,0,0
BRDA:77,15,1,0
BRDA:80,16,0,0
BRDA:80,16,1,0
BRDA:84,17,0,0
BRDA:84,17,1,0
BRDA:96,18,0,0
BRDA:96,18,1,0
BRDA:107,19,0,0
BRDA:107,19,1,0
BRDA:113,20,0,0
BRDA:113,20,1,0
BRDA:121,21,0,0
BRDA:121,21,1,0
BRDA:127,22,0,0
BRDA:127,22,1,0
BRDA:129,23,0,0
BRDA:129,23,1,0
BRDA:134,24,0,0
BRDA:134,24,1,0
BRDA:135,25,0,0
BRDA:135,25,1,0
BRDA:136,26,0,0
BRDA:136,26,1,0
BRDA:137,27,0,0
BRDA:137,27,1,0
BRDA:147,28,0,0
BRDA:147,28,1,0
BRDA:152,29,0,0
BRDA:152,29,1,0
BRDA:159,30,0,0
BRDA:159,30,1,0
BRDA:170,31,0,0
BRDA:170,31,1,0
BRF:65
BRH:0
end_of_record
TN:
SF:src/modules/wecom-intelligence/service/action-feedback.service.ts
FN:12,buildFeedbackSummary
FN:17,writeFeedbackInsightV1
FN:46,writeOutreachActionFeedback
FN:71,writeDoctorReviewTaskFeedback
FNF:4
FNH:0
FNDA:0,buildFeedbackSummary
FNDA:0,writeFeedbackInsightV1
FNDA:0,writeOutreachActionFeedback
FNDA:0,writeDoctorReviewTaskFeedback
DA:2,1
DA:3,1
DA:4,1
DA:6,1
DA:7,1
DA:13,0
DA:14,0
DA:24,0
DA:46,1
DA:47,0
DA:52,0
DA:53,0
DA:55,0
DA:68,0
DA:71,1
DA:72,0
DA:76,0
DA:78,0
DA:91,0
LF:19
LH:7
BRDA:14,0,0,0
BRDA:14,0,1,0
BRDA:28,1,0,0
BRDA:28,1,1,0
BRDA:29,2,0,0
BRDA:29,2,1,0
BRDA:64,3,0,0
BRDA:64,3,1,0
BRDA:87,4,0,0
BRDA:87,4,1,0
BRF:10
BRH:0
end_of_record
TN:
SF:src/modules/wecom-intelligence/service/ai-model.service.ts
FN:114,(anonymous_1)
FN:139,(anonymous_2)
FN:153,(anonymous_3)
FN:164,(anonymous_4)
FN:203,(anonymous_5)
FN:260,(anonymous_6)
FN:261,(anonymous_7)
FN:301,(anonymous_8)
FN:379,(anonymous_9)
FN:400,(anonymous_10)
FN:404,(anonymous_11)
FN:405,(anonymous_12)
FN:409,(anonymous_13)
FN:431,(anonymous_14)
FN:480,(anonymous_15)
FN:487,(anonymous_16)
FN:489,(anonymous_17)
FN:529,(anonymous_18)
FN:586,(anonymous_19)
FN:587,(anonymous_20)
FN:591,(anonymous_21)
FN:599,(anonymous_22)
FN:608,(anonymous_23)
FN:617,(anonymous_24)
FN:625,(anonymous_25)
FN:634,(anonymous_26)
FN:650,(anonymous_27)
FN:693,(anonymous_28)
FN:703,(anonymous_29)
FN:733,(anonymous_30)
FN:743,(anonymous_31)
FN:767,(anonymous_32)
FN:780,(anonymous_33)
FN:812,(anonymous_34)
FN:823,(anonymous_35)
FN:853,(anonymous_36)
FN:871,(anonymous_37)
FN:876,(anonymous_38)
FN:877,(anonymous_39)
FN:878,(anonymous_40)
FN:905,(anonymous_41)
FN:921,(anonymous_42)
FN:932,(anonymous_43)
FN:942,(anonymous_44)
FN:950,(anonymous_45)
FN:961,(anonymous_46)
FN:965,(anonymous_47)
FN:969,(anonymous_48)
FN:976,(anonymous_49)
FN:983,(anonymous_50)
FN:985,(anonymous_51)
FN:991,(anonymous_52)
FN:997,(anonymous_53)
FN:1002,(anonymous_54)
FN:1004,(anonymous_55)
FN:1011,(anonymous_56)
FN:1017,(anonymous_57)
FN:1025,(anonymous_58)
FN:1062,(anonymous_59)
FN:1071,(anonymous_60)
FN:1075,(anonymous_61)
FN:1088,(anonymous_62)
FN:1103,(anonymous_63)
FN:1112,(anonymous_64)
FN:1114,(anonymous_65)
FN:1117,(anonymous_66)
FN:1128,(anonymous_67)
FN:1142,(anonymous_68)
FN:1159,(anonymous_69)
FN:1176,(anonymous_70)
FN:1199,(anonymous_71)
FN:1243,(anonymous_72)
FN:1298,(anonymous_73)
FN:1312,(anonymous_74)
FN:1377,(anonymous_75)
FN:1486,(anonymous_76)
FN:1519,(anonymous_77)
FN:1588,processMessageAndUpdateArchive
FNF:78
FNH:59
FNDA:35,(anonymous_1)
FNDA:5,(anonymous_2)
FNDA:3,(anonymous_3)
FNDA:2,(anonymous_4)
FNDA:1,(anonymous_5)
FNDA:0,(anonymous_6)
FNDA:0,(anonymous_7)
FNDA:0,(anonymous_8)
FNDA:3,(anonymous_9)
FNDA:2,(anonymous_10)
FNDA:1,(anonymous_11)
FNDA:2,(anonymous_12)
FNDA:1,(anonymous_13)
FNDA:0,(anonymous_14)
FNDA:0,(anonymous_15)
FNDA:0,(anonymous_16)
FNDA:0,(anonymous_17)
FNDA:0,(anonymous_18)
FNDA:0,(anonymous_19)
FNDA:0,(anonymous_20)
FNDA:5,(anonymous_21)
FNDA:7,(anonymous_22)
FNDA:3,(anonymous_23)
FNDA:3,(anonymous_24)
FNDA:3,(anonymous_25)
FNDA:3,(anonymous_26)
FNDA:3,(anonymous_27)
FNDA:3,(anonymous_28)
FNDA:216,(anonymous_29)
FNDA:3,(anonymous_30)
FNDA:216,(anonymous_31)
FNDA:3,(anonymous_32)
FNDA:246,(anonymous_33)
FNDA:3,(anonymous_34)
FNDA:201,(anonymous_35)
FNDA:3,(anonymous_36)
FNDA:3,(anonymous_37)
FNDA:54,(anonymous_38)
FNDA:81,(anonymous_39)
FNDA:30,(anonymous_40)
FNDA:3,(anonymous_41)
FNDA:3,(anonymous_42)
FNDA:3,(anonymous_43)
FNDA:3,(anonymous_44)
FNDA:6,(anonymous_45)
FNDA:3,(anonymous_46)
FNDA:0,(anonymous_47)
FNDA:2,(anonymous_48)
FNDA:2,(anonymous_49)
FNDA:2,(anonymous_50)
FNDA:1,(anonymous_51)
FNDA:2,(anonymous_52)
FNDA:2,(anonymous_53)
FNDA:2,(anonymous_54)
FNDA:1,(anonymous_55)
FNDA:2,(anonymous_56)
FNDA:2,(anonymous_57)
FNDA:2,(anonymous_58)
FNDA:5,(anonymous_59)
FNDA:9,(anonymous_60)
FNDA:9,(anonymous_61)
FNDA:4,(anonymous_62)
FNDA:4,(anonymous_63)
FNDA:9,(anonymous_64)
FNDA:45,(anonymous_65)
FNDA:45,(anonymous_66)
FNDA:0,(anonymous_67)
FNDA:0,(anonymous_68)
FNDA:0,(anonymous_69)
FNDA:0,(anonymous_70)
FNDA:0,(anonymous_71)
FNDA:0,(anonymous_72)
FNDA:0,(anonymous_73)
FNDA:3,(anonymous_74)
FNDA:3,(anonymous_75)
FNDA:4,(anonymous_76)
FNDA:0,(anonymous_77)
FNDA:1,processMessageAndUpdateArchive
DA:2,5
DA:3,5
DA:5,5
DA:11,5
DA:112,35
DA:116,35
DA:117,35
DA:118,4
DA:121,35
DA:130,35
DA:131,6
DA:140,5
DA:141,3
DA:144,2
DA:145,1
DA:149,1
DA:154,3
DA:157,3
DA:158,3
DA:161,3
DA:162,3
DA:164,2
DA:165,1
DA:168,3
DA:177,3
DA:185,3
DA:190,3
DA:204,1
DA:206,1
DA:207,1
DA:211,0
DA:212,0
DA:219,0
DA:221,0
DA:222,0
DA:240,0
DA:241,0
DA:242,0
DA:246,0
DA:249,0
DA:252,0
DA:254,0
DA:255,0
DA:261,0
DA:262,0
DA:265,0
DA:307,0
DA:334,0
DA:336,0
DA:337,0
DA:348,0
DA:349,0
DA:359,0
DA:360,0
DA:367,0
DA:368,0
DA:371,0
DA:373,0
DA:374,0
DA:380,3
DA:381,3
DA:382,3
DA:384,3
DA:385,2
DA:388,1
DA:389,0
DA:390,0
DA:391,0
DA:392,0
DA:394,0
DA:397,1
DA:401,2
DA:404,2
DA:405,2
DA:408,2
DA:409,2
DA:411,2
DA:432,0
DA:434,0
DA:435,0
DA:438,0
DA:440,0
DA:442,0
DA:460,0
DA:461,0
DA:462,0
DA:466,0
DA:469,0
DA:472,0
DA:474,0
DA:475,0
DA:481,0
DA:484,0
DA:485,0
DA:486,0
DA:487,0
DA:488,0
DA:489,0
DA:490,0
DA:496,0
DA:498,0
DA:535,0
DA:553,0
DA:555,0
DA:556,0
DA:569,0
DA:570,0
DA:574,0
DA:575,0
DA:578,0
DA:580,0
DA:581,0
DA:587,0
DA:588,0
DA:592,5
DA:593,5
DA:594,5
DA:595,2
DA:596,2
DA:600,7
DA:601,7
DA:602,7
DA:603,7
DA:604,7
DA:605,7
DA:609,3
DA:610,3
DA:611,3
DA:612,3
DA:613,3
DA:614,3
DA:618,3
DA:619,3
DA:620,3
DA:621,3
DA:622,3
DA:626,3
DA:627,3
DA:628,3
DA:629,3
DA:630,3
DA:631,3
DA:635,3
DA:636,3
DA:637,3
DA:639,3
DA:640,3
DA:643,3
DA:644,3
DA:646,3
DA:651,3
DA:654,3
DA:655,3
DA:658,3
DA:659,3
DA:662,3
DA:663,3
DA:666,3
DA:667,3
DA:670,3
DA:671,3
DA:674,3
DA:675,3
DA:678,3
DA:679,3
DA:682,3
DA:683,3
DA:686,3
DA:687,3
DA:689,3
DA:694,3
DA:703,216
DA:704,3
DA:706,0
DA:707,0
DA:711,3
DA:712,3
DA:713,18
DA:714,0
DA:715,0
DA:716,0
DA:717,0
DA:718,0
DA:723,3
DA:724,3
DA:725,3
DA:726,0
DA:729,3
DA:734,3
DA:743,216
DA:744,3
DA:745,2
DA:746,2
DA:750,1
DA:751,1
DA:752,1
DA:753,0
DA:757,1
DA:758,1
DA:759,1
DA:760,0
DA:763,1
DA:768,3
DA:780,246
DA:781,3
DA:782,0
DA:783,0
DA:787,3
DA:793,3
DA:794,9
DA:795,9
DA:796,0
DA:797,0
DA:798,0
DA:799,0
DA:804,3
DA:805,0
DA:808,3
DA:813,3
DA:823,201
DA:824,3
DA:825,0
DA:826,0
DA:830,3
DA:831,0
DA:835,3
DA:836,0
DA:840,3
DA:841,0
DA:845,3
DA:846,0
DA:849,3
DA:854,3
DA:856,0
DA:859,3
DA:860,0
DA:863,3
DA:864,0
DA:867,3
DA:872,3
DA:873,3
DA:874,3
DA:876,54
DA:877,81
DA:878,30
DA:880,3
DA:881,3
DA:882,3
DA:883,3
DA:884,3
DA:885,3
DA:888,3
DA:889,0
DA:891,3
DA:892,0
DA:894,3
DA:895,0
DA:897,3
DA:898,0
DA:901,3
DA:906,3
DA:907,3
DA:908,3
DA:909,0
DA:913,3
DA:914,0
DA:917,3
DA:922,3
DA:923,3
DA:924,3
DA:925,0
DA:928,3
DA:933,3
DA:934,3
DA:935,3
DA:936,0
DA:939,3
DA:943,3
DA:944,3
DA:945,3
DA:946,3
DA:947,3
DA:951,6
DA:952,6
DA:953,4
DA:955,6
DA:956,0
DA:958,6
DA:962,3
DA:966,0
DA:970,2
DA:971,0
DA:973,2
DA:977,2
DA:978,0
DA:980,2
DA:984,2
DA:985,1
DA:986,1
DA:987,0
DA:988,0
DA:992,2
DA:993,2
DA:994,2
DA:998,2
DA:999,2
DA:1003,2
DA:1004,1
DA:1005,1
DA:1007,1
DA:1008,1
DA:1012,2
DA:1013,2
DA:1014,2
DA:1018,2
DA:1019,2
DA:1020,2
DA:1021,2
DA:1026,2
DA:1028,2
DA:1058,2
DA:1063,5
DA:1064,1
DA:1071,9
DA:1072,4
DA:1075,9
DA:1076,4
DA:1078,4
DA:1089,4
DA:1090,4
DA:1092,4
DA:1093,4
DA:1094,4
DA:1095,4
DA:1096,4
DA:1097,4
DA:1099,4
DA:1104,4
DA:1106,4
DA:1107,4
DA:1109,4
DA:1110,4
DA:1112,4
DA:1113,9
DA:1114,9
DA:1115,45
DA:1117,9
DA:1118,45
DA:1122,4
DA:1123,3
DA:1124,2
DA:1129,0
DA:1138,0
DA:1143,0
DA:1155,0
DA:1160,0
DA:1172,0
DA:1177,0
DA:1179,0
DA:1180,0
DA:1181,0
DA:1185,0
DA:1192,0
DA:1199,0
DA:1207,0
DA:1210,0
DA:1211,0
DA:1212,0
DA:1219,0
DA:1233,0
DA:1234,0
DA:1248,0
DA:1249,0
DA:1252,0
DA:1255,0
DA:1256,0
DA:1260,0
DA:1261,0
DA:1265,0
DA:1266,0
DA:1267,0
DA:1272,0
DA:1273,0
DA:1276,0
DA:1277,0
DA:1281,0
DA:1283,0
DA:1285,0
DA:1286,0
DA:1289,0
DA:1292,0
DA:1293,0
DA:1299,0
DA:1300,0
DA:1301,0
DA:1302,0
DA:1304,0
DA:1306,0
DA:1307,0
DA:1318,3
DA:1319,3
DA:1320,3
DA:1321,3
DA:1324,3
DA:1325,2
DA:1326,2
DA:1327,1
DA:1329,1
DA:1332,1
DA:1333,1
DA:1335,1
DA:1336,1
DA:1339,1
DA:1340,0
DA:1342,1
DA:1343,0
DA:1347,1
DA:1356,1
DA:1357,1
DA:1358,1
DA:1359,1
DA:1361,0
DA:1367,3
DA:1368,3
DA:1370,0
DA:1373,3
DA:1384,3
DA:1385,3
DA:1386,3
DA:1387,3
DA:1388,3
DA:1391,3
DA:1393,2
DA:1395,2
DA:1397,1
DA:1398,1
DA:1399,1
DA:1401,1
DA:1404,1
DA:1405,1
DA:1407,1
DA:1408,1
DA:1410,1
DA:1411,0
DA:1413,1
DA:1414,0
DA:1418,1
DA:1419,1
DA:1422,1
DA:1423,1
DA:1424,1
DA:1428,1
DA:1437,1
DA:1438,1
DA:1439,1
DA:1440,1
DA:1442,0
DA:1447,1
DA:1449,1
DA:1450,1
DA:1451,1
DA:1452,1
DA:1453,1
DA:1454,1
DA:1456,1
DA:1465,1
DA:1466,1
DA:1467,1
DA:1469,0
DA:1476,3
DA:1477,3
DA:1479,0
DA:1482,3
DA:1497,4
DA:1499,4
DA:1500,4
DA:1501,1
DA:1505,3
DA:1512,3
DA:1519,0
DA:1527,3
DA:1528,3
DA:1529,3
DA:1533,3
DA:1534,1
DA:1535,1
DA:1536,1
DA:1537,1
DA:1538,1
DA:1539,1
DA:1540,2
DA:1541,1
DA:1542,1
DA:1543,1
DA:1544,1
DA:1545,1
DA:1546,1
DA:1549,1
DA:1550,1
DA:1551,1
DA:1552,1
DA:1553,1
DA:1556,3
DA:1568,1
DA:1569,1
DA:1584,5
DA:1585,5
DA:1588,5
DA:1592,1
DA:1594,1
DA:1597,1
DA:1598,1
DA:1599,1
DA:1600,0
DA:1602,0
DA:1605,0
DA:1606,0
DA:1608,0
DA:1609,0
DA:1612,0
DA:1613,0
DA:1615,0
DA:1617,0
DA:1621,0
DA:1630,0
DA:1631,0
DA:1633,0
DA:1640,1
DA:1641,1
DA:1643,0
DA:1647,1
LF:531
LH:347
BRDA:116,0,0,35
BRDA:116,0,1,2
BRDA:117,1,0,4
BRDA:117,1,1,31
BRDA:123,2,0,35
BRDA:123,2,1,32
BRDA:130,3,0,6
BRDA:130,3,1,29
BRDA:130,4,0,35
BRDA:130,4,1,7
BRDA:140,5,0,3
BRDA:140,5,1,2
BRDA:144,6,0,1
BRDA:144,6,1,1
BRDA:162,7,0,1
BRDA:162,7,1,2
BRDA:162,8,0,3
BRDA:162,8,1,3
BRDA:169,9,0,0
BRDA:169,9,1,3
BRDA:180,10,0,3
BRDA:180,10,1,0
BRDA:186,11,0,3
BRDA:186,11,1,0
BRDA:187,12,0,3
BRDA:187,12,1,0
BRDA:206,13,0,1
BRDA:206,13,1,0
BRDA:211,14,0,0
BRDA:211,14,1,0
BRDA:223,15,0,0
BRDA:223,15,1,0
BRDA:241,16,0,0
BRDA:241,16,1,0
BRDA:336,17,0,0
BRDA:336,17,1,0
BRDA:338,18,0,0
BRDA:338,18,1,0
BRDA:339,19,0,0
BRDA:339,19,1,0
BRDA:340,20,0,0
BRDA:340,20,1,0
BRDA:341,21,0,0
BRDA:341,21,1,0
BRDA:342,22,0,0
BRDA:342,22,1,0
BRDA:343,23,0,0
BRDA:343,23,1,0
BRDA:348,24,0,0
BRDA:348,24,1,0
BRDA:350,25,0,0
BRDA:350,25,1,0
BRDA:351,26,0,0
BRDA:351,26,1,0
BRDA:352,27,0,0
BRDA:352,27,1,0
BRDA:353,28,0,0
BRDA:353,28,1,0
BRDA:354,29,0,0
BRDA:354,29,1,0
BRDA:359,30,0,0
BRDA:359,30,1,0
BRDA:361,31,0,0
BRDA:361,31,1,0
BRDA:362,32,0,0
BRDA:362,32,1,0
BRDA:367,33,0,0
BRDA:367,33,1,0
BRDA:384,34,0,2
BRDA:384,34,1,1
BRDA:388,35,0,0
BRDA:388,35,1,1
BRDA:389,36,0,0
BRDA:389,36,1,0
BRDA:415,37,0,0
BRDA:415,37,1,2
BRDA:434,38,0,0
BRDA:434,38,1,0
BRDA:443,39,0,0
BRDA:443,39,1,0
BRDA:461,40,0,0
BRDA:461,40,1,0
BRDA:481,41,0,0
BRDA:481,41,1,0
BRDA:485,42,0,0
BRDA:485,42,1,0
BRDA:485,43,0,0
BRDA:485,43,1,0
BRDA:555,44,0,0
BRDA:555,44,1,0
BRDA:557,45,0,0
BRDA:557,45,1,0
BRDA:558,46,0,0
BRDA:558,46,1,0
BRDA:559,47,0,0
BRDA:559,47,1,0
BRDA:560,48,0,0
BRDA:560,48,1,0
BRDA:561,49,0,0
BRDA:561,49,1,0
BRDA:562,50,0,0
BRDA:562,50,1,0
BRDA:563,51,0,0
BRDA:563,51,1,0
BRDA:564,52,0,0
BRDA:564,52,1,0
BRDA:569,53,0,0
BRDA:569,53,1,0
BRDA:574,54,0,0
BRDA:574,54,1,0
BRDA:588,55,0,0
BRDA:588,55,1,0
BRDA:592,56,0,0
BRDA:592,56,1,5
BRDA:592,57,0,5
BRDA:592,57,1,5
BRDA:592,57,2,5
BRDA:593,58,0,0
BRDA:593,58,1,5
BRDA:593,59,0,5
BRDA:593,59,1,5
BRDA:593,59,2,5
BRDA:594,60,0,3
BRDA:594,60,1,2
BRDA:594,61,0,5
BRDA:594,61,1,5
BRDA:594,61,2,2
BRDA:595,62,0,0
BRDA:595,62,1,2
BRDA:595,63,0,2
BRDA:595,63,1,2
BRDA:595,63,2,2
BRDA:601,64,0,0
BRDA:601,64,1,7
BRDA:601,65,0,7
BRDA:601,65,1,7
BRDA:602,66,0,0
BRDA:602,66,1,7
BRDA:602,67,0,7
BRDA:602,67,1,7
BRDA:603,68,0,0
BRDA:603,68,1,7
BRDA:603,69,0,7
BRDA:603,69,1,7
BRDA:604,70,0,0
BRDA:604,70,1,7
BRDA:604,71,0,7
BRDA:604,71,1,7
BRDA:610,72,0,0
BRDA:610,72,1,3
BRDA:610,73,0,3
BRDA:610,73,1,3
BRDA:611,74,0,0
BRDA:611,74,1,3
BRDA:611,75,0,3
BRDA:611,75,1,3
BRDA:612,76,0,0
BRDA:612,76,1,3
BRDA:612,77,0,3
BRDA:612,77,1,3
BRDA:613,78,0,0
BRDA:613,78,1,3
BRDA:613,79,0,3
BRDA:613,79,1,3
BRDA:619,80,0,0
BRDA:619,80,1,3
BRDA:619,81,0,3
BRDA:619,81,1,3
BRDA:620,82,0,0
BRDA:620,82,1,3
BRDA:620,83,0,3
BRDA:620,83,1,3
BRDA:621,84,0,0
BRDA:621,84,1,3
BRDA:621,85,0,3
BRDA:621,85,1,3
BRDA:627,86,0,0
BRDA:627,86,1,3
BRDA:627,87,0,3
BRDA:627,87,1,3
BRDA:628,88,0,0
BRDA:628,88,1,3
BRDA:628,89,0,3
BRDA:628,89,1,3
BRDA:629,90,0,0
BRDA:629,90,1,3
BRDA:629,91,0,3
BRDA:629,91,1,3
BRDA:630,92,0,0
BRDA:630,92,1,3
BRDA:630,93,0,3
BRDA:630,93,1,3
BRDA:637,94,0,0
BRDA:637,94,1,3
BRDA:639,95,0,0
BRDA:639,95,1,3
BRDA:639,96,0,3
BRDA:639,96,1,3
BRDA:640,97,0,0
BRDA:640,97,1,3
BRDA:640,98,0,3
BRDA:640,98,1,3
BRDA:655,99,0,0
BRDA:655,99,1,3
BRDA:659,100,0,2
BRDA:659,100,1,1
BRDA:663,101,0,0
BRDA:663,101,1,3
BRDA:667,102,0,0
BRDA:667,102,1,3
BRDA:671,103,0,0
BRDA:671,103,1,3
BRDA:675,104,0,0
BRDA:675,104,1,3
BRDA:679,105,0,0
BRDA:679,105,1,3
BRDA:683,106,0,0
BRDA:683,106,1,3
BRDA:687,107,0,0
BRDA:687,107,1,3
BRDA:704,108,0,0
BRDA:704,108,1,3
BRDA:713,109,0,0
BRDA:713,109,1,18
BRDA:725,110,0,0
BRDA:725,110,1,3
BRDA:725,111,0,3
BRDA:725,111,1,0
BRDA:744,112,0,2
BRDA:744,112,1,1
BRDA:752,113,0,0
BRDA:752,113,1,1
BRDA:759,114,0,0
BRDA:759,114,1,1
BRDA:759,115,0,1
BRDA:759,115,1,0
BRDA:781,116,0,0
BRDA:781,116,1,3
BRDA:795,117,0,0
BRDA:795,117,1,9
BRDA:796,118,0,0
BRDA:796,118,1,0
BRDA:796,118,2,0
BRDA:798,119,0,0
BRDA:798,119,1,0
BRDA:804,120,0,0
BRDA:804,120,1,3
BRDA:804,121,0,3
BRDA:804,121,1,3
BRDA:804,121,2,3
BRDA:804,121,3,3
BRDA:824,122,0,0
BRDA:824,122,1,3
BRDA:830,123,0,0
BRDA:830,123,1,3
BRDA:830,124,0,3
BRDA:830,124,1,0
BRDA:830,124,2,0
BRDA:830,124,3,0
BRDA:830,124,4,0
BRDA:835,125,0,0
BRDA:835,125,1,3
BRDA:835,126,0,3
BRDA:835,126,1,3
BRDA:835,126,2,3
BRDA:835,126,3,3
BRDA:835,126,4,3
BRDA:835,126,5,3
BRDA:840,127,0,0
BRDA:840,127,1,3
BRDA:840,128,0,3
BRDA:840,128,1,3
BRDA:840,128,2,3
BRDA:840,128,3,3
BRDA:840,128,4,3
BRDA:845,129,0,0
BRDA:845,129,1,3
BRDA:845,130,0,3
BRDA:845,130,1,3
BRDA:845,130,2,3
BRDA:845,130,3,3
BRDA:854,131,0,0
BRDA:854,131,1,3
BRDA:854,132,0,3
BRDA:854,132,1,3
BRDA:854,132,2,3
BRDA:854,132,3,3
BRDA:854,132,4,3
BRDA:859,133,0,0
BRDA:859,133,1,3
BRDA:859,134,0,3
BRDA:859,134,1,3
BRDA:859,134,2,3
BRDA:863,135,0,0
BRDA:863,135,1,3
BRDA:863,136,0,3
BRDA:863,136,1,3
BRDA:863,136,2,3
BRDA:880,137,0,0
BRDA:880,137,1,3
BRDA:881,138,0,0
BRDA:881,138,1,3
BRDA:882,139,0,0
BRDA:882,139,1,3
BRDA:883,140,0,0
BRDA:883,140,1,3
BRDA:884,141,0,0
BRDA:884,141,1,3
BRDA:885,142,0,0
BRDA:885,142,1,3
BRDA:888,143,0,0
BRDA:888,143,1,3
BRDA:888,144,0,3
BRDA:888,144,1,3
BRDA:888,144,2,3
BRDA:891,145,0,0
BRDA:891,145,1,3
BRDA:891,146,0,3
BRDA:891,146,1,3
BRDA:891,146,2,3
BRDA:894,147,0,0
BRDA:894,147,1,3
BRDA:894,148,0,3
BRDA:894,148,1,3
BRDA:894,148,2,3
BRDA:897,149,0,0
BRDA:897,149,1,3
BRDA:897,150,0,3
BRDA:897,150,1,3
BRDA:897,150,2,3
BRDA:908,151,0,0
BRDA:908,151,1,3
BRDA:913,152,0,0
BRDA:913,152,1,3
BRDA:913,153,0,3
BRDA:913,153,1,3
BRDA:914,154,0,0
BRDA:914,154,1,0
BRDA:924,155,0,0
BRDA:924,155,1,3
BRDA:935,156,0,0
BRDA:935,156,1,3
BRDA:944,157,0,0
BRDA:944,157,1,3
BRDA:945,158,0,0
BRDA:945,158,1,3
BRDA:946,159,0,0
BRDA:946,159,1,3
BRDA:952,160,0,4
BRDA:952,160,1,2
BRDA:955,161,0,0
BRDA:955,161,1,6
BRDA:970,162,0,0
BRDA:970,162,1,2
BRDA:970,163,0,2
BRDA:970,163,1,2
BRDA:977,164,0,0
BRDA:977,164,1,2
BRDA:977,165,0,2
BRDA:977,165,1,2
BRDA:984,166,0,1
BRDA:984,166,1,1
BRDA:986,167,0,1
BRDA:986,167,1,0
BRDA:987,168,0,0
BRDA:987,168,1,0
BRDA:993,169,0,0
BRDA:993,169,1,2
BRDA:999,170,0,0
BRDA:999,170,1,2
BRDA:1003,171,0,1
BRDA:1003,171,1,1
BRDA:1005,172,0,1
BRDA:1005,172,1,1
BRDA:1007,173,0,0
BRDA:1007,173,1,1
BRDA:1013,174,0,0
BRDA:1013,174,1,2
BRDA:1019,175,0,0
BRDA:1019,175,1,2
BRDA:1019,176,0,2
BRDA:1019,176,1,2
BRDA:1020,177,0,0
BRDA:1020,177,1,2
BRDA:1020,178,0,2
BRDA:1020,178,1,2
BRDA:1063,179,0,1
BRDA:1063,179,1,4
BRDA:1092,180,0,2
BRDA:1092,180,1,2
BRDA:1092,181,0,4
BRDA:1092,181,1,2
BRDA:1093,182,0,1
BRDA:1093,182,1,3
BRDA:1093,183,0,4
BRDA:1093,183,1,3
BRDA:1094,184,0,1
BRDA:1094,184,1,3
BRDA:1094,185,0,4
BRDA:1094,185,1,3
BRDA:1095,186,0,0
BRDA:1095,186,1,4
BRDA:1095,187,0,4
BRDA:1095,187,1,4
BRDA:1096,188,0,1
BRDA:1096,188,1,3
BRDA:1096,189,0,4
BRDA:1096,189,1,4
BRDA:1097,190,0,0
BRDA:1097,190,1,4
BRDA:1097,191,0,4
BRDA:1097,191,1,4
BRDA:1104,192,0,0
BRDA:1104,192,1,4
BRDA:1115,193,0,5
BRDA:1115,193,1,40
BRDA:1118,194,0,6
BRDA:1118,194,1,39
BRDA:1122,195,0,1
BRDA:1122,195,1,3
BRDA:1123,196,0,1
BRDA:1123,196,1,2
BRDA:1180,197,0,0
BRDA:1180,197,1,0
BRDA:1197,198,0,0
BRDA:1197,198,1,0
BRDA:1201,199,0,0
BRDA:1201,199,1,0
BRDA:1211,200,0,0
BRDA:1211,200,1,0
BRDA:1211,201,0,0
BRDA:1211,201,1,0
BRDA:1224,202,0,0
BRDA:1224,202,1,0
BRDA:1236,203,0,0
BRDA:1236,203,1,0
BRDA:1252,204,0,0
BRDA:1252,204,1,0
BRDA:1255,205,0,0
BRDA:1255,205,1,0
BRDA:1260,206,0,0
BRDA:1260,206,1,0
BRDA:1266,207,0,0
BRDA:1266,207,1,0
BRDA:1267,208,0,0
BRDA:1267,208,1,0
BRDA:1272,209,0,0
BRDA:1272,209,1,0
BRDA:1276,210,0,0
BRDA:1276,210,1,0
BRDA:1281,211,0,0
BRDA:1281,211,1,0
BRDA:1301,212,0,0
BRDA:1301,212,1,0
BRDA:1324,213,0,2
BRDA:1324,213,1,1
BRDA:1324,214,0,3
BRDA:1324,214,1,2
BRDA:1326,215,0,1
BRDA:1326,215,1,1
BRDA:1332,216,0,1
BRDA:1332,216,1,0
BRDA:1335,217,0,1
BRDA:1335,217,1,0
BRDA:1339,218,0,0
BRDA:1339,218,1,1
BRDA:1342,219,0,0
BRDA:1342,219,1,1
BRDA:1391,220,0,2
BRDA:1391,220,1,1
BRDA:1395,221,0,1
BRDA:1395,221,1,1
BRDA:1397,222,0,1
BRDA:1397,222,1,0
BRDA:1398,223,0,1
BRDA:1398,223,1,0
BRDA:1404,224,0,1
BRDA:1404,224,1,0
BRDA:1407,225,0,1
BRDA:1407,225,1,0
BRDA:1410,226,0,0
BRDA:1410,226,1,1
BRDA:1413,227,0,0
BRDA:1413,227,1,1
BRDA:1422,228,0,1
BRDA:1422,228,1,0
BRDA:1423,229,0,1
BRDA:1423,229,1,0
BRDA:1449,230,0,1
BRDA:1449,230,1,0
BRDA:1450,231,0,1
BRDA:1450,231,1,0
BRDA:1453,232,0,1
BRDA:1453,232,1,0
BRDA:1454,233,0,1
BRDA:1454,233,1,0
BRDA:1500,234,0,1
BRDA:1500,234,1,3
BRDA:1517,235,0,3
BRDA:1517,235,1,0
BRDA:1521,236,0,0
BRDA:1521,236,1,0
BRDA:1533,237,0,1
BRDA:1533,237,1,2
BRDA:1540,238,0,1
BRDA:1540,238,1,1
BRDA:1552,239,0,0
BRDA:1552,239,1,1
BRDA:1553,240,0,0
BRDA:1553,240,1,1
BRDA:1577,241,0,1
BRDA:1577,241,1,0
BRDA:1597,242,0,1
BRDA:1597,242,1,0
BRDA:1597,243,0,1
BRDA:1597,243,1,1
BRDA:1599,244,0,0
BRDA:1599,244,1,1
BRDA:1605,245,0,0
BRDA:1605,245,1,0
BRDA:1608,246,0,0
BRDA:1608,246,1,0
BRDA:1612,247,0,0
BRDA:1612,247,1,0
BRDA:1615,248,0,0
BRDA:1615,248,1,0
BRF:526
BRH:287
end_of_record
TN:
SF:src/modules/wecom-intelligence/service/automation-audit.service.ts
FN:21,createWecomAutomationAuditService
FNF:1
FNH:0
FNDA:0,createWecomAutomationAuditService
DA:1,1
DA:2,1
DA:21,1
DA:22,0
DA:51,0
LF:5
LH:3
BRDA:35,0,0,0
BRDA:35,0,1,0
BRDA:36,1,0,0
BRDA:36,1,1,0
BRDA:37,2,0,0
BRDA:37,2,1,0
BRDA:38,3,0,0
BRDA:38,3,1,0
BRDA:39,4,0,0
BRDA:39,4,1,0
BRDA:40,5,0,0
BRDA:40,5,1,0
BRDA:42,6,0,0
BRDA:42,6,1,0
BRDA:43,7,0,0
BRDA:43,7,1,0
BRDA:44,8,0,0
BRDA:44,8,1,0
BRDA:45,9,0,0
BRDA:45,9,1,0
BRDA:46,10,0,0
BRDA:46,10,1,0
BRDA:47,11,0,0
BRDA:47,11,1,0
BRDA:54,12,0,0
BRDA:54,12,1,0
BRDA:55,13,0,0
BRDA:55,13,1,0
BRF:28
BRH:0
end_of_record
TN:
SF:src/modules/wecom-intelligence/service/automation-idempotency.service.ts
FN:11,checkWecomAutomationDedupService
FNF:1
FNH:0
FNDA:0,checkWecomAutomationDedupService
DA:1,1
DA:11,1
DA:12,0
DA:13,0
DA:22,0
DA:23,0
DA:30,0
DA:31,0
DA:43,0
DA:44,0
DA:51,0
LF:11
LH:2
BRDA:12,0,0,0
BRDA:12,0,1,0
BRDA:22,1,0,0
BRDA:22,1,1,0
BRDA:30,2,0,0
BRDA:30,2,1,0
BRDA:30,3,0,0
BRDA:30,3,1,0
BRDA:30,3,2,0
BRDA:43,4,0,0
BRDA:43,4,1,0
BRF:11
BRH:0
end_of_record
TN:
SF:src/modules/wecom-intelligence/service/automation-query.service.ts
FN:4,listWecomEventStateService
FN:33,listWecomAutomationAuditService
FN:63,getWecomConversationOpsViewService
FNF:3
FNH:0
FNDA:0,listWecomEventStateService
FNDA:0,listWecomAutomationAuditService
FNDA:0,getWecomConversationOpsViewService
DA:1,1
DA:2,1
DA:4,1
DA:5,0
DA:6,0
DA:8,0
DA:9,0
DA:10,0
DA:12,0
DA:13,0
DA:14,0
DA:17,0
DA:18,0
DA:20,0
DA:30,0
DA:33,1
DA:34,0
DA:35,0
DA:37,0
DA:38,0
DA:39,0
DA:41,0
DA:42,0
DA:43,0
DA:46,0
DA:47,0
DA:49,0
DA:60,0
DA:63,1
DA:64,0
DA:74,0
DA:75,0
DA:79,0
DA:88,0
DA:98,0
LF:35
LH:5
BRDA:8,0,0,0
BRDA:8,0,1,0
BRDA:12,1,0,0
BRDA:12,1,1,0
BRDA:17,2,0,0
BRDA:17,2,1,0
BRDA:18,3,0,0
BRDA:18,3,1,0
BRDA:37,4,0,0
BRDA:37,4,1,0
BRDA:41,5,0,0
BRDA:41,5,1,0
BRDA:46,6,0,0
BRDA:46,6,1,0
BRDA:47,7,0,0
BRDA:47,7,1,0
BRDA:74,8,0,0
BRDA:74,8,1,0
BRDA:75,9,0,0
BRDA:75,9,1,0
BRF:20
BRH:0
end_of_record
TN:
SF:src/modules/wecom-intelligence/service/business-action.service.ts
FN:12,buildOutreachSummary
FN:17,buildDoctorReviewSummary
FN:22,detectPriority
FN:28,detectActionMode
FN:34,resolveActionType
FN:38,resolveTriggerSource
FN:42,generateBusinessActions
FNF:7
FNH:0
FNDA:0,buildOutreachSummary
FNDA:0,buildDoctorReviewSummary
FNDA:0,detectPriority
FNDA:0,detectActionMode
FNDA:0,resolveActionType
FNDA:0,resolveTriggerSource
FNDA:0,generateBusinessActions
DA:1,1
DA:2,1
DA:3,1
DA:4,1
DA:13,0
DA:14,0
DA:18,0
DA:19,0
DA:23,0
DA:24,0
DA:25,0
DA:29,0
DA:30,0
DA:31,0
DA:35,0
DA:39,0
DA:42,1
DA:43,0
DA:44,0
DA:51,0
DA:53,0
DA:54,0
DA:69,0
DA:70,0
DA:72,0
DA:82,0
DA:91,0
LF:27
LH:5
BRDA:13,0,0,0
BRDA:13,0,1,0
BRDA:18,1,0,0
BRDA:18,1,1,0
BRDA:23,2,0,0
BRDA:23,2,1,0
BRDA:23,3,0,0
BRDA:23,3,1,0
BRDA:24,4,0,0
BRDA:24,4,1,0
BRDA:24,5,0,0
BRDA:24,5,1,0
BRDA:29,6,0,0
BRDA:29,6,1,0
BRDA:30,7,0,0
BRDA:30,7,1,0
BRDA:35,8,0,0
BRDA:35,8,1,0
BRDA:39,9,0,0
BRDA:39,9,1,0
BRDA:44,10,0,0
BRDA:44,10,1,0
BRDA:51,11,0,0
BRDA:51,11,1,0
BRDA:53,12,0,0
BRDA:53,12,1,0
BRDA:53,13,0,0
BRDA:53,13,1,0
BRDA:57,14,0,0
BRDA:57,14,1,0
BRDA:62,15,0,0
BRDA:62,15,1,0
BRDA:72,16,0,0
BRDA:72,16,1,0
BRDA:82,17,0,0
BRDA:82,17,1,0
BRF:36
BRH:0
end_of_record
TN:
SF:src/modules/wecom-intelligence/service/business-feedback.service.ts
FN:14,generateBusinessFeedback
FN:28,(anonymous_1)
FN:29,(anonymous_2)
FN:30,(anonymous_3)
FN:31,(anonymous_4)
FN:56,getCustomerBusinessFeedback
FN:59,(anonymous_6)
FN:64,(anonymous_7)
FN:65,(anonymous_8)
FN:66,(anonymous_9)
FN:67,(anonymous_10)
FNF:11
FNH:0
FNDA:0,generateBusinessFeedback
FNDA:0,(anonymous_1)
FNDA:0,(anonymous_2)
FNDA:0,(anonymous_3)
FNDA:0,(anonymous_4)
FNDA:0,getCustomerBusinessFeedback
FNDA:0,(anonymous_6)
FNDA:0,(anonymous_7)
FNDA:0,(anonymous_8)
FNDA:0,(anonymous_9)
FNDA:0,(anonymous_10)
DA:1,1
DA:14,1
DA:15,0
DA:16,0
DA:17,0
DA:28,0
DA:29,0
DA:30,0
DA:31,0
DA:32,0
DA:33,0
DA:35,0
DA:56,1
DA:57,0
DA:59,0
DA:64,0
DA:65,0
DA:66,0
DA:67,0
LF:19
LH:3
BRDA:16,0,0,0
BRDA:16,0,1,0
BRDA:19,1,0,0
BRDA:19,1,1,0
BRDA:28,2,0,0
BRDA:28,2,1,0
BRDA:29,3,0,0
BRDA:29,3,1,0
BRDA:30,4,0,0
BRDA:30,4,1,0
BRDA:31,5,0,0
BRDA:31,5,1,0
BRDA:32,6,0,0
BRDA:32,6,1,0
BRDA:33,7,0,0
BRDA:33,7,1,0
BRDA:37,8,0,0
BRDA:37,8,1,0
BRDA:37,8,2,0
BRDA:37,8,3,0
BRDA:44,9,0,0
BRDA:44,9,1,0
BRDA:45,10,0,0
BRDA:45,10,1,0
BRDA:62,11,0,0
BRDA:62,11,1,0
BRDA:62,11,2,0
BRDA:64,12,0,0
BRDA:64,12,1,0
BRDA:65,13,0,0
BRDA:65,13,1,0
BRDA:66,14,0,0
BRDA:66,14,1,0
BRDA:67,15,0,0
BRDA:67,15,1,0
BRDA:69,16,0,0
BRDA:69,16,1,0
BRDA:70,17,0,0
BRDA:70,17,1,0
BRDA:72,18,0,0
BRDA:72,18,1,0
BRDA:73,19,0,0
BRDA:73,19,1,0
BRF:43
BRH:0
end_of_record
TN:
SF:src/modules/wecom-intelligence/service/conversation-list.service.ts
FN:5,listWecomConversationsService
FN:53,(anonymous_1)
FN:63,(anonymous_2)
FNF:3
FNH:0
FNDA:0,listWecomConversationsService
FNDA:0,(anonymous_1)
FNDA:0,(anonymous_2)
DA:1,1
DA:2,1
DA:3,1
DA:5,1
DA:6,0
DA:7,0
DA:8,0
DA:10,0
DA:11,0
DA:12,0
DA:15,0
DA:16,0
DA:17,0
DA:20,0
DA:21,0
DA:22,0
DA:25,0
DA:26,0
DA:27,0
DA:30,0
DA:40,0
DA:41,0
DA:43,0
DA:52,0
DA:53,0
DA:62,0
DA:63,0
DA:64,0
DA:65,0
DA:68,0
DA:69,0
DA:74,0
DA:77,0
DA:81,0
LF:34
LH:4
BRDA:10,0,0,0
BRDA:10,0,1,0
BRDA:10,1,0,0
BRDA:10,1,1,0
BRDA:15,2,0,0
BRDA:15,2,1,0
BRDA:15,3,0,0
BRDA:15,3,1,0
BRDA:20,4,0,0
BRDA:20,4,1,0
BRDA:20,5,0,0
BRDA:20,5,1,0
BRDA:20,5,2,0
BRDA:25,6,0,0
BRDA:25,6,1,0
BRDA:25,7,0,0
BRDA:25,7,1,0
BRDA:25,7,2,0
BRDA:30,8,0,0
BRDA:30,8,1,0
BRDA:40,9,0,0
BRDA:40,9,1,0
BRDA:41,10,0,0
BRDA:41,10,1,0
BRDA:62,11,0,0
BRDA:62,11,1,0
BRDA:62,12,0,0
BRDA:62,12,1,0
BRDA:62,12,2,0
BRDA:64,13,0,0
BRDA:64,13,1,0
BRDA:64,14,0,0
BRDA:64,14,1,0
BRDA:65,15,0,0
BRDA:65,15,1,0
BRDA:65,16,0,0
BRDA:65,16,1,0
BRDA:68,17,0,0
BRDA:68,17,1,0
BRDA:68,18,0,0
BRDA:68,18,1,0
BRDA:69,19,0,0
BRDA:69,19,1,0
BRDA:69,20,0,0
BRDA:69,20,1,0
BRDA:71,21,0,0
BRDA:71,21,1,0
BRDA:71,22,0,0
BRDA:71,22,1,0
BRDA:74,23,0,0
BRDA:74,23,1,0
BRF:51
BRH:0
end_of_record
TN:
SF:src/modules/wecom-intelligence/service/conversation-state.service.ts
FN:4,updateWecomConversationStatusService
FNF:1
FNH:0
FNDA:0,updateWecomConversationStatusService
DA:1,1
DA:2,1
DA:4,1
DA:5,0
DA:10,0
DA:11,0
DA:13,0
DA:14,0
DA:22,0
DA:30,0
LF:10
LH:3
BRDA:10,0,0,0
BRDA:10,0,1,0
BRDA:13,1,0,0
BRDA:13,1,1,0
BRF:4
BRH:0
end_of_record
TN:
SF:src/modules/wecom-intelligence/service/conversation-status-policy.service.ts
FN:10,shouldUpdateConversationStatus
FNF:1
FNH:0
FNDA:0,shouldUpdateConversationStatus
DA:1,1
DA:10,1
DA:11,0
DA:12,0
DA:14,0
DA:15,0
DA:17,0
LF:7
LH:2
BRDA:11,0,0,0
BRDA:11,0,1,0
BRDA:12,1,0,0
BRDA:12,1,1,0
BRDA:14,2,0,0
BRDA:14,2,1,0
BRDA:15,3,0,0
BRDA:15,3,1,0
BRF:8
BRH:0
end_of_record
TN:
SF:src/modules/wecom-intelligence/service/conversation.service.ts
FN:4,upsertConversation
FN:33,assignConversationPrimaryCustomer
FN:49,clearConversationPrimaryCustomer
FN:59,getConversationDetail
FNF:4
FNH:0
FNDA:0,upsertConversation
FNDA:0,assignConversationPrimaryCustomer
FNDA:0,clearConversationPrimaryCustomer
FNDA:0,getConversationDetail
DA:1,1
DA:4,1
DA:5,0
DA:33,1
DA:34,0
DA:49,1
DA:50,0
DA:59,1
DA:60,0
DA:71,0
LF:10
LH:5
BRDA:24,0,0,0
BRDA:24,0,1,0
BRDA:25,1,0,0
BRDA:25,1,1,0
BRDA:33,2,0,0
BRDA:35,3,0,0
BRDA:35,3,1,0
BRDA:71,4,0,0
BRDA:71,4,1,0
BRF:9
BRH:0
end_of_record
TN:
SF:src/modules/wecom-intelligence/service/event-state.service.ts
FN:15,createWecomEventStateService
FNF:1
FNH:0
FNDA:0,createWecomEventStateService
DA:1,1
DA:2,1
DA:15,1
DA:16,0
DA:37,0
LF:5
LH:3
BRDA:27,0,0,0
BRDA:27,0,1,0
BRDA:28,1,0,0
BRDA:28,1,1,0
BRDA:29,2,0,0
BRDA:29,2,1,0
BRDA:30,3,0,0
BRDA:30,3,1,0
BRDA:31,4,0,0
BRDA:31,4,1,0
BRDA:32,5,0,0
BRDA:32,5,1,0
BRDA:33,6,0,0
BRDA:33,6,1,0
BRDA:40,7,0,0
BRDA:40,7,1,0
BRDA:41,8,0,0
BRDA:41,8,1,0
BRDA:42,9,0,0
BRDA:42,9,1,0
BRF:20
BRH:0
end_of_record
TN:
SF:src/modules/wecom-intelligence/service/insight-v1-repository.service.ts
FN:24,confidenceToText
FN:29,saveInsightV1
FN:68,mapInsightV1Row
FN:106,findLatestInsightV1ByConversationId
FN:126,listInsightsV1
FN:155,(anonymous_5)
FN:158,findInsightV1ById
FNF:7
FNH:0
FNDA:0,confidenceToText
FNDA:0,saveInsightV1
FNDA:0,mapInsightV1Row
FNDA:0,findLatestInsightV1ByConversationId
FNDA:0,listInsightsV1
FNDA:0,(anonymous_5)
FNDA:0,findInsightV1ById
DA:1,1
DA:25,0
DA:26,0
DA:29,1
DA:30,0
DA:65,0
DA:69,0
DA:70,0
DA:72,0
DA:106,1
DA:107,0
DA:120,0
DA:121,0
DA:123,0
DA:126,1
DA:127,0
DA:128,0
DA:130,0
DA:131,0
DA:132,0
DA:134,0
DA:135,0
DA:136,0
DA:139,0
DA:140,0
DA:142,0
DA:155,0
DA:158,1
DA:159,0
DA:171,0
DA:172,0
DA:173,0
LF:32
LH:5
BRDA:25,0,0,0
BRDA:25,0,1,0
BRDA:25,1,0,0
BRDA:25,1,1,0
BRDA:25,1,2,0
BRDA:45,2,0,0
BRDA:45,2,1,0
BRDA:46,3,0,0
BRDA:46,3,1,0
BRDA:47,4,0,0
BRDA:47,4,1,0
BRDA:48,5,0,0
BRDA:48,5,1,0
BRDA:49,6,0,0
BRDA:49,6,1,0
BRDA:52,7,0,0
BRDA:52,7,1,0
BRDA:53,8,0,0
BRDA:53,8,1,0
BRDA:54,9,0,0
BRDA:54,9,1,0
BRDA:55,10,0,0
BRDA:55,10,1,0
BRDA:56,11,0,0
BRDA:56,11,1,0
BRDA:58,12,0,0
BRDA:58,12,1,0
BRDA:59,13,0,0
BRDA:59,13,1,0
BRDA:60,14,0,0
BRDA:60,14,1,0
BRDA:61,15,0,0
BRDA:61,15,1,0
BRDA:65,16,0,0
BRDA:65,16,1,0
BRDA:69,17,0,0
BRDA:69,17,1,0
BRDA:70,18,0,0
BRDA:70,18,1,0
BRDA:75,19,0,0
BRDA:75,19,1,0
BRDA:76,20,0,0
BRDA:76,20,1,0
BRDA:77,21,0,0
BRDA:77,21,1,0
BRDA:78,22,0,0
BRDA:78,22,1,0
BRDA:79,23,0,0
BRDA:79,23,1,0
BRDA:81,24,0,0
BRDA:81,24,1,0
BRDA:83,25,0,0
BRDA:83,25,1,0
BRDA:84,26,0,0
BRDA:84,26,1,0
BRDA:85,27,0,0
BRDA:85,27,1,0
BRDA:88,28,0,0
BRDA:88,28,1,0
BRDA:90,29,0,0
BRDA:90,29,1,0
BRDA:95,30,0,0
BRDA:95,30,1,0
BRDA:121,31,0,0
BRDA:121,31,1,0
BRDA:130,32,0,0
BRDA:130,32,1,0
BRDA:134,33,0,0
BRDA:134,33,1,0
BRDA:139,34,0,0
BRDA:139,34,1,0
BRDA:140,35,0,0
BRDA:140,35,1,0
BRDA:172,36,0,0
BRDA:172,36,1,0
BRF:75
BRH:0
end_of_record
TN:
SF:src/modules/wecom-intelligence/service/insight.service.ts
FN:18,resolveCustomerIdForConversation
FN:32,isUuidLike
FN:36,pickCustomerMessages
FN:37,(anonymous_3)
FN:40,buildSummary
FN:41,(anonymous_5)
FN:54,buildNeedPoints
FN:61,buildEvidenceMessageIds
FN:62,(anonymous_8)
FN:65,analyzeConversationMessages
FN:157,(anonymous_10)
FN:179,(anonymous_11)
FN:193,getLatestConversationInsight
FN:197,listWecomInsights
FN:205,getWecomInsightDetail
FNF:15
FNH:0
FNDA:0,resolveCustomerIdForConversation
FNDA:0,isUuidLike
FNDA:0,pickCustomerMessages
FNDA:0,(anonymous_3)
FNDA:0,buildSummary
FNDA:0,(anonymous_5)
FNDA:0,buildNeedPoints
FNDA:0,buildEvidenceMessageIds
FNDA:0,(anonymous_8)
FNDA:0,analyzeConversationMessages
FNDA:0,(anonymous_10)
FNDA:0,(anonymous_11)
FNDA:0,getLatestConversationInsight
FNDA:0,listWecomInsights
FNDA:0,getWecomInsightDetail
DA:1,1
DA:2,1
DA:3,1
DA:19,0
DA:21,0
DA:29,0
DA:33,0
DA:37,0
DA:41,0
DA:42,0
DA:46,0
DA:55,0
DA:56,0
DA:58,0
DA:62,0
DA:65,1
DA:74,0
DA:75,0
DA:77,0
DA:78,0
DA:80,0
DA:81,0
DA:82,0
DA:84,0
DA:85,0
DA:86,0
DA:89,0
DA:91,0
DA:100,0
DA:101,0
DA:102,0
DA:103,0
DA:104,0
DA:105,0
DA:106,0
DA:107,0
DA:108,0
DA:109,0
DA:115,0
DA:126,0
DA:137,0
DA:142,0
DA:144,0
DA:157,0
DA:165,0
DA:179,0
DA:193,1
DA:194,0
DA:197,1
DA:198,0
DA:205,1
DA:206,0
LF:52
LH:7
BRDA:19,0,0,0
BRDA:19,0,1,0
BRDA:29,1,0,0
BRDA:29,1,1,0
BRDA:33,2,0,0
BRDA:33,2,1,0
BRDA:37,3,0,0
BRDA:37,3,1,0
BRDA:42,4,0,0
BRDA:42,4,1,0
BRDA:48,5,0,0
BRDA:48,5,1,0
BRDA:49,6,0,0
BRDA:49,6,1,0
BRDA:50,7,0,0
BRDA:50,7,1,0
BRDA:56,8,0,0
BRDA:56,8,1,0
BRDA:75,9,0,0
BRDA:75,9,1,0
BRDA:80,10,0,0
BRDA:80,10,1,0
BRDA:84,11,0,0
BRDA:84,11,1,0
BRDA:89,12,0,0
BRDA:89,12,1,0
BRDA:102,13,0,0
BRDA:102,13,1,0
BRDA:103,14,0,0
BRDA:103,14,1,0
BRDA:110,15,0,0
BRDA:110,15,1,0
BRDA:111,16,0,0
BRDA:111,16,1,0
BRDA:115,17,0,0
BRDA:115,17,1,0
BRDA:122,18,0,0
BRDA:122,18,1,0
BRDA:126,19,0,0
BRDA:126,19,1,0
BRDA:138,20,0,0
BRDA:138,20,1,0
BRDA:139,21,0,0
BRDA:139,21,1,0
BRDA:158,22,0,0
BRDA:158,22,1,0
BRDA:180,23,0,0
BRDA:180,23,1,0
BRDA:199,24,0,0
BRDA:199,24,1,0
BRDA:200,25,0,0
BRDA:200,25,1,0
BRDA:201,26,0,0
BRDA:201,26,1,0
BRF:54
BRH:0
end_of_record
TN:
SF:src/modules/wecom-intelligence/service/mapping-audit-summary.service.ts
FN:4,getWecomMappingAuditSummaryService
FNF:1
FNH:0
FNDA:0,getWecomMappingAuditSummaryService
DA:1,1
DA:2,1
DA:4,1
DA:5,0
DA:6,0
DA:8,0
DA:9,0
DA:10,0
DA:13,0
DA:14,0
DA:15,0
DA:18,0
DA:19,0
DA:20,0
DA:23,0
DA:24,0
DA:25,0
DA:28,0
DA:29,0
DA:30,0
DA:33,0
DA:35,0
DA:36,0
DA:38,0
DA:91,0
LF:25
LH:3
BRDA:8,0,0,0
BRDA:8,0,1,0
BRDA:8,1,0,0
BRDA:8,1,1,0
BRDA:13,2,0,0
BRDA:13,2,1,0
BRDA:13,3,0,0
BRDA:13,3,1,0
BRDA:18,4,0,0
BRDA:18,4,1,0
BRDA:18,5,0,0
BRDA:18,5,1,0
BRDA:23,6,0,0
BRDA:23,6,1,0
BRDA:23,7,0,0
BRDA:23,7,1,0
BRDA:28,8,0,0
BRDA:28,8,1,0
BRDA:28,9,0,0
BRDA:28,9,1,0
BRDA:35,10,0,0
BRDA:35,10,1,0
BRDA:36,11,0,0
BRDA:36,11,1,0
BRDA:92,12,0,0
BRDA:92,12,1,0
BRF:26
BRH:0
end_of_record
TN:
SF:src/modules/wecom-intelligence/service/mapping-audit-time-preset.service.ts
FN:1,applyMappingAuditTimePreset
FNF:1
FNH:0
FNDA:0,applyMappingAuditTimePreset
DA:1,1
DA:2,0
DA:4,0
DA:5,0
DA:6,0
DA:7,0
DA:9,0
DA:10,0
DA:12,0
DA:13,0
DA:14,0
DA:15,0
DA:16,0
DA:17,0
DA:18,0
DA:19,0
DA:20,0
DA:21,0
DA:22,0
DA:23,0
DA:24,0
DA:25,0
DA:26,0
DA:29,0
DA:30,0
DA:31,0
DA:34,0
DA:35,0
DA:36,0
LF:29
LH:1
BRDA:2,0,0,0
BRDA:2,0,1,0
BRDA:2,1,0,0
BRDA:2,1,1,0
BRDA:12,2,0,0
BRDA:12,2,1,0
BRDA:14,3,0,0
BRDA:14,3,1,0
BRDA:16,4,0,0
BRDA:16,4,1,0
BRDA:18,5,0,0
BRDA:18,5,1,0
BRDA:22,6,0,0
BRDA:22,6,1,0
BRDA:25,7,0,0
BRDA:25,7,1,0
BRDA:29,8,0,0
BRDA:29,8,1,0
BRDA:34,9,0,0
BRDA:34,9,1,0
BRF:20
BRH:0
end_of_record
TN:
SF:src/modules/wecom-intelligence/service/mapping-audit.service.ts
FN:5,createWecomMappingAuditService
FN:44,listWecomMappingAuditService
FNF:2
FNH:0
FNDA:0,createWecomMappingAuditService
FNDA:0,listWecomMappingAuditService
DA:1,1
DA:2,1
DA:3,1
DA:5,1
DA:18,0
DA:44,1
DA:45,0
DA:46,0
DA:48,0
DA:49,0
DA:50,0
DA:53,0
DA:54,0
DA:55,0
DA:58,0
DA:59,0
DA:60,0
DA:63,0
DA:64,0
DA:65,0
DA:68,0
DA:69,0
DA:70,0
DA:73,0
DA:74,0
DA:75,0
DA:78,0
DA:79,0
DA:80,0
DA:83,0
DA:84,0
DA:85,0
DA:88,0
DA:90,0
DA:91,0
DA:93,0
DA:107,0
LF:37
LH:5
BRDA:31,0,0,0
BRDA:31,0,1,0
BRDA:33,1,0,0
BRDA:33,1,1,0
BRDA:34,2,0,0
BRDA:34,2,1,0
BRDA:35,3,0,0
BRDA:35,3,1,0
BRDA:36,4,0,0
BRDA:36,4,1,0
BRDA:37,5,0,0
BRDA:37,5,1,0
BRDA:38,6,0,0
BRDA:38,6,1,0
BRDA:39,7,0,0
BRDA:39,7,1,0
BRDA:39,8,0,0
BRDA:39,8,1,0
BRDA:48,9,0,0
BRDA:48,9,1,0
BRDA:48,10,0,0
BRDA:48,10,1,0
BRDA:53,11,0,0
BRDA:53,11,1,0
BRDA:53,12,0,0
BRDA:53,12,1,0
BRDA:58,13,0,0
BRDA:58,13,1,0
BRDA:58,14,0,0
BRDA:58,14,1,0
BRDA:63,15,0,0
BRDA:63,15,1,0
BRDA:63,16,0,0
BRDA:63,16,1,0
BRDA:68,17,0,0
BRDA:68,17,1,0
BRDA:68,18,0,0
BRDA:68,18,1,0
BRDA:73,19,0,0
BRDA:73,19,1,0
BRDA:73,20,0,0
BRDA:73,20,1,0
BRDA:78,21,0,0
BRDA:78,21,1,0
BRDA:78,22,0,0
BRDA:78,22,1,0
BRDA:83,23,0,0
BRDA:83,23,1,0
BRDA:83,24,0,0
BRDA:83,24,1,0
BRDA:90,25,0,0
BRDA:90,25,1,0
BRDA:91,26,0,0
BRDA:91,26,1,0
BRF:54
BRH:0
end_of_record
TN:
SF:src/modules/wecom-intelligence/service/mapping-governance-dashboard.service.ts
FN:4,getWecomMappingGovernanceDashboardService
FNF:1
FNH:0
FNDA:0,getWecomMappingGovernanceDashboardService
DA:1,1
DA:2,1
DA:4,1
DA:5,0
DA:6,0
DA:7,0
DA:12,0
LF:7
LH:3
BRDA:5,0,0,0
BRDA:5,0,1,0
BRDA:14,1,0,0
BRDA:14,1,1,0
BRDA:15,2,0,0
BRDA:15,2,1,0
BRDA:16,3,0,0
BRDA:16,3,1,0
BRF:8
BRH:0
end_of_record
TN:
SF:src/modules/wecom-intelligence/service/mapping-management.service.ts
FN:17,ensureConversationExists
FN:34,ensurePatientExists
FN:51,writeMappingEvent
FN:79,updateConversationMessagesToPatient
FN:104,listUnmappedWecomCustomersManagementService
FN:109,listConflictWecomCustomersManagementService
FN:114,confirmConversationPatientMappingService
FN:167,unconfirmConversationPatientMappingService
FN:231,reassignConversationPatientMappingService
FN:287,promoteConversationMappingToBindingService
FNF:10
FNH:0
FNDA:0,ensureConversationExists
FNDA:0,ensurePatientExists
FNDA:0,writeMappingEvent
FNDA:0,updateConversationMessagesToPatient
FNDA:0,listUnmappedWecomCustomersManagementService
FNDA:0,listConflictWecomCustomersManagementService
FNDA:0,confirmConversationPatientMappingService
FNDA:0,unconfirmConversationPatientMappingService
FNDA:0,reassignConversationPatientMappingService
FNDA:0,promoteConversationMappingToBindingService
DA:1,1
DA:2,1
DA:3,1
DA:4,1
DA:8,1
DA:12,1
DA:13,1
DA:15,1
DA:18,0
DA:26,0
DA:27,0
DA:28,0
DA:31,0
DA:35,0
DA:40,0
DA:41,0
DA:42,0
DA:45,0
DA:59,0
DA:80,0
DA:104,1
DA:105,0
DA:106,0
DA:109,1
DA:110,0
DA:111,0
DA:114,1
DA:120,0
DA:121,0
DA:123,0
DA:124,0
DA:126,0
DA:128,0
DA:142,0
DA:158,0
DA:167,1
DA:172,0
DA:174,0
DA:176,0
DA:194,0
DA:196,0
DA:208,0
DA:223,0
DA:231,1
DA:238,0
DA:239,0
DA:240,0
DA:242,0
DA:243,0
DA:245,0
DA:247,0
DA:261,0
DA:277,0
DA:287,1
DA:294,0
DA:295,0
DA:297,0
DA:298,0
DA:300,0
DA:301,0
DA:303,0
DA:306,0
DA:319,0
DA:321,0
DA:322,0
DA:328,0
DA:331,0
DA:332,0
DA:334,0
DA:350,0
DA:369,0
LF:71
LH:14
BRDA:27,0,0,0
BRDA:27,0,1,0
BRDA:41,1,0,0
BRDA:41,1,1,0
BRDA:70,2,0,0
BRDA:70,2,1,0
BRDA:99,3,0,0
BRDA:99,3,1,0
BRDA:105,4,0,0
BRDA:105,4,1,0
BRDA:110,5,0,0
BRDA:110,5,1,0
BRDA:137,6,0,0
BRDA:137,6,1,0
BRDA:138,7,0,0
BRDA:138,7,1,0
BRDA:146,8,0,0
BRDA:146,8,1,0
BRDA:150,9,0,0
BRDA:150,9,1,0
BRDA:151,10,0,0
BRDA:151,10,1,0
BRDA:154,11,0,0
BRDA:154,11,1,0
BRDA:188,12,0,0
BRDA:188,12,1,0
BRDA:189,13,0,0
BRDA:189,13,1,0
BRDA:203,14,0,0
BRDA:203,14,1,0
BRDA:204,15,0,0
BRDA:204,15,1,0
BRDA:212,16,0,0
BRDA:212,16,1,0
BRDA:216,17,0,0
BRDA:216,17,1,0
BRDA:217,18,0,0
BRDA:217,18,1,0
BRDA:219,19,0,0
BRDA:219,19,1,0
BRDA:226,20,0,0
BRDA:226,20,1,0
BRDA:240,21,0,0
BRDA:240,21,1,0
BRDA:240,21,2,0
BRDA:257,22,0,0
BRDA:257,22,1,0
BRDA:269,23,0,0
BRDA:269,23,1,0
BRDA:270,24,0,0
BRDA:270,24,1,0
BRDA:273,25,0,0
BRDA:273,25,1,0
BRDA:300,26,0,0
BRDA:300,26,1,0
BRDA:319,27,0,0
BRDA:319,27,1,0
BRDA:321,28,0,0
BRDA:321,28,1,0
BRDA:346,29,0,0
BRDA:346,29,1,0
BRDA:354,30,0,0
BRDA:354,30,1,0
BRDA:359,31,0,0
BRDA:359,31,1,0
BRDA:360,32,0,0
BRDA:360,32,1,0
BRDA:365,33,0,0
BRDA:365,33,1,0
BRF:69
BRH:0
end_of_record
TN:
SF:src/modules/wecom-intelligence/service/mapping-observe.service.ts
FN:3,listUnmappedWecomCustomersService
FN:32,(anonymous_1)
FN:43,listMappingConflictWecomCustomersService
FN:71,(anonymous_3)
FN:81,getWecomMappingSummaryService
FNF:5
FNH:0
FNDA:0,listUnmappedWecomCustomersService
FNDA:0,(anonymous_1)
FNDA:0,listMappingConflictWecomCustomersService
FNDA:0,(anonymous_3)
FNDA:0,getWecomMappingSummaryService
DA:1,1
DA:3,1
DA:4,0
DA:32,0
DA:43,1
DA:44,0
DA:71,0
DA:81,1
DA:82,0
DA:106,0
LF:10
LH:4
BRDA:3,0,0,0
BRDA:43,1,0,0
BRDA:108,2,0,0
BRDA:108,2,1,0
BRDA:109,3,0,0
BRDA:109,3,1,0
BRF:6
BRH:0
end_of_record
TN:
SF:src/modules/wecom-intelligence/service/mapping-state.service.ts
FN:5,refreshConversationMappingStateService
FNF:1
FNH:0
FNDA:0,refreshConversationMappingStateService
DA:1,1
DA:2,1
DA:3,1
DA:5,1
DA:6,0
DA:8,0
DA:9,0
DA:15,0
DA:16,0
DA:26,0
LF:10
LH:4
BRDA:8,0,0,0
BRDA:8,0,1,0
BRDA:9,1,0,0
BRDA:9,1,1,0
BRDA:9,2,0,0
BRDA:9,2,1,0
BRDA:11,3,0,0
BRDA:11,3,1,0
BRDA:11,4,0,0
BRDA:11,4,1,0
BRDA:15,5,0,0
BRDA:15,5,1,0
BRF:12
BRH:0
end_of_record
TN:
SF:src/modules/wecom-intelligence/service/message-intake.service.ts
FN:8,isWecomLocalBypassEnabled
FN:12,intakeWecomMessage
FN:78,(anonymous_2)
FN:93,triggerMessageAnalysis
FN:96,(anonymous_4)
FNF:5
FNH:0
FNDA:0,isWecomLocalBypassEnabled
FNDA:0,intakeWecomMessage
FNDA:0,(anonymous_2)
FNDA:0,triggerMessageAnalysis
FNDA:0,(anonymous_4)
DA:1,1
DA:2,1
DA:3,1
DA:4,1
DA:5,1
DA:6,1
DA:9,0
DA:12,1
DA:13,0
DA:15,0
DA:16,0
DA:27,0
DA:28,0
DA:29,0
DA:31,0
DA:41,0
DA:43,0
DA:44,0
DA:47,0
DA:76,0
DA:78,0
DA:79,0
DA:83,0
DA:94,0
DA:96,0
DA:98,0
DA:100,0
DA:101,0
DA:103,0
DA:106,0
LF:30
LH:7
BRDA:15,0,0,0
BRDA:15,0,1,0
BRDA:19,1,0,0
BRDA:19,1,1,0
BRDA:28,2,0,0
BRDA:28,2,1,0
BRDA:29,3,0,0
BRDA:29,3,1,0
BRDA:29,3,2,0
BRDA:33,4,0,0
BRDA:33,4,1,0
BRDA:43,5,0,0
BRDA:43,5,1,0
BRDA:64,6,0,0
BRDA:64,6,1,0
BRDA:70,7,0,0
BRDA:70,7,1,0
BRDA:71,8,0,0
BRDA:71,8,1,0
BRDA:76,9,0,0
BRDA:76,9,1,0
BRDA:76,10,0,0
BRDA:76,10,1,0
BRDA:86,11,0,0
BRDA:86,11,1,0
BRDA:100,12,0,0
BRDA:100,12,1,0
BRF:27
BRH:0
end_of_record
TN:
SF:src/modules/wecom-intelligence/service/message-normalize.service.ts
FN:36,buildConversationId
FN:40,normalizeWecomMessage
FNF:2
FNH:0
FNDA:0,buildConversationId
FNDA:0,normalizeWecomMessage
DA:1,1
DA:36,1
DA:37,0
DA:40,1
DA:41,0
LF:5
LH:3
BRDA:42,0,0,0
BRDA:42,0,1,0
BRDA:49,1,0,0
BRDA:49,1,1,0
BRDA:50,2,0,0
BRDA:50,2,1,0
BRDA:51,3,0,0
BRDA:51,3,1,0
BRDA:51,3,2,0
BRDA:52,4,0,0
BRDA:52,4,1,0
BRDA:52,4,2,0
BRDA:55,5,0,0
BRDA:55,5,1,0
BRF:14
BRH:0
end_of_record
TN:
SF:src/modules/wecom-intelligence/service/message-query.service.ts
FN:3,listWecomMessages
FNF:1
FNH:0
FNDA:0,listWecomMessages
DA:1,1
DA:3,1
DA:10,0
DA:11,0
DA:13,0
DA:14,0
DA:15,0
DA:17,0
DA:18,0
DA:19,0
DA:21,0
DA:22,0
DA:23,0
DA:25,0
DA:26,0
DA:27,0
DA:30,0
DA:31,0
DA:33,0
DA:43,0
LF:20
LH:2
BRDA:13,0,0,0
BRDA:13,0,1,0
BRDA:17,1,0,0
BRDA:17,1,1,0
BRDA:21,2,0,0
BRDA:21,2,1,0
BRDA:25,3,0,0
BRDA:25,3,1,0
BRDA:30,4,0,0
BRDA:30,4,1,0
BRDA:31,5,0,0
BRDA:31,5,1,0
BRF:12
BRH:0
end_of_record
TN:
SF:src/modules/wecom-intelligence/service/ops-dashboard.service.ts
FN:8,pickCount
FN:9,(anonymous_1)
FN:12,getWecomOpsSummaryService
FN:45,(anonymous_3)
FN:46,(anonymous_4)
FN:47,(anonymous_5)
FN:48,(anonymous_6)
FN:49,(anonymous_7)
FN:50,(anonymous_8)
FN:53,(anonymous_9)
FN:54,(anonymous_10)
FN:55,(anonymous_11)
FN:56,(anonymous_12)
FN:57,(anonymous_13)
FN:58,(anonymous_14)
FN:59,(anonymous_15)
FN:60,(anonymous_16)
FNF:17
FNH:0
FNDA:0,pickCount
FNDA:0,(anonymous_1)
FNDA:0,getWecomOpsSummaryService
FNDA:0,(anonymous_3)
FNDA:0,(anonymous_4)
FNDA:0,(anonymous_5)
FNDA:0,(anonymous_6)
FNDA:0,(anonymous_7)
FNDA:0,(anonymous_8)
FNDA:0,(anonymous_9)
FNDA:0,(anonymous_10)
FNDA:0,(anonymous_11)
FNDA:0,(anonymous_12)
FNDA:0,(anonymous_13)
FNDA:0,(anonymous_14)
FNDA:0,(anonymous_15)
FNDA:0,(anonymous_16)
DA:1,1
DA:2,1
DA:9,0
DA:12,1
DA:13,0
DA:39,0
DA:40,0
DA:41,0
DA:43,0
DA:45,0
DA:46,0
DA:47,0
DA:48,0
DA:49,0
DA:50,0
DA:53,0
DA:54,0
DA:55,0
DA:56,0
DA:57,0
DA:58,0
DA:59,0
DA:60,0
LF:23
LH:3
BRDA:9,0,0,0
BRDA:9,0,1,0
BRDA:53,1,0,0
BRDA:53,1,1,0
BRDA:54,2,0,0
BRDA:54,2,1,0
BRDA:55,3,0,0
BRDA:55,3,1,0
BRDA:56,4,0,0
BRDA:56,4,1,0
BRDA:57,5,0,0
BRDA:57,5,1,0
BRDA:58,6,0,0
BRDA:58,6,1,0
BRDA:58,7,0,0
BRDA:58,7,1,0
BRF:16
BRH:0
end_of_record
TN:
SF:src/modules/wecom-intelligence/service/patient-mapping.service.ts
FN:28,findPatientById
FN:47,findConversationPrimaryCustomer
FN:69,findBindingsByField
FN:80,(anonymous_3)
FN:86,dedupeCandidates
FN:96,lookupCustomerMapping
FN:168,resolvePatientIdByCustomerId
FNF:7
FNH:0
FNDA:0,findPatientById
FNDA:0,findConversationPrimaryCustomer
FNDA:0,findBindingsByField
FNDA:0,(anonymous_3)
FNDA:0,dedupeCandidates
FNDA:0,lookupCustomerMapping
FNDA:0,resolvePatientIdByCustomerId
DA:1,5
DA:29,0
DA:37,0
DA:38,0
DA:40,0
DA:48,0
DA:59,0
DA:60,0
DA:62,0
DA:70,0
DA:80,0
DA:87,0
DA:88,0
DA:89,0
DA:90,0
DA:93,0
DA:96,5
DA:97,0
DA:99,0
DA:100,0
DA:101,0
DA:102,0
DA:112,0
DA:113,0
DA:114,0
DA:115,0
DA:121,0
DA:122,0
DA:123,0
DA:131,0
DA:132,0
DA:140,0
DA:141,0
DA:142,0
DA:150,0
DA:151,0
DA:160,0
DA:168,5
DA:169,0
DA:170,0
DA:171,0
DA:174,0
LF:42
LH:3
BRDA:38,0,0,0
BRDA:38,0,1,0
BRDA:60,1,0,0
BRDA:60,1,1,0
BRDA:64,2,0,0
BRDA:64,2,1,0
BRDA:89,3,0,0
BRDA:89,3,1,0
BRDA:97,4,0,0
BRDA:97,4,1,0
BRDA:97,5,0,0
BRDA:97,5,1,0
BRDA:99,6,0,0
BRDA:99,6,1,0
BRDA:101,7,0,0
BRDA:101,7,1,0
BRDA:112,8,0,0
BRDA:112,8,1,0
BRDA:114,9,0,0
BRDA:114,9,1,0
BRDA:122,10,0,0
BRDA:122,10,1,0
BRDA:131,11,0,0
BRDA:131,11,1,0
BRDA:141,12,0,0
BRDA:141,12,1,0
BRDA:150,13,0,0
BRDA:150,13,1,0
BRDA:161,14,0,0
BRDA:161,14,1,0
BRDA:170,15,0,0
BRDA:170,15,1,0
BRDA:170,16,0,0
BRDA:170,16,1,0
BRF:34
BRH:0
end_of_record
TN:
SF:src/modules/wecom-intelligence/service/schema-capability.service.ts
FN:5,hasWecomConversationMappingColumns
FN:19,resetSchemaCapabilityCache
FNF:2
FNH:0
FNDA:0,hasWecomConversationMappingColumns
FNDA:0,resetSchemaCapabilityCache
DA:1,1
DA:3,1
DA:5,1
DA:6,0
DA:8,0
DA:15,0
DA:16,0
DA:19,1
DA:20,0
LF:9
LH:4
BRDA:6,0,0,0
BRDA:6,0,1,0
BRDA:15,1,0,0
BRDA:15,1,1,0
BRF:4
BRH:0
end_of_record
TN:
SF:src/modules/wecom-intelligence/service/wecom-crypto.service.ts
FN:21,ensureWecomSecurityConfig
FN:30,isValidWecomEncodingAesKey
FN:43,normalizeEncodingAesKey
FN:53,sha1Hex
FN:59,verifyWecomMsgSignature
FN:67,pkcs7Unpad
FN:75,pkcs7Pad
FN:83,readUInt32BE
FN:87,random16Bytes
FN:91,decryptWecomMessage
FN:119,encryptWecomMessage
FN:148,extractXmlValue
FN:159,parseSimpleXml
FN:167,buildEncryptedXml
FN:171,buildWecomSignature
FN:175,verifyWecomCallbackSignature
FNF:16
FNH:0
FNDA:0,ensureWecomSecurityConfig
FNDA:0,isValidWecomEncodingAesKey
FNDA:0,normalizeEncodingAesKey
FNDA:0,sha1Hex
FNDA:0,verifyWecomMsgSignature
FNDA:0,pkcs7Unpad
FNDA:0,pkcs7Pad
FNDA:0,readUInt32BE
FNDA:0,random16Bytes
FNDA:0,decryptWecomMessage
FNDA:0,encryptWecomMessage
FNDA:0,extractXmlValue
FNDA:0,parseSimpleXml
FNDA:0,buildEncryptedXml
FNDA:0,buildWecomSignature
FNDA:0,verifyWecomCallbackSignature
DA:1,1
DA:2,1
DA:3,1
DA:22,0
DA:23,0
DA:24,0
DA:25,0
DA:26,0
DA:30,1
DA:31,0
DA:32,0
DA:33,0
DA:35,0
DA:36,0
DA:37,0
DA:39,0
DA:44,0
DA:45,0
DA:46,0
DA:47,0
DA:48,0
DA:50,0
DA:54,0
DA:59,1
DA:60,0
DA:61,0
DA:63,0
DA:64,0
DA:68,0
DA:69,0
DA:70,0
DA:72,0
DA:76,0
DA:77,0
DA:78,0
DA:79,0
DA:80,0
DA:84,0
DA:88,0
DA:91,1
DA:92,0
DA:93,0
DA:94,0
DA:95,0
DA:96,0
DA:98,0
DA:99,0
DA:101,0
DA:106,0
DA:107,0
DA:108,0
DA:109,0
DA:110,0
DA:112,0
DA:113,0
DA:116,0
DA:119,1
DA:120,0
DA:121,0
DA:122,0
DA:123,0
DA:124,0
DA:125,0
DA:126,0
DA:127,0
DA:128,0
DA:130,0
DA:137,0
DA:138,0
DA:140,0
DA:145,0
DA:148,1
DA:149,0
DA:150,0
DA:151,0
DA:152,0
DA:153,0
DA:155,0
DA:156,0
DA:159,1
DA:160,0
DA:161,0
DA:162,0
DA:164,0
DA:167,1
DA:168,0
DA:171,1
DA:172,0
DA:175,1
DA:176,0
DA:177,0
DA:178,0
DA:181,0
DA:189,0
DA:190,0
DA:193,0
DA:194,0
LF:97
LH:12
BRDA:22,0,0,0
BRDA:22,0,1,0
BRDA:23,1,0,0
BRDA:23,1,1,0
BRDA:24,2,0,0
BRDA:24,2,1,0
BRDA:25,3,0,0
BRDA:25,3,1,0
BRDA:25,4,0,0
BRDA:25,4,1,0
BRDA:25,4,2,0
BRDA:32,5,0,0
BRDA:32,5,1,0
BRDA:32,6,0,0
BRDA:32,6,1,0
BRDA:36,7,0,0
BRDA:36,7,1,0
BRDA:45,8,0,0
BRDA:45,8,1,0
BRDA:47,9,0,0
BRDA:47,9,1,0
BRDA:60,10,0,0
BRDA:60,10,1,0
BRDA:69,11,0,0
BRDA:69,11,1,0
BRDA:69,12,0,0
BRDA:69,12,1,0
BRDA:78,13,0,0
BRDA:78,13,1,0
BRDA:93,14,0,0
BRDA:93,14,1,0
BRDA:94,15,0,0
BRDA:94,15,1,0
BRDA:112,16,0,0
BRDA:112,16,1,0
BRDA:121,17,0,0
BRDA:121,17,1,0
BRDA:122,18,0,0
BRDA:122,18,1,0
BRDA:152,19,0,0
BRDA:152,19,1,0
BRDA:156,20,0,0
BRDA:156,20,1,0
BRDA:177,21,0,0
BRDA:177,21,1,0
BRDA:177,22,0,0
BRDA:177,22,1,0
BRDA:177,22,2,0
BRDA:177,22,3,0
BRDA:189,23,0,0
BRDA:189,23,1,0
BRF:51
BRH:0
end_of_record
TN:
SF:src/modules/wecom-intelligence/service/wecom-event-automation.service.ts
FN:17,shouldAnalyzeConversation
FN:25,shouldGenerateActions
FN:32,shouldGenerateInsight
FN:42,shouldClosePendingActions
FN:52,resolveAutomationContext
FN:104,runWecomEventAutomation
FNF:6
FNH:0
FNDA:0,shouldAnalyzeConversation
FNDA:0,shouldGenerateActions
FNDA:0,shouldGenerateInsight
FNDA:0,shouldClosePendingActions
FNDA:0,resolveAutomationContext
FNDA:0,runWecomEventAutomation
DA:1,1
DA:2,1
DA:3,1
DA:4,1
DA:5,1
DA:18,0
DA:19,0
DA:20,0
DA:21,0
DA:22,0
DA:26,0
DA:27,0
DA:29,0
DA:33,0
DA:34,0
DA:36,0
DA:37,0
DA:39,0
DA:43,0
DA:44,0
DA:46,0
DA:47,0
DA:49,0
DA:53,0
DA:54,0
DA:61,0
DA:62,0
DA:63,0
DA:70,0
DA:71,0
DA:78,0
DA:79,0
DA:87,0
DA:88,0
DA:97,0
DA:104,1
DA:105,0
DA:106,0
DA:115,0
DA:122,0
DA:123,0
DA:125,0
DA:132,0
DA:136,0
DA:143,0
LF:45
LH:6
BRDA:18,0,0,0
BRDA:18,0,1,0
BRDA:18,1,0,0
BRDA:18,1,1,0
BRDA:19,2,0,0
BRDA:19,2,1,0
BRDA:20,3,0,0
BRDA:20,3,1,0
BRDA:21,4,0,0
BRDA:21,4,1,0
BRDA:26,5,0,0
BRDA:26,5,1,0
BRDA:26,6,0,0
BRDA:26,6,1,0
BRDA:33,7,0,0
BRDA:33,7,1,0
BRDA:33,8,0,0
BRDA:33,8,1,0
BRDA:36,9,0,0
BRDA:36,9,1,0
BRDA:36,10,0,0
BRDA:36,10,1,0
BRDA:43,11,0,0
BRDA:43,11,1,0
BRDA:43,12,0,0
BRDA:43,12,1,0
BRDA:46,13,0,0
BRDA:46,13,1,0
BRDA:46,14,0,0
BRDA:46,14,1,0
BRDA:53,15,0,0
BRDA:53,15,1,0
BRDA:61,16,0,0
BRDA:61,16,1,0
BRDA:62,17,0,0
BRDA:62,17,1,0
BRDA:70,18,0,0
BRDA:70,18,1,0
BRDA:78,19,0,0
BRDA:78,19,1,0
BRDA:87,20,0,0
BRDA:87,20,1,0
BRDA:91,21,0,0
BRDA:91,21,1,0
BRDA:100,22,0,0
BRDA:100,22,1,0
BRDA:105,23,0,0
BRDA:105,23,1,0
BRDA:115,24,0,0
BRDA:115,24,1,0
BRDA:122,25,0,0
BRDA:122,25,1,0
BRDA:125,26,0,0
BRDA:125,26,1,0
BRDA:125,27,0,0
BRDA:125,27,1,0
BRDA:128,28,0,0
BRDA:128,28,1,0
BRDA:132,29,0,0
BRDA:132,29,1,0
BRDA:132,30,0,0
BRDA:132,30,1,0
BRDA:136,31,0,0
BRDA:136,31,1,0
BRDA:136,32,0,0
BRDA:136,32,1,0
BRDA:147,33,0,0
BRDA:147,33,1,0
BRDA:147,34,0,0
BRDA:147,34,1,0
BRDA:149,35,0,0
BRDA:149,35,1,0
BRDA:149,36,0,0
BRDA:149,36,1,0
BRDA:151,37,0,0
BRDA:151,37,1,0
BRDA:153,38,0,0
BRDA:153,38,1,0
BRF:78
BRH:0
end_of_record
TN:
SF:src/modules/wecom-intelligence/service/wecom-webhook-observe.service.ts
FN:12,redact
FN:18,logWecomWebhookObserve
FN:29,buildWecomWebhookObserveContext
FNF:3
FNH:0
FNDA:0,redact
FNDA:0,logWecomWebhookObserve
FNDA:0,buildWecomWebhookObserveContext
DA:13,0
DA:14,0
DA:15,0
DA:18,1
DA:19,0
DA:26,0
DA:29,1
DA:34,0
DA:35,0
DA:37,0
LF:10
LH:2
BRDA:13,0,0,0
BRDA:13,0,1,0
BRDA:14,1,0,0
BRDA:14,1,1,0
BRDA:34,2,0,0
BRDA:34,2,1,0
BRDA:35,3,0,0
BRDA:35,3,1,0
BRDA:38,4,0,0
BRDA:38,4,1,0
BRDA:39,5,0,0
BRDA:39,5,1,0
BRDA:40,6,0,0
BRDA:40,6,1,0
BRDA:41,7,0,0
BRDA:41,7,1,0
BRDA:43,8,0,0
BRDA:43,8,1,0
BRDA:44,9,0,0
BRDA:44,9,1,0
BRDA:45,10,0,0
BRDA:45,10,1,0
BRDA:46,11,0,0
BRDA:46,11,1,0
BRDA:47,12,0,0
BRDA:47,12,1,0
BRDA:48,13,0,0
BRDA:48,13,1,0
BRDA:49,14,0,0
BRDA:49,14,1,0
BRDA:50,15,0,0
BRDA:50,15,1,0
BRDA:51,16,0,0
BRDA:51,16,1,0
BRF:34
BRH:0
end_of_record
TN:
SF:src/modules/wecom-intelligence/service/wecom-webhook.service.ts
FN:67,normalizeChatType
FN:75,normalizeIncomingTimestamp
FN:92,classifyWecomEvent
FN:140,normalizePlainWebhookPayload
FN:172,parseEncryptedXmlEnvelope
FN:180,normalizeDecryptedXmlPayload
FN:219,verifyWecomCallback
FN:231,normalizeWecomWebhookPayload
FNF:8
FNH:0
FNDA:0,normalizeChatType
FNDA:0,normalizeIncomingTimestamp
FNDA:0,classifyWecomEvent
FNDA:0,normalizePlainWebhookPayload
FNDA:0,parseEncryptedXmlEnvelope
FNDA:0,normalizeDecryptedXmlPayload
FNDA:0,verifyWecomCallback
FNDA:0,normalizeWecomWebhookPayload
DA:1,1
DA:2,1
DA:9,1
DA:41,1
DA:68,0
DA:69,0
DA:70,0
DA:72,0
DA:76,0
DA:77,0
DA:80,0
DA:81,0
DA:82,0
DA:85,0
DA:86,0
DA:87,0
DA:89,0
DA:93,0
DA:94,0
DA:101,0
DA:102,0
DA:109,0
DA:110,0
DA:117,0
DA:118,0
DA:125,0
DA:126,0
DA:133,0
DA:141,0
DA:142,0
DA:143,0
DA:145,0
DA:173,0
DA:181,0
DA:182,0
DA:183,0
DA:197,0
DA:219,1
DA:220,0
DA:221,0
DA:231,1
DA:232,0
DA:233,0
DA:236,0
DA:237,0
DA:238,0
DA:239,0
DA:240,0
DA:242,0
DA:243,0
DA:246,0
DA:254,0
DA:255,0
DA:258,0
DA:259,0
DA:262,0
DA:263,0
DA:264,0
DA:265,0
DA:268,0
DA:269,0
DA:270,0
DA:272,0
DA:273,0
DA:276,0
DA:284,0
DA:285,0
DA:288,0
DA:289,0
DA:292,0
LF:70
LH:6
BRDA:69,0,0,0
BRDA:69,0,1,0
BRDA:69,1,0,0
BRDA:69,1,1,0
BRDA:76,2,0,0
BRDA:76,2,1,0
BRDA:80,3,0,0
BRDA:80,3,1,0
BRDA:81,4,0,0
BRDA:81,4,1,0
BRDA:86,5,0,0
BRDA:86,5,1,0
BRDA:93,6,0,0
BRDA:93,6,1,0
BRDA:101,7,0,0
BRDA:101,7,1,0
BRDA:104,8,0,0
BRDA:104,8,1,0
BRDA:105,9,0,0
BRDA:105,9,1,0
BRDA:109,10,0,0
BRDA:109,10,1,0
BRDA:112,11,0,0
BRDA:112,11,1,0
BRDA:113,12,0,0
BRDA:113,12,1,0
BRDA:117,13,0,0
BRDA:117,13,1,0
BRDA:125,14,0,0
BRDA:125,14,1,0
BRDA:135,15,0,0
BRDA:135,15,1,0
BRDA:141,16,0,0
BRDA:141,16,1,0
BRDA:141,17,0,0
BRDA:141,17,1,0
BRDA:141,18,0,0
BRDA:141,18,1,0
BRDA:142,19,0,0
BRDA:142,19,1,0
BRDA:142,20,0,0
BRDA:142,20,1,0
BRDA:142,21,0,0
BRDA:142,21,1,0
BRDA:146,22,0,0
BRDA:146,22,1,0
BRDA:146,22,2,0
BRDA:146,22,3,0
BRDA:147,23,0,0
BRDA:147,23,1,0
BRDA:147,23,2,0
BRDA:147,23,3,0
BRDA:148,24,0,0
BRDA:148,24,1,0
BRDA:148,24,2,0
BRDA:149,25,0,0
BRDA:149,25,1,0
BRDA:149,25,2,0
BRDA:150,26,0,0
BRDA:150,26,1,0
BRDA:150,26,2,0
BRDA:150,26,3,0
BRDA:151,27,0,0
BRDA:151,27,1,0
BRDA:151,27,2,0
BRDA:151,27,3,0
BRDA:152,28,0,0
BRDA:152,28,1,0
BRDA:152,29,0,0
BRDA:152,29,1,0
BRDA:152,30,0,0
BRDA:152,30,1,0
BRDA:153,31,0,0
BRDA:153,31,1,0
BRDA:153,31,2,0
BRDA:154,32,0,0
BRDA:154,32,1,0
BRDA:154,32,2,0
BRDA:155,33,0,0
BRDA:155,33,1,0
BRDA:155,33,2,0
BRDA:158,34,0,0
BRDA:158,34,1,0
BRDA:158,35,0,0
BRDA:158,35,1,0
BRDA:158,36,0,0
BRDA:158,36,1,0
BRDA:162,37,0,0
BRDA:162,37,1,0
BRDA:165,38,0,0
BRDA:165,38,1,0
BRDA:165,39,0,0
BRDA:165,39,1,0
BRDA:165,40,0,0
BRDA:165,40,1,0
BRDA:166,41,0,0
BRDA:166,41,1,0
BRDA:166,42,0,0
BRDA:166,42,1,0
BRDA:166,43,0,0
BRDA:166,43,1,0
BRDA:167,44,0,0
BRDA:167,44,1,0
BRDA:167,45,0,0
BRDA:167,45,1,0
BRDA:167,46,0,0
BRDA:167,46,1,0
BRDA:182,47,0,0
BRDA:182,47,1,0
BRDA:182,48,0,0
BRDA:182,48,1,0
BRDA:183,49,0,0
BRDA:183,49,1,0
BRDA:184,50,0,0
BRDA:184,50,1,0
BRDA:185,51,0,0
BRDA:185,51,1,0
BRDA:186,52,0,0
BRDA:186,52,1,0
BRDA:187,53,0,0
BRDA:187,53,1,0
BRDA:188,54,0,0
BRDA:188,54,1,0
BRDA:189,55,0,0
BRDA:189,55,1,0
BRDA:190,56,0,0
BRDA:190,56,1,0
BRDA:191,57,0,0
BRDA:191,57,1,0
BRDA:192,58,0,0
BRDA:192,58,1,0
BRDA:193,59,0,0
BRDA:193,59,1,0
BRDA:194,60,0,0
BRDA:194,60,1,0
BRDA:198,61,0,0
BRDA:198,61,1,0
BRDA:198,62,0,0
BRDA:198,62,1,0
BRDA:198,63,0,0
BRDA:198,63,1,0
BRDA:199,64,0,0
BRDA:199,64,1,0
BRDA:199,64,2,0
BRDA:199,64,3,0
BRDA:200,65,0,0
BRDA:200,65,1,0
BRDA:201,66,0,0
BRDA:201,66,1,0
BRDA:202,67,0,0
BRDA:202,67,1,0
BRDA:202,67,2,0
BRDA:202,67,3,0
BRDA:203,68,0,0
BRDA:203,68,1,0
BRDA:204,69,0,0
BRDA:204,69,1,0
BRDA:205,70,0,0
BRDA:205,70,1,0
BRDA:205,71,0,0
BRDA:205,71,1,0
BRDA:206,72,0,0
BRDA:206,72,1,0
BRDA:206,72,2,0
BRDA:206,72,3,0
BRDA:207,73,0,0
BRDA:207,73,1,0
BRDA:207,73,2,0
BRDA:208,74,0,0
BRDA:208,74,1,0
BRDA:209,75,0,0
BRDA:209,75,1,0
BRDA:210,76,0,0
BRDA:210,76,1,0
BRDA:224,77,0,0
BRDA:224,77,1,0
BRDA:225,78,0,0
BRDA:225,78,1,0
BRDA:226,79,0,0
BRDA:226,79,1,0
BRDA:232,80,0,0
BRDA:232,80,1,0
BRDA:232,81,0,0
BRDA:232,81,1,0
BRDA:236,82,0,0
BRDA:236,82,1,0
BRDA:236,83,0,0
BRDA:236,83,1,0
BRDA:237,84,0,0
BRDA:237,84,1,0
BRDA:237,84,2,0
BRDA:238,85,0,0
BRDA:238,85,1,0
BRDA:239,86,0,0
BRDA:239,86,1,0
BRDA:240,87,0,0
BRDA:240,87,1,0
BRDA:242,88,0,0
BRDA:242,88,1,0
BRDA:242,89,0,0
BRDA:242,89,1,0
BRDA:242,89,2,0
BRDA:254,90,0,0
BRDA:254,90,1,0
BRDA:262,91,0,0
BRDA:262,91,1,0
BRDA:262,92,0,0
BRDA:262,92,1,0
BRDA:264,93,0,0
BRDA:264,93,1,0
BRDA:268,94,0,0
BRDA:268,94,1,0
BRDA:269,95,0,0
BRDA:269,95,1,0
BRDA:270,96,0,0
BRDA:270,96,1,0
BRDA:272,97,0,0
BRDA:272,97,1,0
BRDA:272,98,0,0
BRDA:272,98,1,0
BRDA:272,98,2,0
BRDA:284,99,0,0
BRDA:284,99,1,0
BRF:223
BRH:0
end_of_record
TN:
SF:src/modules/wecom-intelligence/service/workbench-trial-bootstrap.service.ts
FN:14,ensureWorkbenchV1TrialSample
FNF:1
FNH:0
FNDA:0,ensureWorkbenchV1TrialSample
DA:1,1
DA:2,1
DA:4,1
DA:14,1
DA:16,0
DA:23,0
DA:38,0
DA:52,0
DA:54,0
DA:55,0
DA:62,0
DA:65,0
LF:12
LH:4
BRDA:52,0,0,0
BRDA:52,0,1,0
BRDA:54,1,0,0
BRDA:54,1,1,0
BRF:4
BRH:0
end_of_record
TN:
SF:src/shared/constants/error-codes.ts
FNF:0
FNH:0
DA:1,1
LF:1
LH:1
BRF:0
BRH:0
end_of_record
TN:
SF:src/shared/errors/app-error.ts
FN:2,(anonymous_0)
FNF:1
FNH:1
FNDA:4,(anonymous_0)
DA:1,2
DA:3,4
DA:4,4
DA:7,4
LF:4
LH:4
BRF:0
BRH:0
end_of_record
TN:
SF:src/shared/middleware/auth.guard.ts
FN:7,authGuard
FNF:1
FNH:0
FNDA:0,authGuard
DA:8,0
DA:9,0
DA:10,0
DA:13,0
DA:16,0
DA:18,0
DA:19,0
DA:22,0
DA:23,0
DA:27,0
DA:28,0
DA:29,0
DA:31,0
LF:13
LH:0
BRDA:9,0,0,0
BRDA:9,0,1,0
BRDA:16,1,0,0
BRDA:16,1,1,0
BRDA:18,2,0,0
BRDA:18,2,1,0
BRDA:22,3,0,0
BRDA:22,3,1,0
BRF:8
BRH:0
end_of_record
TN:
SF:src/shared/middleware/error-handler.ts
FN:6,errorHandler
FNF:1
FNH:0
FNDA:0,errorHandler
DA:7,0
DA:14,0
DA:15,0
DA:22,0
DA:25,0
DA:29,0
DA:30,0
LF:7
LH:0
BRDA:14,0,0,0
BRDA:14,0,1,0
BRDA:27,1,0,0
BRDA:27,1,1,0
BRF:4
BRH:0
end_of_record
TN:
SF:src/shared/middleware/not-found.ts
FN:5,notFoundHandler
FNF:1
FNH:0
FNDA:0,notFoundHandler
DA:6,0
LF:1
LH:0
BRF:0
BRH:0
end_of_record
TN:
SF:src/shared/middleware/response-formatter.ts
FN:31,responseFormatter
FN:40,(anonymous_1)
FN:52,(anonymous_2)
FN:70,(anonymous_3)
FN:94,(anonymous_4)
FN:110,errorHandler
FN:187,notFoundHandler
FNF:7
FNH:0
FNDA:0,responseFormatter
FNDA:0,(anonymous_1)
FNDA:0,(anonymous_2)
FNDA:0,(anonymous_3)
FNDA:0,(anonymous_4)
FNDA:0,errorHandler
FNDA:0,notFoundHandler
DA:32,0
DA:33,0
DA:36,0
DA:37,0
DA:40,0
DA:41,0
DA:49,0
DA:52,0
DA:53,0
DA:65,0
DA:69,0
DA:70,0
DA:72,0
DA:73,0
DA:81,0
DA:89,0
DA:93,0
DA:94,0
DA:96,0
DA:97,0
DA:100,0
DA:103,0
DA:112,0
DA:113,0
DA:116,0
DA:119,0
DA:120,0
DA:121,0
DA:122,0
DA:125,0
DA:127,0
DA:128,0
DA:129,0
DA:130,0
DA:131,0
DA:133,0
DA:134,0
DA:135,0
DA:136,0
DA:138,0
DA:139,0
DA:140,0
DA:141,0
DA:142,0
DA:144,0
DA:145,0
DA:146,0
DA:147,0
DA:148,0
DA:150,0
DA:151,0
DA:152,0
DA:153,0
DA:154,0
DA:156,0
DA:160,0
DA:169,0
DA:181,0
DA:188,0
DA:190,0
DA:201,0
LF:61
LH:0
BRDA:32,0,0,0
BRDA:32,0,1,0
BRDA:40,1,0,0
BRDA:52,2,0,0
BRDA:72,3,0,0
BRDA:72,3,1,0
BRDA:72,4,0,0
BRDA:72,4,1,0
BRDA:72,4,2,0
BRDA:96,5,0,0
BRDA:96,5,1,0
BRDA:96,6,0,0
BRDA:96,6,1,0
BRDA:112,7,0,0
BRDA:112,7,1,0
BRDA:116,8,0,0
BRDA:116,8,1,0
BRDA:125,9,0,0
BRDA:125,9,1,0
BRDA:125,10,0,0
BRDA:125,10,1,0
BRDA:125,10,2,0
BRDA:131,11,0,0
BRDA:131,11,1,0
BRDA:131,12,0,0
BRDA:131,12,1,0
BRDA:136,13,0,0
BRDA:136,13,1,0
BRDA:141,14,0,0
BRDA:141,14,1,0
BRDA:142,15,0,0
BRDA:142,15,1,0
BRDA:148,16,0,0
BRDA:148,16,1,0
BRDA:154,17,0,0
BRDA:154,17,1,0
BRDA:165,18,0,0
BRDA:165,18,1,0
BRDA:188,19,0,0
BRDA:188,19,1,0
BRF:40
BRH:0
end_of_record
TN:
SF:src/shared/repositories/base.repository.ts
FN:10,(anonymous_0)
FN:17,(anonymous_1)
FN:28,(anonymous_2)
FN:39,(anonymous_3)
FN:53,(anonymous_4)
FNF:5
FNH:0
FNDA:0,(anonymous_0)
FNDA:0,(anonymous_1)
FNDA:0,(anonymous_2)
FNDA:0,(anonymous_3)
FNDA:0,(anonymous_4)
DA:11,0
DA:21,0
DA:22,0
DA:32,0
DA:33,0
DA:43,0
DA:44,0
DA:57,0
DA:58,0
LF:9
LH:0
BRDA:19,0,0,0
BRDA:22,1,0,0
BRDA:22,1,1,0
BRDA:30,2,0,0
BRDA:41,3,0,0
BRDA:46,4,0,0
BRDA:46,4,1,0
BRDA:55,5,0,0
BRDA:58,6,0,0
BRDA:58,6,1,0
BRF:10
BRH:0
end_of_record
TN:
SF:src/shared/utils/http.ts
FN:3,ok
FN:7,created
FN:11,fail
FNF:3
FNH:1
FNDA:5,ok
FNDA:0,created
FNDA:0,fail
DA:3,1
DA:4,5
DA:7,1
DA:8,0
DA:11,1
DA:12,0
LF:6
LH:4
BRF:0
BRH:0
end_of_record
TN:
SF:src/shared/utils/validators.ts
FN:4,requireString
FN:11,requireEnum
FN:19,requireNumberLike
FNF:3
FNH:0
FNDA:0,requireString
FNDA:0,requireEnum
FNDA:0,requireNumberLike
DA:1,1
DA:2,1
DA:4,1
DA:5,0
DA:6,0
DA:8,0
DA:11,1
DA:12,0
DA:13,0
DA:14,0
DA:16,0
DA:19,1
DA:20,0
DA:21,0
DA:22,0
DA:24,0
LF:16
LH:5
BRDA:5,0,0,0
BRDA:5,0,1,0
BRDA:5,1,0,0
BRDA:5,1,1,0
BRDA:13,2,0,0
BRDA:13,2,1,0
BRDA:21,3,0,0
BRDA:21,3,1,0
BRF:8
BRH:0
end_of_record
